<?xml version="1.0" encoding="utf-8"?>
<test-run id="2" testcasecount="301" result="Failed(Child)" total="301" passed="291" failed="10" inconclusive="0" skipped="0" asserts="0" engine-version="3.5.0.0" clr-version="4.0.30319.42000" start-time="2026-03-19 09:36:17Z" end-time="2026-03-19 09:36:19Z" duration="1.3155716">
  <test-suite type="TestSuite" id="1000" name="AreaTargetTest" fullname="AreaTargetTest" runstate="Runnable" testcasecount="301" result="Failed" site="Child" start-time="2026-03-19 09:36:17Z" end-time="2026-03-19 09:36:19Z" duration="1.315572" total="301" passed="291" failed="10" inconclusive="0" skipped="0" asserts="0">
    <properties>
      <property name="platform" value="EditMode" />
    </properties>
    <failure>
      <message><![CDATA[One or more child tests had errors]]></message>
    </failure>
    <test-suite type="Assembly" id="1320" name="AreaTargetPlugin.Tests.dll" fullname="/Users/geek/Project/point/unity_project/Library/ScriptAssemblies/AreaTargetPlugin.Tests.dll" runstate="Runnable" testcasecount="301" result="Failed" site="Child" start-time="2026-03-19 09:36:17Z" end-time="2026-03-19 09:36:19Z" duration="1.307372" total="301" passed="291" failed="10" inconclusive="0" skipped="0" asserts="0">
      <properties>
        <property name="_PID" value="78142" />
        <property name="_APPDOMAIN" value="Unity Child Domain" />
        <property name="platform" value="EditMode" />
        <property name="EditorOnly" value="True" />
      </properties>
      <failure>
        <message><![CDATA[One or more child tests had errors]]></message>
      </failure>
      <test-suite type="TestSuite" id="1321" name="AreaTargetPlugin" fullname="AreaTargetPlugin" runstate="Runnable" testcasecount="301" result="Failed" site="Child" start-time="2026-03-19 09:36:17Z" end-time="2026-03-19 09:36:19Z" duration="1.305635" total="301" passed="291" failed="10" inconclusive="0" skipped="0" asserts="0">
        <properties />
        <failure>
          <message><![CDATA[One or more child tests had errors]]></message>
        </failure>
        <test-suite type="TestSuite" id="1322" name="Tests" fullname="AreaTargetPlugin.Tests" runstate="Runnable" testcasecount="301" result="Failed" site="Child" start-time="2026-03-19 09:36:17Z" end-time="2026-03-19 09:36:19Z" duration="1.303786" total="301" passed="291" failed="10" inconclusive="0" skipped="0" asserts="0">
          <properties />
          <failure>
            <message><![CDATA[One or more child tests had errors]]></message>
          </failure>
          <test-suite type="TestFixture" id="1001" name="AreaTargetTrackerInitTests" fullname="AreaTargetPlugin.Tests.AreaTargetTrackerInitTests" classname="AreaTargetPlugin.Tests.AreaTargetTrackerInitTests" runstate="Runnable" testcasecount="8" result="Failed" site="Child" start-time="2026-03-19 09:36:17Z" end-time="2026-03-19 09:36:17Z" duration="0.042649" total="8" passed="2" failed="6" inconclusive="0" skipped="0" asserts="0">
            <properties />
            <failure>
              <message><![CDATA[One or more child tests had errors]]></message>
            </failure>
            <test-case id="1008" name="Initialize_AfterDispose_ReturnsFalse" fullname="AreaTargetPlugin.Tests.AreaTargetTrackerInitTests.Initialize_AfterDispose_ReturnsFalse" methodname="Initialize_AfterDispose_ReturnsFalse" classname="AreaTargetPlugin.Tests.AreaTargetTrackerInitTests" runstate="Runnable" seed="1258173241" result="Passed" start-time="2026-03-19 09:36:17Z" end-time="2026-03-19 09:36:17Z" duration="0.013426" asserts="0">
              <properties>
                <property name="retryIteration" value="0" />
                <property name="repeatIteration" value="0" />
              </properties>
              <output><![CDATA[
IgnoreFailingMessages:true
[AreaTargetPlugin] Tracker disposed.
[AreaTargetPlugin] Cannot initialize a disposed tracker.
]]></output>
            </test-case>
            <test-case id="1006" name="Initialize_CorruptManifest_ReturnsFalse" fullname="AreaTargetPlugin.Tests.AreaTargetTrackerInitTests.Initialize_CorruptManifest_ReturnsFalse" methodname="Initialize_CorruptManifest_ReturnsFalse" classname="AreaTargetPlugin.Tests.AreaTargetTrackerInitTests" runstate="Runnable" seed="1636363522" result="Failed" start-time="2026-03-19 09:36:17Z" end-time="2026-03-19 09:36:17Z" duration="0.003513" asserts="0">
              <properties>
                <property name="retryIteration" value="0" />
                <property name="repeatIteration" value="0" />
              </properties>
              <failure>
                <message><![CDATA[Unhandled log message: '[Error] [AreaTargetPlugin] Initialization failed: Failed to parse manifest.json: JSON parse error: Invalid value.'. Use UnityEngine.TestTools.LogAssert.Expect]]></message>
                <stack-trace><![CDATA[AreaTargetPlugin.AreaTargetTracker:Initialize (string) (at /Users/geek/Project/point/unity_plugin/AreaTargetPlugin/Runtime/AreaTargetTracker.cs:44)
AreaTargetPlugin.Tests.AreaTargetTrackerInitTests:Initialize_CorruptManifest_ReturnsFalse () (at /Users/geek/Project/point/unity_plugin/AreaTargetPlugin/Tests/AreaTargetTrackerInitTests.cs:107)
System.Reflection.MethodBase:Invoke (object,object[])
NUnit.Framework.Internal.Reflect:InvokeMethod (System.Reflection.MethodInfo,object,object[])
NUnit.Framework.Internal.MethodWrapper:Invoke (object,object[])
NUnit.Framework.Internal.Commands.TestMethodCommand:RunNonAsyncTestMethod (NUnit.Framework.Internal.ITestExecutionContext)
NUnit.Framework.Internal.Commands.TestMethodCommand:RunTestMethod (NUnit.Framework.Internal.ITestExecutionContext)
NUnit.Framework.Internal.Commands.TestMethodCommand:Execute (NUnit.Framework.Internal.ITestExecutionContext)
UnityEditor.EditorApplication:Internal_CallUpdateFunctions () (at /Users/bokken/build/output/unity/unity/Editor/Mono/EditorApplication.cs:392)

]]></stack-trace>
              </failure>
              <output><![CDATA[
IgnoreFailingMessages:true
[AreaTargetPlugin] Failed to parse manifest.json: JSON parse error: Invalid value.
[AreaTargetPlugin] Initialization failed: Failed to parse manifest.json: JSON parse error: Invalid value.
[AreaTargetPlugin] Tracker disposed.
]]></output>
            </test-case>
            <test-case id="1007" name="Initialize_IncompatibleVersion_ReturnsFalse" fullname="AreaTargetPlugin.Tests.AreaTargetTrackerInitTests.Initialize_IncompatibleVersion_ReturnsFalse" methodname="Initialize_IncompatibleVersion_ReturnsFalse" classname="AreaTargetPlugin.Tests.AreaTargetTrackerInitTests" runstate="Runnable" seed="251750296" result="Failed" start-time="2026-03-19 09:36:17Z" end-time="2026-03-19 09:36:17Z" duration="0.002516" asserts="0">
              <properties>
                <property name="retryIteration" value="0" />
                <property name="repeatIteration" value="0" />
              </properties>
              <failure>
                <message><![CDATA[Unhandled log message: '[Error] [AreaTargetPlugin] Initialization failed: Incompatible asset version: 99.0 (supported: 2.0).'. Use UnityEngine.TestTools.LogAssert.Expect]]></message>
                <stack-trace><![CDATA[AreaTargetPlugin.AreaTargetTracker:Initialize (string) (at /Users/geek/Project/point/unity_plugin/AreaTargetPlugin/Runtime/AreaTargetTracker.cs:44)
AreaTargetPlugin.Tests.AreaTargetTrackerInitTests:Initialize_IncompatibleVersion_ReturnsFalse () (at /Users/geek/Project/point/unity_plugin/AreaTargetPlugin/Tests/AreaTargetTrackerInitTests.cs:130)
System.Reflection.MethodBase:Invoke (object,object[])
NUnit.Framework.Internal.Reflect:InvokeMethod (System.Reflection.MethodInfo,object,object[])
NUnit.Framework.Internal.MethodWrapper:Invoke (object,object[])
NUnit.Framework.Internal.Commands.TestMethodCommand:RunNonAsyncTestMethod (NUnit.Framework.Internal.ITestExecutionContext)
NUnit.Framework.Internal.Commands.TestMethodCommand:RunTestMethod (NUnit.Framework.Internal.ITestExecutionContext)
NUnit.Framework.Internal.Commands.TestMethodCommand:Execute (NUnit.Framework.Internal.ITestExecutionContext)
UnityEditor.EditorApplication:Internal_CallUpdateFunctions () (at /Users/bokken/build/output/unity/unity/Editor/Mono/EditorApplication.cs:392)

]]></stack-trace>
              </failure>
              <output><![CDATA[
IgnoreFailingMessages:true
[AreaTargetPlugin] Incompatible asset version: 99.0 (supported: 2.0).
[AreaTargetPlugin] Initialization failed: Incompatible asset version: 99.0 (supported: 2.0).
[AreaTargetPlugin] Tracker disposed.
]]></output>
            </test-case>
            <test-case id="1004" name="Initialize_InvalidPath_ReturnsFalse" fullname="AreaTargetPlugin.Tests.AreaTargetTrackerInitTests.Initialize_InvalidPath_ReturnsFalse" methodname="Initialize_InvalidPath_ReturnsFalse" classname="AreaTargetPlugin.Tests.AreaTargetTrackerInitTests" runstate="Runnable" seed="2129782290" result="Failed" start-time="2026-03-19 09:36:17Z" end-time="2026-03-19 09:36:17Z" duration="0.001598" asserts="0">
              <properties>
                <property name="retryIteration" value="0" />
                <property name="repeatIteration" value="0" />
              </properties>
              <failure>
                <message><![CDATA[Unhandled log message: '[Error] [AreaTargetPlugin] Initialization failed: Asset directory does not exist: /nonexistent/path'. Use UnityEngine.TestTools.LogAssert.Expect]]></message>
                <stack-trace><![CDATA[AreaTargetPlugin.AreaTargetTracker:Initialize (string) (at /Users/geek/Project/point/unity_plugin/AreaTargetPlugin/Runtime/AreaTargetTracker.cs:44)
AreaTargetPlugin.Tests.AreaTargetTrackerInitTests:Initialize_InvalidPath_ReturnsFalse () (at /Users/geek/Project/point/unity_plugin/AreaTargetPlugin/Tests/AreaTargetTrackerInitTests.cs:81)
System.Reflection.MethodBase:Invoke (object,object[])
NUnit.Framework.Internal.Reflect:InvokeMethod (System.Reflection.MethodInfo,object,object[])
NUnit.Framework.Internal.MethodWrapper:Invoke (object,object[])
NUnit.Framework.Internal.Commands.TestMethodCommand:RunNonAsyncTestMethod (NUnit.Framework.Internal.ITestExecutionContext)
NUnit.Framework.Internal.Commands.TestMethodCommand:RunTestMethod (NUnit.Framework.Internal.ITestExecutionContext)
NUnit.Framework.Internal.Commands.TestMethodCommand:Execute (NUnit.Framework.Internal.ITestExecutionContext)
UnityEditor.EditorApplication:Internal_CallUpdateFunctions () (at /Users/bokken/build/output/unity/unity/Editor/Mono/EditorApplication.cs:392)

]]></stack-trace>
              </failure>
              <output><![CDATA[
IgnoreFailingMessages:true
[AreaTargetPlugin] Asset directory does not exist: /nonexistent/path
[AreaTargetPlugin] Initialization failed: Asset directory does not exist: /nonexistent/path
[AreaTargetPlugin] Tracker disposed.
]]></output>
            </test-case>
            <test-case id="1005" name="Initialize_NullPath_ReturnsFalse" fullname="AreaTargetPlugin.Tests.AreaTargetTrackerInitTests.Initialize_NullPath_ReturnsFalse" methodname="Initialize_NullPath_ReturnsFalse" classname="AreaTargetPlugin.Tests.AreaTargetTrackerInitTests" runstate="Runnable" seed="7741825" result="Failed" start-time="2026-03-19 09:36:17Z" end-time="2026-03-19 09:36:17Z" duration="0.001387" asserts="0">
              <properties>
                <property name="retryIteration" value="0" />
                <property name="repeatIteration" value="0" />
              </properties>
              <failure>
                <message><![CDATA[Unhandled log message: '[Error] [AreaTargetPlugin] Initialization failed: Asset path is null or empty.'. Use UnityEngine.TestTools.LogAssert.Expect]]></message>
                <stack-trace><![CDATA[AreaTargetPlugin.AreaTargetTracker:Initialize (string) (at /Users/geek/Project/point/unity_plugin/AreaTargetPlugin/Runtime/AreaTargetTracker.cs:44)
AreaTargetPlugin.Tests.AreaTargetTrackerInitTests:Initialize_NullPath_ReturnsFalse () (at /Users/geek/Project/point/unity_plugin/AreaTargetPlugin/Tests/AreaTargetTrackerInitTests.cs:93)
System.Reflection.MethodBase:Invoke (object,object[])
NUnit.Framework.Internal.Reflect:InvokeMethod (System.Reflection.MethodInfo,object,object[])
NUnit.Framework.Internal.MethodWrapper:Invoke (object,object[])
NUnit.Framework.Internal.Commands.TestMethodCommand:RunNonAsyncTestMethod (NUnit.Framework.Internal.ITestExecutionContext)
NUnit.Framework.Internal.Commands.TestMethodCommand:RunTestMethod (NUnit.Framework.Internal.ITestExecutionContext)
NUnit.Framework.Internal.Commands.TestMethodCommand:Execute (NUnit.Framework.Internal.ITestExecutionContext)
UnityEditor.EditorApplication:Internal_CallUpdateFunctions () (at /Users/bokken/build/output/unity/unity/Editor/Mono/EditorApplication.cs:392)

]]></stack-trace>
              </failure>
              <output><![CDATA[
IgnoreFailingMessages:true
[AreaTargetPlugin] Asset path is null or empty.
[AreaTargetPlugin] Initialization failed: Asset path is null or empty.
[AreaTargetPlugin] Tracker disposed.
]]></output>
            </test-case>
            <test-case id="1002" name="Initialize_ValidAsset_ReturnsTrue" fullname="AreaTargetPlugin.Tests.AreaTargetTrackerInitTests.Initialize_ValidAsset_ReturnsTrue" methodname="Initialize_ValidAsset_ReturnsTrue" classname="AreaTargetPlugin.Tests.AreaTargetTrackerInitTests" runstate="Runnable" seed="491934570" result="Failed" start-time="2026-03-19 09:36:17Z" end-time="2026-03-19 09:36:17Z" duration="0.004376" asserts="0">
              <properties>
                <property name="retryIteration" value="0" />
                <property name="repeatIteration" value="0" />
              </properties>
              <failure>
                <message><![CDATA[  Expected: True
  But was:  False
]]></message>
                <stack-trace><![CDATA[at AreaTargetPlugin.Tests.AreaTargetTrackerInitTests.Initialize_ValidAsset_ReturnsTrue () [0x00013] in /Users/geek/Project/point/unity_plugin/AreaTargetPlugin/Tests/AreaTargetTrackerInitTests.cs:58
]]></stack-trace>
              </failure>
              <output><![CDATA[
IgnoreFailingMessages:true
[AreaTargetPlugin] Incompatible asset version: 1.0 (supported: 2.0).
[AreaTargetPlugin] Initialization failed: Incompatible asset version: 1.0 (supported: 2.0).
]]></output>
            </test-case>
            <test-case id="1003" name="Initialize_ValidAsset_SetsStateToInitializing" fullname="AreaTargetPlugin.Tests.AreaTargetTrackerInitTests.Initialize_ValidAsset_SetsStateToInitializing" methodname="Initialize_ValidAsset_SetsStateToInitializing" classname="AreaTargetPlugin.Tests.AreaTargetTrackerInitTests" runstate="Runnable" seed="1948710613" result="Failed" start-time="2026-03-19 09:36:17Z" end-time="2026-03-19 09:36:17Z" duration="0.004895" asserts="0">
              <properties>
                <property name="retryIteration" value="0" />
                <property name="repeatIteration" value="0" />
              </properties>
              <failure>
                <message><![CDATA[Unhandled log message: '[Error] [AreaTargetPlugin] Initialization failed: Incompatible asset version: 1.0 (supported: 2.0).'. Use UnityEngine.TestTools.LogAssert.Expect]]></message>
                <stack-trace><![CDATA[AreaTargetPlugin.AreaTargetTracker:Initialize (string) (at /Users/geek/Project/point/unity_plugin/AreaTargetPlugin/Runtime/AreaTargetTracker.cs:44)
AreaTargetPlugin.Tests.AreaTargetTrackerInitTests:Initialize_ValidAsset_SetsStateToInitializing () (at /Users/geek/Project/point/unity_plugin/AreaTargetPlugin/Tests/AreaTargetTrackerInitTests.cs:69)
System.Reflection.MethodBase:Invoke (object,object[])
NUnit.Framework.Internal.Reflect:InvokeMethod (System.Reflection.MethodInfo,object,object[])
NUnit.Framework.Internal.MethodWrapper:Invoke (object,object[])
NUnit.Framework.Internal.Commands.TestMethodCommand:RunNonAsyncTestMethod (NUnit.Framework.Internal.ITestExecutionContext)
NUnit.Framework.Internal.Commands.TestMethodCommand:RunTestMethod (NUnit.Framework.Internal.ITestExecutionContext)
NUnit.Framework.Internal.Commands.TestMethodCommand:Execute (NUnit.Framework.Internal.ITestExecutionContext)
UnityEditor.EditorApplication:Internal_CallUpdateFunctions () (at /Users/bokken/build/output/unity/unity/Editor/Mono/EditorApplication.cs:392)

]]></stack-trace>
              </failure>
              <output><![CDATA[
IgnoreFailingMessages:true
[AreaTargetPlugin] Incompatible asset version: 1.0 (supported: 2.0).
[AreaTargetPlugin] Initialization failed: Incompatible asset version: 1.0 (supported: 2.0).
[AreaTargetPlugin] Tracker disposed.
]]></output>
            </test-case>
            <test-case id="1009" name="ProcessFrame_BeforeInitialize_ReturnsLost" fullname="AreaTargetPlugin.Tests.AreaTargetTrackerInitTests.ProcessFrame_BeforeInitialize_ReturnsLost" methodname="ProcessFrame_BeforeInitialize_ReturnsLost" classname="AreaTargetPlugin.Tests.AreaTargetTrackerInitTests" runstate="Runnable" seed="661042678" result="Passed" start-time="2026-03-19 09:36:17Z" end-time="2026-03-19 09:36:17Z" duration="0.002022" asserts="0">
              <properties>
                <property name="retryIteration" value="0" />
                <property name="repeatIteration" value="0" />
              </properties>
              <output><![CDATA[
IgnoreFailingMessages:true
[AreaTargetPlugin] Tracker disposed.
]]></output>
            </test-case>
          </test-suite>
          <test-suite type="TestFixture" id="1010" name="AreaTargetTrackerLifecycleTests" fullname="AreaTargetPlugin.Tests.AreaTargetTrackerLifecycleTests" classname="AreaTargetPlugin.Tests.AreaTargetTrackerLifecycleTests" runstate="Runnable" testcasecount="13" result="Passed" start-time="2026-03-19 09:36:17Z" end-time="2026-03-19 09:36:17Z" duration="0.010673" total="13" passed="13" failed="0" inconclusive="0" skipped="0" asserts="0">
            <properties />
            <test-case id="1011" name="Dispose_MultipleCalls_DoesNotThrow" fullname="AreaTargetPlugin.Tests.AreaTargetTrackerLifecycleTests.Dispose_MultipleCalls_DoesNotThrow" methodname="Dispose_MultipleCalls_DoesNotThrow" classname="AreaTargetPlugin.Tests.AreaTargetTrackerLifecycleTests" runstate="Runnable" seed="761231864" result="Passed" start-time="2026-03-19 09:36:17Z" end-time="2026-03-19 09:36:17Z" duration="0.000983" asserts="0">
              <properties>
                <property name="retryIteration" value="0" />
                <property name="repeatIteration" value="0" />
              </properties>
              <output><![CDATA[
IgnoreFailingMessages:true
[AreaTargetPlugin] Tracker disposed.
]]></output>
            </test-case>
            <test-case id="1012" name="Dispose_SetsStateLost" fullname="AreaTargetPlugin.Tests.AreaTargetTrackerLifecycleTests.Dispose_SetsStateLost" methodname="Dispose_SetsStateLost" classname="AreaTargetPlugin.Tests.AreaTargetTrackerLifecycleTests" runstate="Runnable" seed="2010856618" result="Passed" start-time="2026-03-19 09:36:17Z" end-time="2026-03-19 09:36:17Z" duration="0.000419" asserts="0">
              <properties>
                <property name="retryIteration" value="0" />
                <property name="repeatIteration" value="0" />
              </properties>
              <output><![CDATA[
IgnoreFailingMessages:true
[AreaTargetPlugin] Tracker disposed.
]]></output>
            </test-case>
            <test-case id="1014" name="Initialize_AfterDispose_ReturnsFalse" fullname="AreaTargetPlugin.Tests.AreaTargetTrackerLifecycleTests.Initialize_AfterDispose_ReturnsFalse" methodname="Initialize_AfterDispose_ReturnsFalse" classname="AreaTargetPlugin.Tests.AreaTargetTrackerLifecycleTests" runstate="Runnable" seed="1025403927" result="Passed" start-time="2026-03-19 09:36:17Z" end-time="2026-03-19 09:36:17Z" duration="0.000752" asserts="0">
              <properties>
                <property name="retryIteration" value="0" />
                <property name="repeatIteration" value="0" />
              </properties>
              <output><![CDATA[
IgnoreFailingMessages:true
[AreaTargetPlugin] Tracker disposed.
[AreaTargetPlugin] Cannot initialize a disposed tracker.
]]></output>
            </test-case>
            <test-case id="1023" name="KalmanFilter_EulerRoundTrip_SmallAngles" fullname="AreaTargetPlugin.Tests.AreaTargetTrackerLifecycleTests.KalmanFilter_EulerRoundTrip_SmallAngles" methodname="KalmanFilter_EulerRoundTrip_SmallAngles" classname="AreaTargetPlugin.Tests.AreaTargetTrackerLifecycleTests" runstate="Runnable" seed="367290409" result="Passed" start-time="2026-03-19 09:36:17Z" end-time="2026-03-19 09:36:17Z" duration="0.000955" asserts="0">
              <properties>
                <property name="retryIteration" value="0" />
                <property name="repeatIteration" value="0" />
              </properties>
              <output><![CDATA[
IgnoreFailingMessages:true
]]></output>
            </test-case>
            <test-case id="1020" name="KalmanFilter_PoseToState_ExtractsTranslation" fullname="AreaTargetPlugin.Tests.AreaTargetTrackerLifecycleTests.KalmanFilter_PoseToState_ExtractsTranslation" methodname="KalmanFilter_PoseToState_ExtractsTranslation" classname="AreaTargetPlugin.Tests.AreaTargetTrackerLifecycleTests" runstate="Runnable" seed="1108488965" result="Passed" start-time="2026-03-19 09:36:17Z" end-time="2026-03-19 09:36:17Z" duration="0.000209" asserts="0">
              <properties>
                <property name="retryIteration" value="0" />
                <property name="repeatIteration" value="0" />
              </properties>
              <output><![CDATA[
IgnoreFailingMessages:true
]]></output>
            </test-case>
            <test-case id="1019" name="KalmanFilter_PoseToState_StateToPose_RoundTrip_Identity" fullname="AreaTargetPlugin.Tests.AreaTargetTrackerLifecycleTests.KalmanFilter_PoseToState_StateToPose_RoundTrip_Identity" methodname="KalmanFilter_PoseToState_StateToPose_RoundTrip_Identity" classname="AreaTargetPlugin.Tests.AreaTargetTrackerLifecycleTests" runstate="Runnable" seed="1587157771" result="Passed" start-time="2026-03-19 09:36:17Z" end-time="2026-03-19 09:36:17Z" duration="0.000190" asserts="0">
              <properties>
                <property name="retryIteration" value="0" />
                <property name="repeatIteration" value="0" />
              </properties>
              <output><![CDATA[
IgnoreFailingMessages:true
]]></output>
            </test-case>
            <test-case id="1022" name="KalmanFilter_RepeatedIdenticalPose_ConvergesToInput" fullname="AreaTargetPlugin.Tests.AreaTargetTrackerLifecycleTests.KalmanFilter_RepeatedIdenticalPose_ConvergesToInput" methodname="KalmanFilter_RepeatedIdenticalPose_ConvergesToInput" classname="AreaTargetPlugin.Tests.AreaTargetTrackerLifecycleTests" runstate="Runnable" seed="789647672" result="Passed" start-time="2026-03-19 09:36:17Z" end-time="2026-03-19 09:36:17Z" duration="0.001449" asserts="0">
              <properties>
                <property name="retryIteration" value="0" />
                <property name="repeatIteration" value="0" />
              </properties>
              <output><![CDATA[
IgnoreFailingMessages:true
]]></output>
            </test-case>
            <test-case id="1021" name="KalmanFilter_Reset_ThenUpdate_DoesNotThrow" fullname="AreaTargetPlugin.Tests.AreaTargetTrackerLifecycleTests.KalmanFilter_Reset_ThenUpdate_DoesNotThrow" methodname="KalmanFilter_Reset_ThenUpdate_DoesNotThrow" classname="AreaTargetPlugin.Tests.AreaTargetTrackerLifecycleTests" runstate="Runnable" seed="951771967" result="Passed" start-time="2026-03-19 09:36:17Z" end-time="2026-03-19 09:36:17Z" duration="0.000226" asserts="0">
              <properties>
                <property name="retryIteration" value="0" />
                <property name="repeatIteration" value="0" />
              </properties>
              <output><![CDATA[
IgnoreFailingMessages:true
]]></output>
            </test-case>
            <test-case id="1017" name="NewTracker_StateIsInitializing" fullname="AreaTargetPlugin.Tests.AreaTargetTrackerLifecycleTests.NewTracker_StateIsInitializing" methodname="NewTracker_StateIsInitializing" classname="AreaTargetPlugin.Tests.AreaTargetTrackerLifecycleTests" runstate="Runnable" seed="11485640" result="Passed" start-time="2026-03-19 09:36:17Z" end-time="2026-03-19 09:36:17Z" duration="0.000491" asserts="0">
              <properties>
                <property name="retryIteration" value="0" />
                <property name="repeatIteration" value="0" />
              </properties>
              <output><![CDATA[
IgnoreFailingMessages:true
[AreaTargetPlugin] Tracker disposed.
]]></output>
            </test-case>
            <test-case id="1013" name="ProcessFrame_AfterDispose_ReturnsLost" fullname="AreaTargetPlugin.Tests.AreaTargetTrackerLifecycleTests.ProcessFrame_AfterDispose_ReturnsLost" methodname="ProcessFrame_AfterDispose_ReturnsLost" classname="AreaTargetPlugin.Tests.AreaTargetTrackerLifecycleTests" runstate="Runnable" seed="1012840264" result="Passed" start-time="2026-03-19 09:36:17Z" end-time="2026-03-19 09:36:17Z" duration="0.000473" asserts="0">
              <properties>
                <property name="retryIteration" value="0" />
                <property name="repeatIteration" value="0" />
              </properties>
              <output><![CDATA[
IgnoreFailingMessages:true
[AreaTargetPlugin] Tracker disposed.
]]></output>
            </test-case>
            <test-case id="1018" name="ProcessFrame_BeforeInit_ReturnsLostWithIdentityPose" fullname="AreaTargetPlugin.Tests.AreaTargetTrackerLifecycleTests.ProcessFrame_BeforeInit_ReturnsLostWithIdentityPose" methodname="ProcessFrame_BeforeInit_ReturnsLostWithIdentityPose" classname="AreaTargetPlugin.Tests.AreaTargetTrackerLifecycleTests" runstate="Runnable" seed="1731093132" result="Passed" start-time="2026-03-19 09:36:17Z" end-time="2026-03-19 09:36:17Z" duration="0.001249" asserts="0">
              <properties>
                <property name="retryIteration" value="0" />
                <property name="repeatIteration" value="0" />
              </properties>
              <output><![CDATA[
IgnoreFailingMessages:true
[AreaTargetPlugin] Tracker disposed.
]]></output>
            </test-case>
            <test-case id="1015" name="Reset_BeforeInitialize_DoesNotThrow" fullname="AreaTargetPlugin.Tests.AreaTargetTrackerLifecycleTests.Reset_BeforeInitialize_DoesNotThrow" methodname="Reset_BeforeInitialize_DoesNotThrow" classname="AreaTargetPlugin.Tests.AreaTargetTrackerLifecycleTests" runstate="Runnable" seed="23938471" result="Passed" start-time="2026-03-19 09:36:17Z" end-time="2026-03-19 09:36:17Z" duration="0.000912" asserts="0">
              <properties>
                <property name="retryIteration" value="0" />
                <property name="repeatIteration" value="0" />
              </properties>
              <output><![CDATA[
IgnoreFailingMessages:true
[AreaTargetPlugin] Tracker reset.
[AreaTargetPlugin] Tracker disposed.
]]></output>
            </test-case>
            <test-case id="1016" name="Reset_SetsStateToInitializing" fullname="AreaTargetPlugin.Tests.AreaTargetTrackerLifecycleTests.Reset_SetsStateToInitializing" methodname="Reset_SetsStateToInitializing" classname="AreaTargetPlugin.Tests.AreaTargetTrackerLifecycleTests" runstate="Runnable" seed="778731652" result="Passed" start-time="2026-03-19 09:36:17Z" end-time="2026-03-19 09:36:17Z" duration="0.000748" asserts="0">
              <properties>
                <property name="retryIteration" value="0" />
                <property name="repeatIteration" value="0" />
              </properties>
              <output><![CDATA[
IgnoreFailingMessages:true
[AreaTargetPlugin] Tracker reset.
[AreaTargetPlugin] Tracker disposed.
]]></output>
            </test-case>
          </test-suite>
          <test-suite type="TestFixture" id="1024" name="AssetBundleLoaderSecurityTests" fullname="AreaTargetPlugin.Tests.AssetBundleLoaderSecurityTests" classname="AreaTargetPlugin.Tests.AssetBundleLoaderSecurityTests" runstate="Runnable" testcasecount="13" result="Passed" start-time="2026-03-19 09:36:17Z" end-time="2026-03-19 09:36:17Z" duration="0.032183" total="13" passed="13" failed="0" inconclusive="0" skipped="0" asserts="0">
            <properties />
            <test-case id="1028" name="Load_AbsolutePathInMeshFile_Blocked" fullname="AreaTargetPlugin.Tests.AssetBundleLoaderSecurityTests.Load_AbsolutePathInMeshFile_Blocked" methodname="Load_AbsolutePathInMeshFile_Blocked" classname="AreaTargetPlugin.Tests.AssetBundleLoaderSecurityTests" runstate="Runnable" seed="1090304617" result="Passed" start-time="2026-03-19 09:36:17Z" end-time="2026-03-19 09:36:17Z" duration="0.003546" asserts="0">
              <properties>
                <property name="retryIteration" value="0" />
                <property name="repeatIteration" value="0" />
              </properties>
              <output><![CDATA[
IgnoreFailingMessages:true
[AreaTargetPlugin] Path traversal detected in meshFile: '/tmp/evil.glb' resolves outside asset directory.
]]></output>
            </test-case>
            <test-case id="1027" name="Load_DotDotSlashInMeshFile_Blocked" fullname="AreaTargetPlugin.Tests.AssetBundleLoaderSecurityTests.Load_DotDotSlashInMeshFile_Blocked" methodname="Load_DotDotSlashInMeshFile_Blocked" classname="AreaTargetPlugin.Tests.AssetBundleLoaderSecurityTests" runstate="Runnable" seed="1693487369" result="Passed" start-time="2026-03-19 09:36:17Z" end-time="2026-03-19 09:36:17Z" duration="0.003818" asserts="0">
              <properties>
                <property name="retryIteration" value="0" />
                <property name="repeatIteration" value="0" />
              </properties>
              <output><![CDATA[
IgnoreFailingMessages:true
[AreaTargetPlugin] Path traversal detected in meshFile: 'subdir/../../../outside.glb' resolves outside asset directory.
]]></output>
            </test-case>
            <test-case id="1030" name="Load_EmptyFeatureDbFile_ReturnsFalse" fullname="AreaTargetPlugin.Tests.AssetBundleLoaderSecurityTests.Load_EmptyFeatureDbFile_ReturnsFalse" methodname="Load_EmptyFeatureDbFile_ReturnsFalse" classname="AreaTargetPlugin.Tests.AssetBundleLoaderSecurityTests" runstate="Runnable" seed="1049069575" result="Passed" start-time="2026-03-19 09:36:17Z" end-time="2026-03-19 09:36:17Z" duration="0.002130" asserts="0">
              <properties>
                <property name="retryIteration" value="0" />
                <property name="repeatIteration" value="0" />
              </properties>
              <output><![CDATA[
IgnoreFailingMessages:true
[AreaTargetPlugin] manifest.json missing 'featureDbFile' field.
]]></output>
            </test-case>
            <test-case id="1029" name="Load_EmptyMeshFile_ReturnsFalse" fullname="AreaTargetPlugin.Tests.AssetBundleLoaderSecurityTests.Load_EmptyMeshFile_ReturnsFalse" methodname="Load_EmptyMeshFile_ReturnsFalse" classname="AreaTargetPlugin.Tests.AssetBundleLoaderSecurityTests" runstate="Runnable" seed="2123601168" result="Passed" start-time="2026-03-19 09:36:17Z" end-time="2026-03-19 09:36:17Z" duration="0.002712" asserts="0">
              <properties>
                <property name="retryIteration" value="0" />
                <property name="repeatIteration" value="0" />
              </properties>
              <output><![CDATA[
IgnoreFailingMessages:true
[AreaTargetPlugin] manifest.json missing 'meshFile' field.
]]></output>
            </test-case>
            <test-case id="1034" name="Load_FeatureDbNotFound_ReturnsFalse" fullname="AreaTargetPlugin.Tests.AssetBundleLoaderSecurityTests.Load_FeatureDbNotFound_ReturnsFalse" methodname="Load_FeatureDbNotFound_ReturnsFalse" classname="AreaTargetPlugin.Tests.AssetBundleLoaderSecurityTests" runstate="Runnable" seed="1468413039" result="Passed" start-time="2026-03-19 09:36:17Z" end-time="2026-03-19 09:36:17Z" duration="0.001623" asserts="0">
              <properties>
                <property name="retryIteration" value="0" />
                <property name="repeatIteration" value="0" />
              </properties>
              <output><![CDATA[
IgnoreFailingMessages:true
[AreaTargetPlugin] Feature database not found: features.db
]]></output>
            </test-case>
            <test-case id="1026" name="Load_FeatureDbPathTraversal_ReturnsFalse" fullname="AreaTargetPlugin.Tests.AssetBundleLoaderSecurityTests.Load_FeatureDbPathTraversal_ReturnsFalse" methodname="Load_FeatureDbPathTraversal_ReturnsFalse" classname="AreaTargetPlugin.Tests.AssetBundleLoaderSecurityTests" runstate="Runnable" seed="314322603" result="Passed" start-time="2026-03-19 09:36:17Z" end-time="2026-03-19 09:36:17Z" duration="0.001600" asserts="0">
              <properties>
                <property name="retryIteration" value="0" />
                <property name="repeatIteration" value="0" />
              </properties>
              <output><![CDATA[
IgnoreFailingMessages:true
[AreaTargetPlugin] Path traversal detected in featureDbFile: '../../secret.db' resolves outside asset directory.
]]></output>
            </test-case>
            <test-case id="1033" name="Load_MeshFileNotFound_ReturnsFalse" fullname="AreaTargetPlugin.Tests.AssetBundleLoaderSecurityTests.Load_MeshFileNotFound_ReturnsFalse" methodname="Load_MeshFileNotFound_ReturnsFalse" classname="AreaTargetPlugin.Tests.AssetBundleLoaderSecurityTests" runstate="Runnable" seed="1491149960" result="Passed" start-time="2026-03-19 09:36:17Z" end-time="2026-03-19 09:36:17Z" duration="0.001381" asserts="0">
              <properties>
                <property name="retryIteration" value="0" />
                <property name="repeatIteration" value="0" />
              </properties>
              <output><![CDATA[
IgnoreFailingMessages:true
[AreaTargetPlugin] Mesh file not found: optimized.glb
]]></output>
            </test-case>
            <test-case id="1025" name="Load_MeshFilePathTraversal_ReturnsFalse" fullname="AreaTargetPlugin.Tests.AssetBundleLoaderSecurityTests.Load_MeshFilePathTraversal_ReturnsFalse" methodname="Load_MeshFilePathTraversal_ReturnsFalse" classname="AreaTargetPlugin.Tests.AssetBundleLoaderSecurityTests" runstate="Runnable" seed="486607814" result="Passed" start-time="2026-03-19 09:36:17Z" end-time="2026-03-19 09:36:17Z" duration="0.001270" asserts="0">
              <properties>
                <property name="retryIteration" value="0" />
                <property name="repeatIteration" value="0" />
              </properties>
              <output><![CDATA[
IgnoreFailingMessages:true
[AreaTargetPlugin] Path traversal detected in meshFile: '../../../etc/passwd' resolves outside asset directory.
]]></output>
            </test-case>
            <test-case id="1032" name="Load_MissingVersion_ReturnsFalse" fullname="AreaTargetPlugin.Tests.AssetBundleLoaderSecurityTests.Load_MissingVersion_ReturnsFalse" methodname="Load_MissingVersion_ReturnsFalse" classname="AreaTargetPlugin.Tests.AssetBundleLoaderSecurityTests" runstate="Runnable" seed="1046318956" result="Passed" start-time="2026-03-19 09:36:17Z" end-time="2026-03-19 09:36:17Z" duration="0.001939" asserts="0">
              <properties>
                <property name="retryIteration" value="0" />
                <property name="repeatIteration" value="0" />
              </properties>
              <output><![CDATA[
IgnoreFailingMessages:true
[AreaTargetPlugin] manifest.json missing 'version' field.
]]></output>
            </test-case>
            <test-case id="1037" name="Load_ResetsPreviousState" fullname="AreaTargetPlugin.Tests.AssetBundleLoaderSecurityTests.Load_ResetsPreviousState" methodname="Load_ResetsPreviousState" classname="AreaTargetPlugin.Tests.AssetBundleLoaderSecurityTests" runstate="Runnable" seed="319415710" result="Passed" start-time="2026-03-19 09:36:17Z" end-time="2026-03-19 09:36:17Z" duration="0.003083" asserts="0">
              <properties>
                <property name="retryIteration" value="0" />
                <property name="repeatIteration" value="0" />
              </properties>
              <output><![CDATA[
IgnoreFailingMessages:true
[AreaTargetPlugin] Asset directory does not exist: /nonexistent
[AreaTargetPlugin] Asset bundle loaded: test v2.0 (5 keyframes, feature type: ORB)
]]></output>
            </test-case>
            <test-case id="1036" name="Load_SubdirectoryMeshFile_Works" fullname="AreaTargetPlugin.Tests.AssetBundleLoaderSecurityTests.Load_SubdirectoryMeshFile_Works" methodname="Load_SubdirectoryMeshFile_Works" classname="AreaTargetPlugin.Tests.AssetBundleLoaderSecurityTests" runstate="Runnable" seed="1908127864" result="Passed" start-time="2026-03-19 09:36:17Z" end-time="2026-03-19 09:36:17Z" duration="0.001649" asserts="0">
              <properties>
                <property name="retryIteration" value="0" />
                <property name="repeatIteration" value="0" />
              </properties>
              <output><![CDATA[
IgnoreFailingMessages:true
[AreaTargetPlugin] Asset bundle loaded: test v2.0 (5 keyframes, feature type: ORB)
]]></output>
            </test-case>
            <test-case id="1035" name="Load_ValidBundle_SetsAllProperties" fullname="AreaTargetPlugin.Tests.AssetBundleLoaderSecurityTests.Load_ValidBundle_SetsAllProperties" methodname="Load_ValidBundle_SetsAllProperties" classname="AreaTargetPlugin.Tests.AssetBundleLoaderSecurityTests" runstate="Runnable" seed="2058492842" result="Passed" start-time="2026-03-19 09:36:17Z" end-time="2026-03-19 09:36:17Z" duration="0.001671" asserts="0">
              <properties>
                <property name="retryIteration" value="0" />
                <property name="repeatIteration" value="0" />
              </properties>
              <output><![CDATA[
IgnoreFailingMessages:true
[AreaTargetPlugin] Asset bundle loaded: test v2.0 (5 keyframes, feature type: ORB)
]]></output>
            </test-case>
            <test-case id="1031" name="Load_WrongFormat_ReturnsFalse" fullname="AreaTargetPlugin.Tests.AssetBundleLoaderSecurityTests.Load_WrongFormat_ReturnsFalse" methodname="Load_WrongFormat_ReturnsFalse" classname="AreaTargetPlugin.Tests.AssetBundleLoaderSecurityTests" runstate="Runnable" seed="1005182753" result="Passed" start-time="2026-03-19 09:36:17Z" end-time="2026-03-19 09:36:17Z" duration="0.001473" asserts="0">
              <properties>
                <property name="retryIteration" value="0" />
                <property name="repeatIteration" value="0" />
              </properties>
              <output><![CDATA[
IgnoreFailingMessages:true
[AreaTargetPlugin] Unsupported asset format: 'obj' (expected: 'glb').
]]></output>
            </test-case>
          </test-suite>
          <test-suite type="TestFixture" id="1038" name="AssetBundleLoaderTests" fullname="AreaTargetPlugin.Tests.AssetBundleLoaderTests" classname="AreaTargetPlugin.Tests.AssetBundleLoaderTests" runstate="Runnable" testcasecount="15" result="Passed" start-time="2026-03-19 09:36:17Z" end-time="2026-03-19 09:36:17Z" duration="0.025406" total="15" passed="15" failed="0" inconclusive="0" skipped="0" asserts="0">
            <properties />
            <test-case id="1053" name="Load_AfterFailedLoad_ClearsState" fullname="AreaTargetPlugin.Tests.AssetBundleLoaderTests.Load_AfterFailedLoad_ClearsState" methodname="Load_AfterFailedLoad_ClearsState" classname="AreaTargetPlugin.Tests.AssetBundleLoaderTests" runstate="Runnable" seed="1964034840" result="Passed" start-time="2026-03-19 09:36:17Z" end-time="2026-03-19 09:36:17Z" duration="0.002503" asserts="0">
              <properties>
                <property name="retryIteration" value="0" />
                <property name="repeatIteration" value="0" />
              </properties>
              <output><![CDATA[
IgnoreFailingMessages:true
[AreaTargetPlugin] Asset directory does not exist: /nonexistent
[AreaTargetPlugin] Asset bundle loaded: test_asset v2.0 (10 keyframes, feature type: ORB)
]]></output>
            </test-case>
            <test-case id="1043" name="Load_EmptyPath_ReturnsFalse" fullname="AreaTargetPlugin.Tests.AssetBundleLoaderTests.Load_EmptyPath_ReturnsFalse" methodname="Load_EmptyPath_ReturnsFalse" classname="AreaTargetPlugin.Tests.AssetBundleLoaderTests" runstate="Runnable" seed="1093286115" result="Passed" start-time="2026-03-19 09:36:17Z" end-time="2026-03-19 09:36:17Z" duration="0.001103" asserts="0">
              <properties>
                <property name="retryIteration" value="0" />
                <property name="repeatIteration" value="0" />
              </properties>
              <output><![CDATA[
IgnoreFailingMessages:true
[AreaTargetPlugin] Asset path is null or empty.
]]></output>
            </test-case>
            <test-case id="1048" name="Load_IncompatibleVersion_ReturnsFalse" fullname="AreaTargetPlugin.Tests.AssetBundleLoaderTests.Load_IncompatibleVersion_ReturnsFalse" methodname="Load_IncompatibleVersion_ReturnsFalse" classname="AreaTargetPlugin.Tests.AssetBundleLoaderTests" runstate="Runnable" seed="104113556" result="Passed" start-time="2026-03-19 09:36:17Z" end-time="2026-03-19 09:36:17Z" duration="0.001455" asserts="0">
              <properties>
                <property name="retryIteration" value="0" />
                <property name="repeatIteration" value="0" />
              </properties>
              <output><![CDATA[
IgnoreFailingMessages:true
[AreaTargetPlugin] Incompatible asset version: 1.0 (supported: 2.0).
]]></output>
            </test-case>
            <test-case id="1046" name="Load_InvalidJsonManifest_ReturnsFalse" fullname="AreaTargetPlugin.Tests.AssetBundleLoaderTests.Load_InvalidJsonManifest_ReturnsFalse" methodname="Load_InvalidJsonManifest_ReturnsFalse" classname="AreaTargetPlugin.Tests.AssetBundleLoaderTests" runstate="Runnable" seed="1773274465" result="Passed" start-time="2026-03-19 09:36:17Z" end-time="2026-03-19 09:36:17Z" duration="0.001078" asserts="0">
              <properties>
                <property name="retryIteration" value="0" />
                <property name="repeatIteration" value="0" />
              </properties>
              <output><![CDATA[
IgnoreFailingMessages:true
[AreaTargetPlugin] Failed to parse manifest.json: JSON parse error: Invalid value.
]]></output>
            </test-case>
            <test-case id="1052" name="Load_ManifestMissingFeatureDbFile_ReturnsFalse" fullname="AreaTargetPlugin.Tests.AssetBundleLoaderTests.Load_ManifestMissingFeatureDbFile_ReturnsFalse" methodname="Load_ManifestMissingFeatureDbFile_ReturnsFalse" classname="AreaTargetPlugin.Tests.AssetBundleLoaderTests" runstate="Runnable" seed="659586417" result="Passed" start-time="2026-03-19 09:36:17Z" end-time="2026-03-19 09:36:17Z" duration="0.001332" asserts="0">
              <properties>
                <property name="retryIteration" value="0" />
                <property name="repeatIteration" value="0" />
              </properties>
              <output><![CDATA[
IgnoreFailingMessages:true
[AreaTargetPlugin] manifest.json missing 'featureDbFile' field.
]]></output>
            </test-case>
            <test-case id="1051" name="Load_ManifestMissingMeshFile_ReturnsFalse" fullname="AreaTargetPlugin.Tests.AssetBundleLoaderTests.Load_ManifestMissingMeshFile_ReturnsFalse" methodname="Load_ManifestMissingMeshFile_ReturnsFalse" classname="AreaTargetPlugin.Tests.AssetBundleLoaderTests" runstate="Runnable" seed="915465704" result="Passed" start-time="2026-03-19 09:36:17Z" end-time="2026-03-19 09:36:17Z" duration="0.004662" asserts="0">
              <properties>
                <property name="retryIteration" value="0" />
                <property name="repeatIteration" value="0" />
              </properties>
              <output><![CDATA[
IgnoreFailingMessages:true
[AreaTargetPlugin] manifest.json missing 'meshFile' field.
]]></output>
            </test-case>
            <test-case id="1047" name="Load_ManifestMissingVersion_ReturnsFalse" fullname="AreaTargetPlugin.Tests.AssetBundleLoaderTests.Load_ManifestMissingVersion_ReturnsFalse" methodname="Load_ManifestMissingVersion_ReturnsFalse" classname="AreaTargetPlugin.Tests.AssetBundleLoaderTests" runstate="Runnable" seed="863120470" result="Passed" start-time="2026-03-19 09:36:17Z" end-time="2026-03-19 09:36:17Z" duration="0.001444" asserts="0">
              <properties>
                <property name="retryIteration" value="0" />
                <property name="repeatIteration" value="0" />
              </properties>
              <output><![CDATA[
IgnoreFailingMessages:true
[AreaTargetPlugin] manifest.json missing 'version' field.
]]></output>
            </test-case>
            <test-case id="1050" name="Load_MissingFeatureDb_ReturnsFalse" fullname="AreaTargetPlugin.Tests.AssetBundleLoaderTests.Load_MissingFeatureDb_ReturnsFalse" methodname="Load_MissingFeatureDb_ReturnsFalse" classname="AreaTargetPlugin.Tests.AssetBundleLoaderTests" runstate="Runnable" seed="501774309" result="Passed" start-time="2026-03-19 09:36:17Z" end-time="2026-03-19 09:36:17Z" duration="0.001455" asserts="0">
              <properties>
                <property name="retryIteration" value="0" />
                <property name="repeatIteration" value="0" />
              </properties>
              <output><![CDATA[
IgnoreFailingMessages:true
[AreaTargetPlugin] Feature database not found: features.db
]]></output>
            </test-case>
            <test-case id="1045" name="Load_MissingManifest_ReturnsFalse" fullname="AreaTargetPlugin.Tests.AssetBundleLoaderTests.Load_MissingManifest_ReturnsFalse" methodname="Load_MissingManifest_ReturnsFalse" classname="AreaTargetPlugin.Tests.AssetBundleLoaderTests" runstate="Runnable" seed="1306660170" result="Passed" start-time="2026-03-19 09:36:17Z" end-time="2026-03-19 09:36:17Z" duration="0.000889" asserts="0">
              <properties>
                <property name="retryIteration" value="0" />
                <property name="repeatIteration" value="0" />
              </properties>
              <output><![CDATA[
IgnoreFailingMessages:true
[AreaTargetPlugin] manifest.json not found in: /var/folders/rd/gp2c7frd3797hc3mqyvhmm0w0000gn/T/AreaTargetPluginTests_676a1924c45245588f8874b7dc73aa68/no_manifest
]]></output>
            </test-case>
            <test-case id="1049" name="Load_MissingMeshFile_ReturnsFalse" fullname="AreaTargetPlugin.Tests.AssetBundleLoaderTests.Load_MissingMeshFile_ReturnsFalse" methodname="Load_MissingMeshFile_ReturnsFalse" classname="AreaTargetPlugin.Tests.AssetBundleLoaderTests" runstate="Runnable" seed="633883582" result="Passed" start-time="2026-03-19 09:36:17Z" end-time="2026-03-19 09:36:17Z" duration="0.001348" asserts="0">
              <properties>
                <property name="retryIteration" value="0" />
                <property name="repeatIteration" value="0" />
              </properties>
              <output><![CDATA[
IgnoreFailingMessages:true
[AreaTargetPlugin] Mesh file not found: optimized.glb
]]></output>
            </test-case>
            <test-case id="1044" name="Load_NonExistentDirectory_ReturnsFalse" fullname="AreaTargetPlugin.Tests.AssetBundleLoaderTests.Load_NonExistentDirectory_ReturnsFalse" methodname="Load_NonExistentDirectory_ReturnsFalse" classname="AreaTargetPlugin.Tests.AssetBundleLoaderTests" runstate="Runnable" seed="541136108" result="Passed" start-time="2026-03-19 09:36:17Z" end-time="2026-03-19 09:36:17Z" duration="0.000668" asserts="0">
              <properties>
                <property name="retryIteration" value="0" />
                <property name="repeatIteration" value="0" />
              </properties>
              <output><![CDATA[
IgnoreFailingMessages:true
[AreaTargetPlugin] Asset directory does not exist: /nonexistent/path/to/asset
]]></output>
            </test-case>
            <test-case id="1042" name="Load_NullPath_ReturnsFalse" fullname="AreaTargetPlugin.Tests.AssetBundleLoaderTests.Load_NullPath_ReturnsFalse" methodname="Load_NullPath_ReturnsFalse" classname="AreaTargetPlugin.Tests.AssetBundleLoaderTests" runstate="Runnable" seed="524210463" result="Passed" start-time="2026-03-19 09:36:17Z" end-time="2026-03-19 09:36:17Z" duration="0.000759" asserts="0">
              <properties>
                <property name="retryIteration" value="0" />
                <property name="repeatIteration" value="0" />
              </properties>
              <output><![CDATA[
IgnoreFailingMessages:true
[AreaTargetPlugin] Asset path is null or empty.
]]></output>
            </test-case>
            <test-case id="1040" name="Load_ValidAssetBundle_ParsesManifestCorrectly" fullname="AreaTargetPlugin.Tests.AssetBundleLoaderTests.Load_ValidAssetBundle_ParsesManifestCorrectly" methodname="Load_ValidAssetBundle_ParsesManifestCorrectly" classname="AreaTargetPlugin.Tests.AssetBundleLoaderTests" runstate="Runnable" seed="272254196" result="Passed" start-time="2026-03-19 09:36:17Z" end-time="2026-03-19 09:36:17Z" duration="0.001679" asserts="0">
              <properties>
                <property name="retryIteration" value="0" />
                <property name="repeatIteration" value="0" />
              </properties>
              <output><![CDATA[
IgnoreFailingMessages:true
[AreaTargetPlugin] Asset bundle loaded: test_asset v2.0 (10 keyframes, feature type: ORB)
]]></output>
            </test-case>
            <test-case id="1039" name="Load_ValidAssetBundle_ReturnsTrue" fullname="AreaTargetPlugin.Tests.AssetBundleLoaderTests.Load_ValidAssetBundle_ReturnsTrue" methodname="Load_ValidAssetBundle_ReturnsTrue" classname="AreaTargetPlugin.Tests.AssetBundleLoaderTests" runstate="Runnable" seed="676144137" result="Passed" start-time="2026-03-19 09:36:17Z" end-time="2026-03-19 09:36:17Z" duration="0.001653" asserts="0">
              <properties>
                <property name="retryIteration" value="0" />
                <property name="repeatIteration" value="0" />
              </properties>
              <output><![CDATA[
IgnoreFailingMessages:true
[AreaTargetPlugin] Asset bundle loaded: test_asset v2.0 (10 keyframes, feature type: ORB)
]]></output>
            </test-case>
            <test-case id="1041" name="Load_ValidAssetBundle_SetsFilePaths" fullname="AreaTargetPlugin.Tests.AssetBundleLoaderTests.Load_ValidAssetBundle_SetsFilePaths" methodname="Load_ValidAssetBundle_SetsFilePaths" classname="AreaTargetPlugin.Tests.AssetBundleLoaderTests" runstate="Runnable" seed="1741806651" result="Passed" start-time="2026-03-19 09:36:17Z" end-time="2026-03-19 09:36:17Z" duration="0.001443" asserts="0">
              <properties>
                <property name="retryIteration" value="0" />
                <property name="repeatIteration" value="0" />
              </properties>
              <output><![CDATA[
IgnoreFailingMessages:true
[AreaTargetPlugin] Asset bundle loaded: test_asset v2.0 (10 keyframes, feature type: ORB)
]]></output>
            </test-case>
          </test-suite>
          <test-suite type="TestFixture" id="1054" name="FeatureDatabaseReaderTests" fullname="AreaTargetPlugin.Tests.FeatureDatabaseReaderTests" classname="AreaTargetPlugin.Tests.FeatureDatabaseReaderTests" runstate="Runnable" testcasecount="32" result="Passed" start-time="2026-03-19 09:36:17Z" end-time="2026-03-19 09:36:17Z" duration="0.010908" total="32" passed="32" failed="0" inconclusive="0" skipped="0" asserts="0">
            <properties />
            <test-case id="1069" name="ArrayToMatrix4x4_Null_ReturnsIdentity" fullname="AreaTargetPlugin.Tests.FeatureDatabaseReaderTests.ArrayToMatrix4x4_Null_ReturnsIdentity" methodname="ArrayToMatrix4x4_Null_ReturnsIdentity" classname="AreaTargetPlugin.Tests.FeatureDatabaseReaderTests" runstate="Runnable" seed="632503824" result="Passed" start-time="2026-03-19 09:36:17Z" end-time="2026-03-19 09:36:17Z" duration="0.000260" asserts="0">
              <properties>
                <property name="retryIteration" value="0" />
                <property name="repeatIteration" value="0" />
              </properties>
              <output><![CDATA[
IgnoreFailingMessages:true
]]></output>
            </test-case>
            <test-case id="1070" name="ArrayToMatrix4x4_TooShort_ReturnsIdentity" fullname="AreaTargetPlugin.Tests.FeatureDatabaseReaderTests.ArrayToMatrix4x4_TooShort_ReturnsIdentity" methodname="ArrayToMatrix4x4_TooShort_ReturnsIdentity" classname="AreaTargetPlugin.Tests.FeatureDatabaseReaderTests" runstate="Runnable" seed="278379829" result="Passed" start-time="2026-03-19 09:36:17Z" end-time="2026-03-19 09:36:17Z" duration="0.000095" asserts="0">
              <properties>
                <property name="retryIteration" value="0" />
                <property name="repeatIteration" value="0" />
              </properties>
              <output><![CDATA[
IgnoreFailingMessages:true
]]></output>
            </test-case>
            <test-case id="1058" name="ComposePoseMatrix_90DegRotationZ_CorrectLayout" fullname="AreaTargetPlugin.Tests.FeatureDatabaseReaderTests.ComposePoseMatrix_90DegRotationZ_CorrectLayout" methodname="ComposePoseMatrix_90DegRotationZ_CorrectLayout" classname="AreaTargetPlugin.Tests.FeatureDatabaseReaderTests" runstate="Runnable" seed="1632937369" result="Passed" start-time="2026-03-19 09:36:17Z" end-time="2026-03-19 09:36:17Z" duration="0.000160" asserts="0">
              <properties>
                <property name="retryIteration" value="0" />
                <property name="repeatIteration" value="0" />
              </properties>
              <output><![CDATA[
IgnoreFailingMessages:true
]]></output>
            </test-case>
            <test-case id="1057" name="ComposePoseMatrix_IdentityRotation_SetsTranslation" fullname="AreaTargetPlugin.Tests.FeatureDatabaseReaderTests.ComposePoseMatrix_IdentityRotation_SetsTranslation" methodname="ComposePoseMatrix_IdentityRotation_SetsTranslation" classname="AreaTargetPlugin.Tests.FeatureDatabaseReaderTests" runstate="Runnable" seed="633052534" result="Passed" start-time="2026-03-19 09:36:17Z" end-time="2026-03-19 09:36:17Z" duration="0.000127" asserts="0">
              <properties>
                <property name="retryIteration" value="0" />
                <property name="repeatIteration" value="0" />
              </properties>
              <output><![CDATA[
IgnoreFailingMessages:true
]]></output>
            </test-case>
            <test-case id="1077" name="Dispose_ClearsKeyframes" fullname="AreaTargetPlugin.Tests.FeatureDatabaseReaderTests.Dispose_ClearsKeyframes" methodname="Dispose_ClearsKeyframes" classname="AreaTargetPlugin.Tests.FeatureDatabaseReaderTests" runstate="Runnable" seed="1230611456" result="Passed" start-time="2026-03-19 09:36:17Z" end-time="2026-03-19 09:36:17Z" duration="0.000139" asserts="0">
              <properties>
                <property name="retryIteration" value="0" />
                <property name="repeatIteration" value="0" />
              </properties>
              <output><![CDATA[
IgnoreFailingMessages:true
]]></output>
            </test-case>
            <test-case id="1076" name="Dispose_MultipleCalls_DoesNotThrow" fullname="AreaTargetPlugin.Tests.FeatureDatabaseReaderTests.Dispose_MultipleCalls_DoesNotThrow" methodname="Dispose_MultipleCalls_DoesNotThrow" classname="AreaTargetPlugin.Tests.FeatureDatabaseReaderTests" runstate="Runnable" seed="161620871" result="Passed" start-time="2026-03-19 09:36:17Z" end-time="2026-03-19 09:36:17Z" duration="0.000123" asserts="0">
              <properties>
                <property name="retryIteration" value="0" />
                <property name="repeatIteration" value="0" />
              </properties>
              <output><![CDATA[
IgnoreFailingMessages:true
]]></output>
            </test-case>
            <test-case id="1056" name="ExtractTranslation_Identity_ReturnsZero" fullname="AreaTargetPlugin.Tests.FeatureDatabaseReaderTests.ExtractTranslation_Identity_ReturnsZero" methodname="ExtractTranslation_Identity_ReturnsZero" classname="AreaTargetPlugin.Tests.FeatureDatabaseReaderTests" runstate="Runnable" seed="301604634" result="Passed" start-time="2026-03-19 09:36:17Z" end-time="2026-03-19 09:36:17Z" duration="0.000220" asserts="0">
              <properties>
                <property name="retryIteration" value="0" />
                <property name="repeatIteration" value="0" />
              </properties>
              <output><![CDATA[
IgnoreFailingMessages:true
]]></output>
            </test-case>
            <test-case id="1055" name="ExtractTranslation_ReturnsCorrectXYZ" fullname="AreaTargetPlugin.Tests.FeatureDatabaseReaderTests.ExtractTranslation_ReturnsCorrectXYZ" methodname="ExtractTranslation_ReturnsCorrectXYZ" classname="AreaTargetPlugin.Tests.FeatureDatabaseReaderTests" runstate="Runnable" seed="1649000902" result="Passed" start-time="2026-03-19 09:36:17Z" end-time="2026-03-19 09:36:17Z" duration="0.000101" asserts="0">
              <properties>
                <property name="retryIteration" value="0" />
                <property name="repeatIteration" value="0" />
              </properties>
              <output><![CDATA[
IgnoreFailingMessages:true
]]></output>
            </test-case>
            <test-case id="1059" name="FlattenDescriptors_EmptyList_ReturnsEmpty" fullname="AreaTargetPlugin.Tests.FeatureDatabaseReaderTests.FlattenDescriptors_EmptyList_ReturnsEmpty" methodname="FlattenDescriptors_EmptyList_ReturnsEmpty" classname="AreaTargetPlugin.Tests.FeatureDatabaseReaderTests" runstate="Runnable" seed="1847967197" result="Passed" start-time="2026-03-19 09:36:17Z" end-time="2026-03-19 09:36:17Z" duration="0.000175" asserts="0">
              <properties>
                <property name="retryIteration" value="0" />
                <property name="repeatIteration" value="0" />
              </properties>
              <output><![CDATA[
IgnoreFailingMessages:true
]]></output>
            </test-case>
            <test-case id="1062" name="FlattenDescriptors_MultipleDescriptors_ConcatenatedCorrectly" fullname="AreaTargetPlugin.Tests.FeatureDatabaseReaderTests.FlattenDescriptors_MultipleDescriptors_ConcatenatedCorrectly" methodname="FlattenDescriptors_MultipleDescriptors_ConcatenatedCorrectly" classname="AreaTargetPlugin.Tests.FeatureDatabaseReaderTests" runstate="Runnable" seed="822520034" result="Passed" start-time="2026-03-19 09:36:17Z" end-time="2026-03-19 09:36:17Z" duration="0.000251" asserts="0">
              <properties>
                <property name="retryIteration" value="0" />
                <property name="repeatIteration" value="0" />
              </properties>
              <output><![CDATA[
IgnoreFailingMessages:true
]]></output>
            </test-case>
            <test-case id="1060" name="FlattenDescriptors_Null_ReturnsEmpty" fullname="AreaTargetPlugin.Tests.FeatureDatabaseReaderTests.FlattenDescriptors_Null_ReturnsEmpty" methodname="FlattenDescriptors_Null_ReturnsEmpty" classname="AreaTargetPlugin.Tests.FeatureDatabaseReaderTests" runstate="Runnable" seed="1978539540" result="Passed" start-time="2026-03-19 09:36:17Z" end-time="2026-03-19 09:36:17Z" duration="0.000073" asserts="0">
              <properties>
                <property name="retryIteration" value="0" />
                <property name="repeatIteration" value="0" />
              </properties>
              <output><![CDATA[
IgnoreFailingMessages:true
]]></output>
            </test-case>
            <test-case id="1061" name="FlattenDescriptors_SingleDescriptor_CopiedCorrectly" fullname="AreaTargetPlugin.Tests.FeatureDatabaseReaderTests.FlattenDescriptors_SingleDescriptor_CopiedCorrectly" methodname="FlattenDescriptors_SingleDescriptor_CopiedCorrectly" classname="AreaTargetPlugin.Tests.FeatureDatabaseReaderTests" runstate="Runnable" seed="683510824" result="Passed" start-time="2026-03-19 09:36:17Z" end-time="2026-03-19 09:36:17Z" duration="0.000154" asserts="0">
              <properties>
                <property name="retryIteration" value="0" />
                <property name="repeatIteration" value="0" />
              </properties>
              <output><![CDATA[
IgnoreFailingMessages:true
]]></output>
            </test-case>
            <test-case id="1066" name="FlattenPoints2D_EmptyList_ReturnsEmpty" fullname="AreaTargetPlugin.Tests.FeatureDatabaseReaderTests.FlattenPoints2D_EmptyList_ReturnsEmpty" methodname="FlattenPoints2D_EmptyList_ReturnsEmpty" classname="AreaTargetPlugin.Tests.FeatureDatabaseReaderTests" runstate="Runnable" seed="1508629182" result="Passed" start-time="2026-03-19 09:36:17Z" end-time="2026-03-19 09:36:17Z" duration="0.000151" asserts="0">
              <properties>
                <property name="retryIteration" value="0" />
                <property name="repeatIteration" value="0" />
              </properties>
              <output><![CDATA[
IgnoreFailingMessages:true
]]></output>
            </test-case>
            <test-case id="1067" name="FlattenPoints2D_TwoPoints_CorrectLayout" fullname="AreaTargetPlugin.Tests.FeatureDatabaseReaderTests.FlattenPoints2D_TwoPoints_CorrectLayout" methodname="FlattenPoints2D_TwoPoints_CorrectLayout" classname="AreaTargetPlugin.Tests.FeatureDatabaseReaderTests" runstate="Runnable" seed="2039768640" result="Passed" start-time="2026-03-19 09:36:17Z" end-time="2026-03-19 09:36:17Z" duration="0.000315" asserts="0">
              <properties>
                <property name="retryIteration" value="0" />
                <property name="repeatIteration" value="0" />
              </properties>
              <output><![CDATA[
IgnoreFailingMessages:true
]]></output>
            </test-case>
            <test-case id="1063" name="FlattenPoints3D_EmptyList_ReturnsEmpty" fullname="AreaTargetPlugin.Tests.FeatureDatabaseReaderTests.FlattenPoints3D_EmptyList_ReturnsEmpty" methodname="FlattenPoints3D_EmptyList_ReturnsEmpty" classname="AreaTargetPlugin.Tests.FeatureDatabaseReaderTests" runstate="Runnable" seed="24629945" result="Passed" start-time="2026-03-19 09:36:17Z" end-time="2026-03-19 09:36:17Z" duration="0.000201" asserts="0">
              <properties>
                <property name="retryIteration" value="0" />
                <property name="repeatIteration" value="0" />
              </properties>
              <output><![CDATA[
IgnoreFailingMessages:true
]]></output>
            </test-case>
            <test-case id="1064" name="FlattenPoints3D_Null_ReturnsEmpty" fullname="AreaTargetPlugin.Tests.FeatureDatabaseReaderTests.FlattenPoints3D_Null_ReturnsEmpty" methodname="FlattenPoints3D_Null_ReturnsEmpty" classname="AreaTargetPlugin.Tests.FeatureDatabaseReaderTests" runstate="Runnable" seed="1878648971" result="Passed" start-time="2026-03-19 09:36:17Z" end-time="2026-03-19 09:36:17Z" duration="0.000075" asserts="0">
              <properties>
                <property name="retryIteration" value="0" />
                <property name="repeatIteration" value="0" />
              </properties>
              <output><![CDATA[
IgnoreFailingMessages:true
]]></output>
            </test-case>
            <test-case id="1065" name="FlattenPoints3D_TwoPoints_CorrectLayout" fullname="AreaTargetPlugin.Tests.FeatureDatabaseReaderTests.FlattenPoints3D_TwoPoints_CorrectLayout" methodname="FlattenPoints3D_TwoPoints_CorrectLayout" classname="AreaTargetPlugin.Tests.FeatureDatabaseReaderTests" runstate="Runnable" seed="657406657" result="Passed" start-time="2026-03-19 09:36:17Z" end-time="2026-03-19 09:36:17Z" duration="0.000327" asserts="0">
              <properties>
                <property name="retryIteration" value="0" />
                <property name="repeatIteration" value="0" />
              </properties>
              <output><![CDATA[
IgnoreFailingMessages:true
]]></output>
            </test-case>
            <test-case id="1080" name="GetNearbyKeyframes_EmptyDB_ReturnsEmpty" fullname="AreaTargetPlugin.Tests.FeatureDatabaseReaderTests.GetNearbyKeyframes_EmptyDB_ReturnsEmpty" methodname="GetNearbyKeyframes_EmptyDB_ReturnsEmpty" classname="AreaTargetPlugin.Tests.FeatureDatabaseReaderTests" runstate="Runnable" seed="1350778063" result="Passed" start-time="2026-03-19 09:36:17Z" end-time="2026-03-19 09:36:17Z" duration="0.000793" asserts="0">
              <properties>
                <property name="retryIteration" value="0" />
                <property name="repeatIteration" value="0" />
              </properties>
              <output><![CDATA[
IgnoreFailingMessages:true
]]></output>
            </test-case>
            <test-case id="1081" name="GetNearbyKeyframes_NoneInRadius_ReturnsEmpty" fullname="AreaTargetPlugin.Tests.FeatureDatabaseReaderTests.GetNearbyKeyframes_NoneInRadius_ReturnsEmpty" methodname="GetNearbyKeyframes_NoneInRadius_ReturnsEmpty" classname="AreaTargetPlugin.Tests.FeatureDatabaseReaderTests" runstate="Runnable" seed="345233588" result="Passed" start-time="2026-03-19 09:36:17Z" end-time="2026-03-19 09:36:17Z" duration="0.000262" asserts="0">
              <properties>
                <property name="retryIteration" value="0" />
                <property name="repeatIteration" value="0" />
              </properties>
              <output><![CDATA[
IgnoreFailingMessages:true
]]></output>
            </test-case>
            <test-case id="1079" name="GetNearbyKeyframes_RespectsMaxCount" fullname="AreaTargetPlugin.Tests.FeatureDatabaseReaderTests.GetNearbyKeyframes_RespectsMaxCount" methodname="GetNearbyKeyframes_RespectsMaxCount" classname="AreaTargetPlugin.Tests.FeatureDatabaseReaderTests" runstate="Runnable" seed="549923526" result="Passed" start-time="2026-03-19 09:36:17Z" end-time="2026-03-19 09:36:17Z" duration="0.000625" asserts="0">
              <properties>
                <property name="retryIteration" value="0" />
                <property name="repeatIteration" value="0" />
              </properties>
              <output><![CDATA[
IgnoreFailingMessages:true
]]></output>
            </test-case>
            <test-case id="1078" name="GetNearbyKeyframes_ReturnsClosestWithinRadius" fullname="AreaTargetPlugin.Tests.FeatureDatabaseReaderTests.GetNearbyKeyframes_ReturnsClosestWithinRadius" methodname="GetNearbyKeyframes_ReturnsClosestWithinRadius" classname="AreaTargetPlugin.Tests.FeatureDatabaseReaderTests" runstate="Runnable" seed="1117850702" result="Passed" start-time="2026-03-19 09:36:17Z" end-time="2026-03-19 09:36:17Z" duration="0.000238" asserts="0">
              <properties>
                <property name="retryIteration" value="0" />
                <property name="repeatIteration" value="0" />
              </properties>
              <output><![CDATA[
IgnoreFailingMessages:true
]]></output>
            </test-case>
            <test-case id="1086" name="GetTopKByBoWSimilarity_DifferentLengthVectors_HandledGracefully" fullname="AreaTargetPlugin.Tests.FeatureDatabaseReaderTests.GetTopKByBoWSimilarity_DifferentLengthVectors_HandledGracefully" methodname="GetTopKByBoWSimilarity_DifferentLengthVectors_HandledGracefully" classname="AreaTargetPlugin.Tests.FeatureDatabaseReaderTests" runstate="Runnable" seed="695952435" result="Passed" start-time="2026-03-19 09:36:17Z" end-time="2026-03-19 09:36:17Z" duration="0.000421" asserts="0">
              <properties>
                <property name="retryIteration" value="0" />
                <property name="repeatIteration" value="0" />
              </properties>
              <output><![CDATA[
IgnoreFailingMessages:true
]]></output>
            </test-case>
            <test-case id="1085" name="GetTopKByBoWSimilarity_EmptyDB_ReturnsEmpty" fullname="AreaTargetPlugin.Tests.FeatureDatabaseReaderTests.GetTopKByBoWSimilarity_EmptyDB_ReturnsEmpty" methodname="GetTopKByBoWSimilarity_EmptyDB_ReturnsEmpty" classname="AreaTargetPlugin.Tests.FeatureDatabaseReaderTests" runstate="Runnable" seed="1579335300" result="Passed" start-time="2026-03-19 09:36:17Z" end-time="2026-03-19 09:36:17Z" duration="0.000097" asserts="0">
              <properties>
                <property name="retryIteration" value="0" />
                <property name="repeatIteration" value="0" />
              </properties>
              <output><![CDATA[
IgnoreFailingMessages:true
]]></output>
            </test-case>
            <test-case id="1083" name="GetTopKByBoWSimilarity_NullGlobalDescriptor_Skipped" fullname="AreaTargetPlugin.Tests.FeatureDatabaseReaderTests.GetTopKByBoWSimilarity_NullGlobalDescriptor_Skipped" methodname="GetTopKByBoWSimilarity_NullGlobalDescriptor_Skipped" classname="AreaTargetPlugin.Tests.FeatureDatabaseReaderTests" runstate="Runnable" seed="1736848107" result="Passed" start-time="2026-03-19 09:36:17Z" end-time="2026-03-19 09:36:17Z" duration="0.000148" asserts="0">
              <properties>
                <property name="retryIteration" value="0" />
                <property name="repeatIteration" value="0" />
              </properties>
              <output><![CDATA[
IgnoreFailingMessages:true
]]></output>
            </test-case>
            <test-case id="1082" name="GetTopKByBoWSimilarity_ReturnsMostSimilar" fullname="AreaTargetPlugin.Tests.FeatureDatabaseReaderTests.GetTopKByBoWSimilarity_ReturnsMostSimilar" methodname="GetTopKByBoWSimilarity_ReturnsMostSimilar" classname="AreaTargetPlugin.Tests.FeatureDatabaseReaderTests" runstate="Runnable" seed="1308395609" result="Passed" start-time="2026-03-19 09:36:17Z" end-time="2026-03-19 09:36:17Z" duration="0.000193" asserts="0">
              <properties>
                <property name="retryIteration" value="0" />
                <property name="repeatIteration" value="0" />
              </properties>
              <output><![CDATA[
IgnoreFailingMessages:true
]]></output>
            </test-case>
            <test-case id="1084" name="GetTopKByBoWSimilarity_ZeroVector_ReturnsZeroSimilarity" fullname="AreaTargetPlugin.Tests.FeatureDatabaseReaderTests.GetTopKByBoWSimilarity_ZeroVector_ReturnsZeroSimilarity" methodname="GetTopKByBoWSimilarity_ZeroVector_ReturnsZeroSimilarity" classname="AreaTargetPlugin.Tests.FeatureDatabaseReaderTests" runstate="Runnable" seed="172932069" result="Passed" start-time="2026-03-19 09:36:17Z" end-time="2026-03-19 09:36:17Z" duration="0.000114" asserts="0">
              <properties>
                <property name="retryIteration" value="0" />
                <property name="repeatIteration" value="0" />
              </properties>
              <output><![CDATA[
IgnoreFailingMessages:true
]]></output>
            </test-case>
            <test-case id="1075" name="KeyframeCount_BeforeLoad_ReturnsZero" fullname="AreaTargetPlugin.Tests.FeatureDatabaseReaderTests.KeyframeCount_BeforeLoad_ReturnsZero" methodname="KeyframeCount_BeforeLoad_ReturnsZero" classname="AreaTargetPlugin.Tests.FeatureDatabaseReaderTests" runstate="Runnable" seed="712085080" result="Passed" start-time="2026-03-19 09:36:17Z" end-time="2026-03-19 09:36:17Z" duration="0.000076" asserts="0">
              <properties>
                <property name="retryIteration" value="0" />
                <property name="repeatIteration" value="0" />
              </properties>
              <output><![CDATA[
IgnoreFailingMessages:true
]]></output>
            </test-case>
            <test-case id="1073" name="Load_EmptyPath_ReturnsFalse" fullname="AreaTargetPlugin.Tests.FeatureDatabaseReaderTests.Load_EmptyPath_ReturnsFalse" methodname="Load_EmptyPath_ReturnsFalse" classname="AreaTargetPlugin.Tests.FeatureDatabaseReaderTests" runstate="Runnable" seed="1677426478" result="Passed" start-time="2026-03-19 09:36:17Z" end-time="2026-03-19 09:36:17Z" duration="0.001060" asserts="0">
              <properties>
                <property name="retryIteration" value="0" />
                <property name="repeatIteration" value="0" />
              </properties>
              <output><![CDATA[
IgnoreFailingMessages:true
[FeatureDatabaseReader] Database file not found: 
]]></output>
            </test-case>
            <test-case id="1074" name="Load_NonexistentPath_ReturnsFalse" fullname="AreaTargetPlugin.Tests.FeatureDatabaseReaderTests.Load_NonexistentPath_ReturnsFalse" methodname="Load_NonexistentPath_ReturnsFalse" classname="AreaTargetPlugin.Tests.FeatureDatabaseReaderTests" runstate="Runnable" seed="1404301541" result="Passed" start-time="2026-03-19 09:36:17Z" end-time="2026-03-19 09:36:17Z" duration="0.000450" asserts="0">
              <properties>
                <property name="retryIteration" value="0" />
                <property name="repeatIteration" value="0" />
              </properties>
              <output><![CDATA[
IgnoreFailingMessages:true
[FeatureDatabaseReader] Database file not found: /nonexistent/path/features.db
]]></output>
            </test-case>
            <test-case id="1072" name="Load_NullPath_ReturnsFalse" fullname="AreaTargetPlugin.Tests.FeatureDatabaseReaderTests.Load_NullPath_ReturnsFalse" methodname="Load_NullPath_ReturnsFalse" classname="AreaTargetPlugin.Tests.FeatureDatabaseReaderTests" runstate="Runnable" seed="2063007618" result="Passed" start-time="2026-03-19 09:36:17Z" end-time="2026-03-19 09:36:17Z" duration="0.000395" asserts="0">
              <properties>
                <property name="retryIteration" value="0" />
                <property name="repeatIteration" value="0" />
              </properties>
              <output><![CDATA[
IgnoreFailingMessages:true
[FeatureDatabaseReader] Database file not found: 
]]></output>
            </test-case>
            <test-case id="1071" name="Matrix4x4_RoundTrip_PreservesValues" fullname="AreaTargetPlugin.Tests.FeatureDatabaseReaderTests.Matrix4x4_RoundTrip_PreservesValues" methodname="Matrix4x4_RoundTrip_PreservesValues" classname="AreaTargetPlugin.Tests.FeatureDatabaseReaderTests" runstate="Runnable" seed="2128715893" result="Passed" start-time="2026-03-19 09:36:17Z" end-time="2026-03-19 09:36:17Z" duration="0.000158" asserts="0">
              <properties>
                <property name="retryIteration" value="0" />
                <property name="repeatIteration" value="0" />
              </properties>
              <output><![CDATA[
IgnoreFailingMessages:true
]]></output>
            </test-case>
            <test-case id="1068" name="Matrix4x4ToArray_Identity_Returns16Floats" fullname="AreaTargetPlugin.Tests.FeatureDatabaseReaderTests.Matrix4x4ToArray_Identity_Returns16Floats" methodname="Matrix4x4ToArray_Identity_Returns16Floats" classname="AreaTargetPlugin.Tests.FeatureDatabaseReaderTests" runstate="Runnable" seed="1091713514" result="Passed" start-time="2026-03-19 09:36:17Z" end-time="2026-03-19 09:36:17Z" duration="0.000126" asserts="0">
              <properties>
                <property name="retryIteration" value="0" />
                <property name="repeatIteration" value="0" />
              </properties>
              <output><![CDATA[
IgnoreFailingMessages:true
]]></output>
            </test-case>
          </test-suite>
          <test-suite type="TestFixture" id="1087" name="KalmanPoseFilterTests" fullname="AreaTargetPlugin.Tests.KalmanPoseFilterTests" classname="AreaTargetPlugin.Tests.KalmanPoseFilterTests" runstate="Runnable" testcasecount="10" result="Passed" start-time="2026-03-19 09:36:17Z" end-time="2026-03-19 09:36:17Z" duration="0.005395" total="10" passed="10" failed="0" inconclusive="0" skipped="0" asserts="0">
            <properties />
            <test-case id="1092" name="ConstantPose_SmoothedConvergesToInput" fullname="AreaTargetPlugin.Tests.KalmanPoseFilterTests.ConstantPose_SmoothedConvergesToInput" methodname="ConstantPose_SmoothedConvergesToInput" classname="AreaTargetPlugin.Tests.KalmanPoseFilterTests" runstate="Runnable" seed="1214183498" result="Passed" start-time="2026-03-19 09:36:17Z" end-time="2026-03-19 09:36:17Z" duration="0.001607" asserts="0">
              <properties>
                <property name="retryIteration" value="0" />
                <property name="repeatIteration" value="0" />
              </properties>
              <output><![CDATA[
IgnoreFailingMessages:true
]]></output>
            </test-case>
            <test-case id="1097" name="EulerToMatrix_IdentityRotation_ProducesIdentity" fullname="AreaTargetPlugin.Tests.KalmanPoseFilterTests.EulerToMatrix_IdentityRotation_ProducesIdentity" methodname="EulerToMatrix_IdentityRotation_ProducesIdentity" classname="AreaTargetPlugin.Tests.KalmanPoseFilterTests" runstate="Runnable" seed="1759518897" result="Passed" start-time="2026-03-19 09:36:17Z" end-time="2026-03-19 09:36:17Z" duration="0.000197" asserts="0">
              <properties>
                <property name="retryIteration" value="0" />
                <property name="repeatIteration" value="0" />
              </properties>
              <output><![CDATA[
IgnoreFailingMessages:true
]]></output>
            </test-case>
            <test-case id="1095" name="EulerToMatrix_MatrixToEuler_RoundTrip" fullname="AreaTargetPlugin.Tests.KalmanPoseFilterTests.EulerToMatrix_MatrixToEuler_RoundTrip" methodname="EulerToMatrix_MatrixToEuler_RoundTrip" classname="AreaTargetPlugin.Tests.KalmanPoseFilterTests" runstate="Runnable" seed="132618460" result="Passed" start-time="2026-03-19 09:36:17Z" end-time="2026-03-19 09:36:17Z" duration="0.000153" asserts="0">
              <properties>
                <property name="retryIteration" value="0" />
                <property name="repeatIteration" value="0" />
              </properties>
              <output><![CDATA[
IgnoreFailingMessages:true
]]></output>
            </test-case>
            <test-case id="1089" name="FirstUpdate_InitializesFilter_ReturnsInputPose" fullname="AreaTargetPlugin.Tests.KalmanPoseFilterTests.FirstUpdate_InitializesFilter_ReturnsInputPose" methodname="FirstUpdate_InitializesFilter_ReturnsInputPose" classname="AreaTargetPlugin.Tests.KalmanPoseFilterTests" runstate="Runnable" seed="1428594067" result="Passed" start-time="2026-03-19 09:36:17Z" end-time="2026-03-19 09:36:17Z" duration="0.000289" asserts="0">
              <properties>
                <property name="retryIteration" value="0" />
                <property name="repeatIteration" value="0" />
              </properties>
              <output><![CDATA[
IgnoreFailingMessages:true
]]></output>
            </test-case>
            <test-case id="1088" name="NewFilter_IsNotInitialized" fullname="AreaTargetPlugin.Tests.KalmanPoseFilterTests.NewFilter_IsNotInitialized" methodname="NewFilter_IsNotInitialized" classname="AreaTargetPlugin.Tests.KalmanPoseFilterTests" runstate="Runnable" seed="1392450459" result="Passed" start-time="2026-03-19 09:36:17Z" end-time="2026-03-19 09:36:17Z" duration="0.000086" asserts="0">
              <properties>
                <property name="retryIteration" value="0" />
                <property name="repeatIteration" value="0" />
              </properties>
              <output><![CDATA[
IgnoreFailingMessages:true
]]></output>
            </test-case>
            <test-case id="1091" name="NoisySequence_SmoothedOutputIsLessNoisy" fullname="AreaTargetPlugin.Tests.KalmanPoseFilterTests.NoisySequence_SmoothedOutputIsLessNoisy" methodname="NoisySequence_SmoothedOutputIsLessNoisy" classname="AreaTargetPlugin.Tests.KalmanPoseFilterTests" runstate="Runnable" seed="1705533246" result="Passed" start-time="2026-03-19 09:36:17Z" end-time="2026-03-19 09:36:17Z" duration="0.000600" asserts="0">
              <properties>
                <property name="retryIteration" value="0" />
                <property name="repeatIteration" value="0" />
              </properties>
              <output><![CDATA[
IgnoreFailingMessages:true
]]></output>
            </test-case>
[...]
                <properties>
                  <property name="retryIteration" value="0" />
                  <property name="repeatIteration" value="0" />
                </properties>
                <output><![CDATA[
IgnoreFailingMessages:true
]]></output>
              </test-case>
              <test-case id="1292" name="P6_PoseSequence_Case14" fullname="AreaTargetPlugin.Tests.PoseSmoothingPropertyTests.P6_PoseSequence_Case14" methodname="P6_SmoothedPoseSequence_EachStepWithinBounds" classname="AreaTargetPlugin.Tests.PoseSmoothingPropertyTests" runstate="Runnable" seed="1287339032" result="Passed" start-time="2026-03-19 09:36:19Z" end-time="2026-03-19 09:36:19Z" duration="0.000219" asserts="0">
                <properties>
                  <property name="retryIteration" value="0" />
                  <property name="repeatIteration" value="0" />
                </properties>
                <output><![CDATA[
IgnoreFailingMessages:true
]]></output>
              </test-case>
              <test-case id="1293" name="P6_PoseSequence_Case15" fullname="AreaTargetPlugin.Tests.PoseSmoothingPropertyTests.P6_PoseSequence_Case15" methodname="P6_SmoothedPoseSequence_EachStepWithinBounds" classname="AreaTargetPlugin.Tests.PoseSmoothingPropertyTests" runstate="Runnable" seed="123113344" result="Passed" start-time="2026-03-19 09:36:19Z" end-time="2026-03-19 09:36:19Z" duration="0.000225" asserts="0">
                <properties>
                  <property name="retryIteration" value="0" />
                  <property name="repeatIteration" value="0" />
                </properties>
                <output><![CDATA[
IgnoreFailingMessages:true
]]></output>
              </test-case>
              <test-case id="1294" name="P6_PoseSequence_Case16" fullname="AreaTargetPlugin.Tests.PoseSmoothingPropertyTests.P6_PoseSequence_Case16" methodname="P6_SmoothedPoseSequence_EachStepWithinBounds" classname="AreaTargetPlugin.Tests.PoseSmoothingPropertyTests" runstate="Runnable" seed="1322187275" result="Passed" start-time="2026-03-19 09:36:19Z" end-time="2026-03-19 09:36:19Z" duration="0.000228" asserts="0">
                <properties>
                  <property name="retryIteration" value="0" />
                  <property name="repeatIteration" value="0" />
                </properties>
                <output><![CDATA[
IgnoreFailingMessages:true
]]></output>
              </test-case>
              <test-case id="1295" name="P6_PoseSequence_Case17" fullname="AreaTargetPlugin.Tests.PoseSmoothingPropertyTests.P6_PoseSequence_Case17" methodname="P6_SmoothedPoseSequence_EachStepWithinBounds" classname="AreaTargetPlugin.Tests.PoseSmoothingPropertyTests" runstate="Runnable" seed="891179951" result="Passed" start-time="2026-03-19 09:36:19Z" end-time="2026-03-19 09:36:19Z" duration="0.000221" asserts="0">
                <properties>
                  <property name="retryIteration" value="0" />
                  <property name="repeatIteration" value="0" />
                </properties>
                <output><![CDATA[
IgnoreFailingMessages:true
]]></output>
              </test-case>
              <test-case id="1296" name="P6_PoseSequence_Case18" fullname="AreaTargetPlugin.Tests.PoseSmoothingPropertyTests.P6_PoseSequence_Case18" methodname="P6_SmoothedPoseSequence_EachStepWithinBounds" classname="AreaTargetPlugin.Tests.PoseSmoothingPropertyTests" runstate="Runnable" seed="1441644325" result="Passed" start-time="2026-03-19 09:36:19Z" end-time="2026-03-19 09:36:19Z" duration="0.000216" asserts="0">
                <properties>
                  <property name="retryIteration" value="0" />
                  <property name="repeatIteration" value="0" />
                </properties>
                <output><![CDATA[
IgnoreFailingMessages:true
]]></output>
              </test-case>
              <test-case id="1297" name="P6_PoseSequence_Case19" fullname="AreaTargetPlugin.Tests.PoseSmoothingPropertyTests.P6_PoseSequence_Case19" methodname="P6_SmoothedPoseSequence_EachStepWithinBounds" classname="AreaTargetPlugin.Tests.PoseSmoothingPropertyTests" runstate="Runnable" seed="2050795586" result="Passed" start-time="2026-03-19 09:36:19Z" end-time="2026-03-19 09:36:19Z" duration="0.000215" asserts="0">
                <properties>
                  <property name="retryIteration" value="0" />
                  <property name="repeatIteration" value="0" />
                </properties>
                <output><![CDATA[
IgnoreFailingMessages:true
]]></output>
              </test-case>
            </test-suite>
          </test-suite>
          <test-suite type="TestFixture" id="1299" name="TrackingStateTests" fullname="AreaTargetPlugin.Tests.TrackingStateTests" classname="AreaTargetPlugin.Tests.TrackingStateTests" runstate="Runnable" testcasecount="8" result="Passed" start-time="2026-03-19 09:36:19Z" end-time="2026-03-19 09:36:19Z" duration="0.006686" total="8" passed="8" failed="0" inconclusive="0" skipped="0" asserts="0">
            <properties />
            <test-case id="1307" name="Dispose_CalledMultipleTimes_DoesNotThrow" fullname="AreaTargetPlugin.Tests.TrackingStateTests.Dispose_CalledMultipleTimes_DoesNotThrow" methodname="Dispose_CalledMultipleTimes_DoesNotThrow" classname="AreaTargetPlugin.Tests.TrackingStateTests" runstate="Runnable" seed="353930087" result="Passed" start-time="2026-03-19 09:36:19Z" end-time="2026-03-19 09:36:19Z" duration="0.001202" asserts="0">
              <properties>
                <property name="retryIteration" value="0" />
                <property name="repeatIteration" value="0" />
              </properties>
              <output><![CDATA[
IgnoreFailingMessages:true
[AreaTargetPlugin] Tracker disposed.
]]></output>
            </test-case>
            <test-case id="1305" name="Dispose_SetsStateToLost" fullname="AreaTargetPlugin.Tests.TrackingStateTests.Dispose_SetsStateToLost" methodname="Dispose_SetsStateToLost" classname="AreaTargetPlugin.Tests.TrackingStateTests" runstate="Runnable" seed="1304743634" result="Passed" start-time="2026-03-19 09:36:19Z" end-time="2026-03-19 09:36:19Z" duration="0.000539" asserts="0">
              <properties>
                <property name="retryIteration" value="0" />
                <property name="repeatIteration" value="0" />
              </properties>
              <output><![CDATA[
IgnoreFailingMessages:true
[AreaTargetPlugin] Tracker disposed.
]]></output>
            </test-case>
            <test-case id="1306" name="Initialize_AfterDispose_ReturnsFalse" fullname="AreaTargetPlugin.Tests.TrackingStateTests.Initialize_AfterDispose_ReturnsFalse" methodname="Initialize_AfterDispose_ReturnsFalse" classname="AreaTargetPlugin.Tests.TrackingStateTests" runstate="Runnable" seed="91624586" result="Passed" start-time="2026-03-19 09:36:19Z" end-time="2026-03-19 09:36:19Z" duration="0.000925" asserts="0">
              <properties>
                <property name="retryIteration" value="0" />
                <property name="repeatIteration" value="0" />
              </properties>
              <output><![CDATA[
IgnoreFailingMessages:true
[AreaTargetPlugin] Tracker disposed.
[AreaTargetPlugin] Cannot initialize a disposed tracker.
]]></output>
            </test-case>
            <test-case id="1300" name="NewTracker_InitialState_IsInitializing" fullname="AreaTargetPlugin.Tests.TrackingStateTests.NewTracker_InitialState_IsInitializing" methodname="NewTracker_InitialState_IsInitializing" classname="AreaTargetPlugin.Tests.TrackingStateTests" runstate="Runnable" seed="1458733198" result="Passed" start-time="2026-03-19 09:36:19Z" end-time="2026-03-19 09:36:19Z" duration="0.000439" asserts="0">
              <properties>
                <property name="retryIteration" value="0" />
                <property name="repeatIteration" value="0" />
              </properties>
              <output><![CDATA[
IgnoreFailingMessages:true
[AreaTargetPlugin] Tracker disposed.
]]></output>
            </test-case>
            <test-case id="1302" name="ProcessFrame_AfterDispose_ReturnsLost" fullname="AreaTargetPlugin.Tests.TrackingStateTests.ProcessFrame_AfterDispose_ReturnsLost" methodname="ProcessFrame_AfterDispose_ReturnsLost" classname="AreaTargetPlugin.Tests.TrackingStateTests" runstate="Runnable" seed="1318565709" result="Passed" start-time="2026-03-19 09:36:19Z" end-time="2026-03-19 09:36:19Z" duration="0.000494" asserts="0">
              <properties>
                <property name="retryIteration" value="0" />
                <property name="repeatIteration" value="0" />
              </properties>
              <output><![CDATA[
IgnoreFailingMessages:true
[AreaTargetPlugin] Tracker disposed.
]]></output>
            </test-case>
            <test-case id="1301" name="ProcessFrame_NotInitialized_ReturnsLost" fullname="AreaTargetPlugin.Tests.TrackingStateTests.ProcessFrame_NotInitialized_ReturnsLost" methodname="ProcessFrame_NotInitialized_ReturnsLost" classname="AreaTargetPlugin.Tests.TrackingStateTests" runstate="Runnable" seed="1360081381" result="Passed" start-time="2026-03-19 09:36:19Z" end-time="2026-03-19 09:36:19Z" duration="0.000440" asserts="0">
              <properties>
                <property name="retryIteration" value="0" />
                <property name="repeatIteration" value="0" />
              </properties>
              <output><![CDATA[
IgnoreFailingMessages:true
[AreaTargetPlugin] Tracker disposed.
]]></output>
            </test-case>
            <test-case id="1303" name="Reset_SetsStateToInitializing" fullname="AreaTargetPlugin.Tests.TrackingStateTests.Reset_SetsStateToInitializing" methodname="Reset_SetsStateToInitializing" classname="AreaTargetPlugin.Tests.TrackingStateTests" runstate="Runnable" seed="101126058" result="Passed" start-time="2026-03-19 09:36:19Z" end-time="2026-03-19 09:36:19Z" duration="0.000704" asserts="0">
              <properties>
                <property name="retryIteration" value="0" />
                <property name="repeatIteration" value="0" />
              </properties>
              <output><![CDATA[
IgnoreFailingMessages:true
[AreaTargetPlugin] Tracker reset.
[AreaTargetPlugin] Tracker disposed.
]]></output>
            </test-case>
            <test-case id="1304" name="Reset_WhenNotInitialized_DoesNotThrow" fullname="AreaTargetPlugin.Tests.TrackingStateTests.Reset_WhenNotInitialized_DoesNotThrow" methodname="Reset_WhenNotInitialized_DoesNotThrow" classname="AreaTargetPlugin.Tests.TrackingStateTests" runstate="Runnable" seed="1445966494" result="Passed" start-time="2026-03-19 09:36:19Z" end-time="2026-03-19 09:36:19Z" duration="0.000797" asserts="0">
              <properties>
                <property name="retryIteration" value="0" />
                <property name="repeatIteration" value="0" />
              </properties>
              <output><![CDATA[
IgnoreFailingMessages:true
[AreaTargetPlugin] Tracker reset.
[AreaTargetPlugin] Tracker disposed.
]]></output>
            </test-case>
          </test-suite>
          <test-suite type="TestFixture" id="1308" name="VisualLocalizationTests" fullname="AreaTargetPlugin.Tests.VisualLocalizationTests" classname="AreaTargetPlugin.Tests.VisualLocalizationTests" runstate="Runnable" testcasecount="11" result="Passed" start-time="2026-03-19 09:36:19Z" end-time="2026-03-19 09:36:19Z" duration="0.004439" total="11" passed="11" failed="0" inconclusive="0" skipped="0" asserts="0">
            <properties />
            <test-case id="1317" name="ComposePoseMatrix_IdentityRotation_ReturnsCorrectMatrix" fullname="AreaTargetPlugin.Tests.VisualLocalizationTests.ComposePoseMatrix_IdentityRotation_ReturnsCorrectMatrix" methodname="ComposePoseMatrix_IdentityRotation_ReturnsCorrectMatrix" classname="AreaTargetPlugin.Tests.VisualLocalizationTests" runstate="Runnable" seed="1815905702" result="Passed" start-time="2026-03-19 09:36:19Z" end-time="2026-03-19 09:36:19Z" duration="0.000421" asserts="0">
              <properties>
                <property name="retryIteration" value="0" />
                <property name="repeatIteration" value="0" />
              </properties>
              <output><![CDATA[
IgnoreFailingMessages:true
]]></output>
            </test-case>
            <test-case id="1318" name="ComposePoseMatrix_NonTrivialRotation_ProducesValidRigidTransform" fullname="AreaTargetPlugin.Tests.VisualLocalizationTests.ComposePoseMatrix_NonTrivialRotation_ProducesValidRigidTransform" methodname="ComposePoseMatrix_NonTrivialRotation_ProducesValidRigidTransform" classname="AreaTargetPlugin.Tests.VisualLocalizationTests" runstate="Runnable" seed="2046864674" result="Passed" start-time="2026-03-19 09:36:19Z" end-time="2026-03-19 09:36:19Z" duration="0.000166" asserts="0">
              <properties>
                <property name="retryIteration" value="0" />
                <property name="repeatIteration" value="0" />
              </properties>
              <output><![CDATA[
IgnoreFailingMessages:true
]]></output>
            </test-case>
            <test-case id="1316" name="Confidence_With0Inliers_Returns0" fullname="AreaTargetPlugin.Tests.VisualLocalizationTests.Confidence_With0Inliers_Returns0" methodname="Confidence_With0Inliers_Returns0" classname="AreaTargetPlugin.Tests.VisualLocalizationTests" runstate="Runnable" seed="1049370194" result="Passed" start-time="2026-03-19 09:36:19Z" end-time="2026-03-19 09:36:19Z" duration="0.000093" asserts="0">
              <properties>
                <property name="retryIteration" value="0" />
                <property name="repeatIteration" value="0" />
              </properties>
              <output><![CDATA[
IgnoreFailingMessages:true
]]></output>
            </test-case>
            <test-case id="1314" name="Confidence_With100Inliers_Returns1Point0" fullname="AreaTargetPlugin.Tests.VisualLocalizationTests.Confidence_With100Inliers_Returns1Point0" methodname="Confidence_With100Inliers_Returns1Point0" classname="AreaTargetPlugin.Tests.VisualLocalizationTests" runstate="Runnable" seed="301884547" result="Passed" start-time="2026-03-19 09:36:19Z" end-time="2026-03-19 09:36:19Z" duration="0.000080" asserts="0">
              <properties>
                <property name="retryIteration" value="0" />
                <property name="repeatIteration" value="0" />
              </properties>
              <output><![CDATA[
IgnoreFailingMessages:true
]]></output>
            </test-case>
            <test-case id="1315" name="Confidence_With200Inliers_ClampedTo1Point0" fullname="AreaTargetPlugin.Tests.VisualLocalizationTests.Confidence_With200Inliers_ClampedTo1Point0" methodname="Confidence_With200Inliers_ClampedTo1Point0" classname="AreaTargetPlugin.Tests.VisualLocalizationTests" runstate="Runnable" seed="286848453" result="Passed" start-time="2026-03-19 09:36:19Z" end-time="2026-03-19 09:36:19Z" duration="0.000075" asserts="0">
              <properties>
                <property name="retryIteration" value="0" />
                <property name="repeatIteration" value="0" />
              </properties>
              <output><![CDATA[
IgnoreFailingMessages:true
]]></output>
            </test-case>
            <test-case id="1312" name="Confidence_With20Inliers_Returns0Point2" fullname="AreaTargetPlugin.Tests.VisualLocalizationTests.Confidence_With20Inliers_Returns0Point2" methodname="Confidence_With20Inliers_Returns0Point2" classname="AreaTargetPlugin.Tests.VisualLocalizationTests" runstate="Runnable" seed="1963441258" result="Passed" start-time="2026-03-19 09:36:19Z" end-time="2026-03-19 09:36:19Z" duration="0.000070" asserts="0">
              <properties>
                <property name="retryIteration" value="0" />
                <property name="repeatIteration" value="0" />
              </properties>
              <output><![CDATA[
IgnoreFailingMessages:true
]]></output>
            </test-case>
            <test-case id="1313" name="Confidence_With50Inliers_Returns0Point5" fullname="AreaTargetPlugin.Tests.VisualLocalizationTests.Confidence_With50Inliers_Returns0Point5" methodname="Confidence_With50Inliers_Returns0Point5" classname="AreaTargetPlugin.Tests.VisualLocalizationTests" runstate="Runnable" seed="1243691394" result="Passed" start-time="2026-03-19 09:36:19Z" end-time="2026-03-19 09:36:19Z" duration="0.000072" asserts="0">
              <properties>
                <property name="retryIteration" value="0" />
                <property name="repeatIteration" value="0" />
              </properties>
              <output><![CDATA[
IgnoreFailingMessages:true
]]></output>
            </test-case>
            <test-case id="1319" name="ExtractTranslation_ReturnsCorrectValues" fullname="AreaTargetPlugin.Tests.VisualLocalizationTests.ExtractTranslation_ReturnsCorrectValues" methodname="ExtractTranslation_ReturnsCorrectValues" classname="AreaTargetPlugin.Tests.VisualLocalizationTests" runstate="Runnable" seed="1544497305" result="Passed" start-time="2026-03-19 09:36:19Z" end-time="2026-03-19 09:36:19Z" duration="0.000124" asserts="0">
              <properties>
                <property name="retryIteration" value="0" />
                <property name="repeatIteration" value="0" />
              </properties>
              <output><![CDATA[
IgnoreFailingMessages:true
]]></output>
            </test-case>
            <test-case id="1311" name="ProcessFrame_EmptyImage_ReturnsLost" fullname="AreaTargetPlugin.Tests.VisualLocalizationTests.ProcessFrame_EmptyImage_ReturnsLost" methodname="ProcessFrame_EmptyImage_ReturnsLost" classname="AreaTargetPlugin.Tests.VisualLocalizationTests" runstate="Runnable" seed="1051340942" result="Passed" start-time="2026-03-19 09:36:19Z" end-time="2026-03-19 09:36:19Z" duration="0.001082" asserts="0">
              <properties>
                <property name="retryIteration" value="0" />
                <property name="repeatIteration" value="0" />
              </properties>
              <output><![CDATA[
IgnoreFailingMessages:true
]]></output>
            </test-case>
            <test-case id="1310" name="ProcessFrame_InsufficientFeatures_ReturnsLost" fullname="AreaTargetPlugin.Tests.VisualLocalizationTests.ProcessFrame_InsufficientFeatures_ReturnsLost" methodname="ProcessFrame_InsufficientFeatures_ReturnsLost" classname="AreaTargetPlugin.Tests.VisualLocalizationTests" runstate="Runnable" seed="264936606" result="Passed" start-time="2026-03-19 09:36:19Z" end-time="2026-03-19 09:36:19Z" duration="0.000323" asserts="0">
              <properties>
                <property name="retryIteration" value="0" />
                <property name="repeatIteration" value="0" />
              </properties>
              <output><![CDATA[
IgnoreFailingMessages:true
]]></output>
            </test-case>
            <test-case id="1309" name="SolvePnP_WithSyntheticCorrespondences_RecoversPoseAccurately" fullname="AreaTargetPlugin.Tests.VisualLocalizationTests.SolvePnP_WithSyntheticCorrespondences_RecoversPoseAccurately" methodname="SolvePnP_WithSyntheticCorrespondences_RecoversPoseAccurately" classname="AreaTargetPlugin.Tests.VisualLocalizationTests" runstate="Runnable" seed="1883642831" result="Passed" start-time="2026-03-19 09:36:19Z" end-time="2026-03-19 09:36:19Z" duration="0.000508" asserts="0">
              <properties>
                <property name="retryIteration" value="0" />
                <property name="repeatIteration" value="0" />
              </properties>
              <output><![CDATA[
IgnoreFailingMessages:true
Saving results to: ./unity_project/unity_test_results.xml
]]></output>
            </test-case>
          </test-suite>
        </test-suite>
      </test-suite>
    </test-suite>
  </test-suite>
</test-run>