<?xml version="1.0" encoding="utf-8"?>
<test-run id="2" testcasecount="407" result="Passed" total="407" passed="407" failed="0" inconclusive="0" skipped="0" asserts="0" engine-version="3.5.0.0" clr-version="4.0.30319.42000" start-time="2026-03-20 01:56:37Z" end-time="2026-03-20 01:56:38Z" duration="1.0122033">
  <test-suite type="TestSuite" id="1000" name="AreaTargetTest" fullname="AreaTargetTest" runstate="Runnable" testcasecount="737" result="Passed" start-time="2026-03-20 01:56:37Z" end-time="2026-03-20 01:56:38Z" duration="1.012203" total="407" passed="407" failed="0" inconclusive="0" skipped="0" asserts="0">
    <properties>
      <property name="platform" value="EditMode" />
    </properties>
    <test-suite type="Assembly" id="1765" name="AreaTargetPlugin.Tests.dll" fullname="/Users/geek/Project/point/unity_project/Library/ScriptAssemblies/AreaTargetPlugin.Tests.dll" runstate="Runnable" testcasecount="737" result="Passed" start-time="2026-03-20 01:56:37Z" end-time="2026-03-20 01:56:38Z" duration="1.003552" total="407" passed="407" failed="0" inconclusive="0" skipped="0" asserts="0">
      <properties>
        <property name="_PID" value="56661" />
        <property name="_APPDOMAIN" value="Unity Child Domain" />
        <property name="platform" value="EditMode" />
        <property name="EditorOnly" value="True" />
      </properties>
      <test-suite type="TestSuite" id="1766" name="AreaTargetPlugin" fullname="AreaTargetPlugin" runstate="Runnable" testcasecount="737" result="Passed" start-time="2026-03-20 01:56:37Z" end-time="2026-03-20 01:56:38Z" duration="0.999322" total="407" passed="407" failed="0" inconclusive="0" skipped="0" asserts="0">
        <properties />
        <test-suite type="TestSuite" id="1767" name="Tests" fullname="AreaTargetPlugin.Tests" runstate="Runnable" testcasecount="737" result="Passed" start-time="2026-03-20 01:56:37Z" end-time="2026-03-20 01:56:38Z" duration="0.992521" total="407" passed="407" failed="0" inconclusive="0" skipped="0" asserts="0">
          <properties />
          <test-suite type="TestFixture" id="1076" name="DownloadTestSceneManagerPropertyTests" fullname="AreaTargetPlugin.Tests.DownloadTestSceneManagerPropertyTests" classname="AreaTargetPlugin.Tests.DownloadTestSceneManagerPropertyTests" runstate="Runnable" testcasecount="407" result="Passed" start-time="2026-03-20 01:56:37Z" end-time="2026-03-20 01:56:38Z" duration="0.987596" total="407" passed="407" failed="0" inconclusive="0" skipped="0" asserts="0">
            <properties />
            <test-suite type="ParameterizedMethod" id="1083" name="P1_DownloadButton_InteractableMatchesSceneState" fullname="AreaTargetPlugin.Tests.DownloadTestSceneManagerPropertyTests.P1_DownloadButton_InteractableMatchesSceneState" classname="AreaTargetPlugin.Tests.DownloadTestSceneManagerPropertyTests" runstate="Runnable" testcasecount="6" result="Passed" start-time="2026-03-20 01:56:37Z" end-time="2026-03-20 01:56:37Z" duration="0.032172" total="6" passed="6" failed="0" inconclusive="0" skipped="0" asserts="0">
              <properties />
              <test-case id="1077" name="P1_ButtonState_Idle_InteractableTrue" fullname="AreaTargetPlugin.Tests.DownloadTestSceneManagerPropertyTests.P1_ButtonState_Idle_InteractableTrue" methodname="P1_DownloadButton_InteractableMatchesSceneState" classname="AreaTargetPlugin.Tests.DownloadTestSceneManagerPropertyTests" runstate="Runnable" seed="10025553" result="Passed" start-time="2026-03-20 01:56:37Z" end-time="2026-03-20 01:56:37Z" duration="0.023653" asserts="0">
                <properties>
                  <property name="retryIteration" value="0" />
                  <property name="repeatIteration" value="0" />
                </properties>
              </test-case>
              <test-case id="1078" name="P1_ButtonState_Downloading_InteractableFalse" fullname="AreaTargetPlugin.Tests.DownloadTestSceneManagerPropertyTests.P1_ButtonState_Downloading_InteractableFalse" methodname="P1_DownloadButton_InteractableMatchesSceneState" classname="AreaTargetPlugin.Tests.DownloadTestSceneManagerPropertyTests" runstate="Runnable" seed="967852361" result="Passed" start-time="2026-03-20 01:56:37Z" end-time="2026-03-20 01:56:37Z" duration="0.000649" asserts="0">
                <properties>
                  <property name="retryIteration" value="0" />
                  <property name="repeatIteration" value="0" />
                </properties>
              </test-case>
              <test-case id="1079" name="P1_ButtonState_Extracting_InteractableFalse" fullname="AreaTargetPlugin.Tests.DownloadTestSceneManagerPropertyTests.P1_ButtonState_Extracting_InteractableFalse" methodname="P1_DownloadButton_InteractableMatchesSceneState" classname="AreaTargetPlugin.Tests.DownloadTestSceneManagerPropertyTests" runstate="Runnable" seed="751226920" result="Passed" start-time="2026-03-20 01:56:37Z" end-time="2026-03-20 01:56:37Z" duration="0.000290" asserts="0">
                <properties>
                  <property name="retryIteration" value="0" />
                  <property name="repeatIteration" value="0" />
                </properties>
              </test-case>
              <test-case id="1080" name="P1_ButtonState_Loading_InteractableFalse" fullname="AreaTargetPlugin.Tests.DownloadTestSceneManagerPropertyTests.P1_ButtonState_Loading_InteractableFalse" methodname="P1_DownloadButton_InteractableMatchesSceneState" classname="AreaTargetPlugin.Tests.DownloadTestSceneManagerPropertyTests" runstate="Runnable" seed="1427583151" result="Passed" start-time="2026-03-20 01:56:37Z" end-time="2026-03-20 01:56:37Z" duration="0.000276" asserts="0">
                <properties>
                  <property name="retryIteration" value="0" />
                  <property name="repeatIteration" value="0" />
                </properties>
              </test-case>
              <test-case id="1081" name="P1_ButtonState_Tracking_InteractableFalse" fullname="AreaTargetPlugin.Tests.DownloadTestSceneManagerPropertyTests.P1_ButtonState_Tracking_InteractableFalse" methodname="P1_DownloadButton_InteractableMatchesSceneState" classname="AreaTargetPlugin.Tests.DownloadTestSceneManagerPropertyTests" runstate="Runnable" seed="473992360" result="Passed" start-time="2026-03-20 01:56:37Z" end-time="2026-03-20 01:56:37Z" duration="0.000268" asserts="0">
                <properties>
                  <property name="retryIteration" value="0" />
                  <property name="repeatIteration" value="0" />
                </properties>
              </test-case>
              <test-case id="1082" name="P1_ButtonState_Error_InteractableTrue" fullname="AreaTargetPlugin.Tests.DownloadTestSceneManagerPropertyTests.P1_ButtonState_Error_InteractableTrue" methodname="P1_DownloadButton_InteractableMatchesSceneState" classname="AreaTargetPlugin.Tests.DownloadTestSceneManagerPropertyTests" runstate="Runnable" seed="529247512" result="Passed" start-time="2026-03-20 01:56:37Z" end-time="2026-03-20 01:56:37Z" duration="0.000262" asserts="0">
                <properties>
                  <property name="retryIteration" value="0" />
                  <property name="repeatIteration" value="0" />
                </properties>
              </test-case>
            </test-suite>
            <test-suite type="ParameterizedMethod" id="1387" name="P10_LostState_OriginCubePositionFrozen" fullname="AreaTargetPlugin.Tests.DownloadTestSceneManagerPropertyTests.P10_LostState_OriginCubePositionFrozen" classname="AreaTargetPlugin.Tests.DownloadTestSceneManagerPropertyTests" runstate="Runnable" testcasecount="100" result="Passed" start-time="2026-03-20 01:56:37Z" end-time="2026-03-20 01:56:37Z" duration="0.076135" total="100" passed="100" failed="0" inconclusive="0" skipped="0" asserts="0">
              <properties />
              <test-case id="1287" name="P10_LostFreeze_Pos(9.1,-1.8,1.8)_Frames10" fullname="AreaTargetPlugin.Tests.DownloadTestSceneManagerPropertyTests.P10_LostFreeze_Pos(9.1,-1.8,1.8)_Frames10" methodname="P10_LostState_OriginCubePositionFrozen" classname="AreaTargetPlugin.Tests.DownloadTestSceneManagerPropertyTests" runstate="Runnable" seed="524915892" result="Passed" start-time="2026-03-20 01:56:37Z" end-time="2026-03-20 01:56:37Z" duration="0.007173" asserts="0">
                <properties>
                  <property name="retryIteration" value="0" />
                  <property name="repeatIteration" value="0" />
                </properties>
              </test-case>
              <test-case id="1288" name="P10_LostFreeze_Pos(9.4,7.0,-1.9)_Frames1" fullname="AreaTargetPlugin.Tests.DownloadTestSceneManagerPropertyTests.P10_LostFreeze_Pos(9.4,7.0,-1.9)_Frames1" methodname="P10_LostState_OriginCubePositionFrozen" classname="AreaTargetPlugin.Tests.DownloadTestSceneManagerPropertyTests" runstate="Runnable" seed="571738668" result="Passed" start-time="2026-03-20 01:56:37Z" end-time="2026-03-20 01:56:37Z" duration="0.000547" asserts="0">
                <properties>
                  <property name="retryIteration" value="0" />
                  <property name="repeatIteration" value="0" />
                </properties>
              </test-case>
              <test-case id="1289" name="P10_LostFreeze_Pos(0.1,3.4,-9.6)_Frames6" fullname="AreaTargetPlugin.Tests.DownloadTestSceneManagerPropertyTests.P10_LostFreeze_Pos(0.1,3.4,-9.6)_Frames6" methodname="P10_LostState_OriginCubePositionFrozen" classname="AreaTargetPlugin.Tests.DownloadTestSceneManagerPropertyTests" runstate="Runnable" seed="1920642704" result="Passed" start-time="2026-03-20 01:56:37Z" end-time="2026-03-20 01:56:37Z" duration="0.000427" asserts="0">
                <properties>
                  <property name="retryIteration" value="0" />
                  <property name="repeatIteration" value="0" />
                </properties>
              </test-case>
              <test-case id="1290" name="P10_LostFreeze_Pos(1.3,0.6,7.6)_Frames2" fullname="AreaTargetPlugin.Tests.DownloadTestSceneManagerPropertyTests.P10_LostFreeze_Pos(1.3,0.6,7.6)_Frames2" methodname="P10_LostState_OriginCubePositionFrozen" classname="AreaTargetPlugin.Tests.DownloadTestSceneManagerPropertyTests" runstate="Runnable" seed="197967241" result="Passed" start-time="2026-03-20 01:56:37Z" end-time="2026-03-20 01:56:37Z" duration="0.000345" asserts="0">
                <properties>
                  <property name="retryIteration" value="0" />
                  <property name="repeatIteration" value="0" />
                </properties>
              </test-case>
              <test-case id="1291" name="P10_LostFreeze_Pos(-5.4,4.7,5.2)_Frames2" fullname="AreaTargetPlugin.Tests.DownloadTestSceneManagerPropertyTests.P10_LostFreeze_Pos(-5.4,4.7,5.2)_Frames2" methodname="P10_LostState_OriginCubePositionFrozen" classname="AreaTargetPlugin.Tests.DownloadTestSceneManagerPropertyTests" runstate="Runnable" seed="500156212" result="Passed" start-time="2026-03-20 01:56:37Z" end-time="2026-03-20 01:56:37Z" duration="0.000336" asserts="0">
                <properties>
                  <property name="retryIteration" value="0" />
                  <property name="repeatIteration" value="0" />
                </properties>
              </test-case>
              <test-case id="1292" name="P10_LostFreeze_Pos(-9.0,4.8,-9.9)_Frames10" fullname="AreaTargetPlugin.Tests.DownloadTestSceneManagerPropertyTests.P10_LostFreeze_Pos(-9.0,4.8,-9.9)_Frames10" methodname="P10_LostState_OriginCubePositionFrozen" classname="AreaTargetPlugin.Tests.DownloadTestSceneManagerPropertyTests" runstate="Runnable" seed="572254086" result="Passed" start-time="2026-03-20 01:56:37Z" end-time="2026-03-20 01:56:37Z" duration="0.000461" asserts="0">
                <properties>
                  <property name="retryIteration" value="0" />
                  <property name="repeatIteration" value="0" />
                </properties>
              </test-case>
              <test-case id="1293" name="P10_LostFreeze_Pos(-5.1,-9.0,-7.3)_Frames4" fullname="AreaTargetPlugin.Tests.DownloadTestSceneManagerPropertyTests.P10_LostFreeze_Pos(-5.1,-9.0,-7.3)_Frames4" methodname="P10_LostState_OriginCubePositionFrozen" classname="AreaTargetPlugin.Tests.DownloadTestSceneManagerPropertyTests" runstate="Runnable" seed="157143374" result="Passed" start-time="2026-03-20 01:56:37Z" end-time="2026-03-20 01:56:37Z" duration="0.000398" asserts="0">
                <properties>
                  <property name="retryIteration" value="0" />
                  <property name="repeatIteration" value="0" />
                </properties>
              </test-case>
              <test-case id="1294" name="P10_LostFreeze_Pos(6.3,-8.1,2.3)_Frames8" fullname="AreaTargetPlugin.Tests.DownloadTestSceneManagerPropertyTests.P10_LostFreeze_Pos(6.3,-8.1,2.3)_Frames8" methodname="P10_LostState_OriginCubePositionFrozen" classname="AreaTargetPlugin.Tests.DownloadTestSceneManagerPropertyTests" runstate="Runnable" seed="1366446082" result="Passed" start-time="2026-03-20 01:56:37Z" end-time="2026-03-20 01:56:37Z" duration="0.000411" asserts="0">
                <properties>
                  <property name="retryIteration" value="0" />
                  <property name="repeatIteration" value="0" />
                </properties>
              </test-case>
              <test-case id="1295" name="P10_LostFreeze_Pos(-4.8,8.4,0.6)_Frames1" fullname="AreaTargetPlugin.Tests.DownloadTestSceneManagerPropertyTests.P10_LostFreeze_Pos(-4.8,8.4,0.6)_Frames1" methodname="P10_LostState_OriginCubePositionFrozen" classname="AreaTargetPlugin.Tests.DownloadTestSceneManagerPropertyTests" runstate="Runnable" seed="101343857" result="Passed" start-time="2026-03-20 01:56:37Z" end-time="2026-03-20 01:56:37Z" duration="0.003728" asserts="0">
                <properties>
                  <property name="retryIteration" value="0" />
                  <property name="repeatIteration" value="0" />
                </properties>
              </test-case>
              <test-case id="1296" name="P10_LostFreeze_Pos(6.3,7.1,0.6)_Frames7" fullname="AreaTargetPlugin.Tests.DownloadTestSceneManagerPropertyTests.P10_LostFreeze_Pos(6.3,7.1,0.6)_Frames7" methodname="P10_LostState_OriginCubePositionFrozen" classname="AreaTargetPlugin.Tests.DownloadTestSceneManagerPropertyTests" runstate="Runnable" seed="876211466" result="Passed" start-time="2026-03-20 01:56:37Z" end-time="2026-03-20 01:56:37Z" duration="0.000558" asserts="0">
                <properties>
                  <property name="retryIteration" value="0" />
                  <property name="repeatIteration" value="0" />
                </properties>
              </test-case>
              <test-case id="1297" name="P10_LostFreeze_Pos(2.4,-7.8,-6.5)_Frames10" fullname="AreaTargetPlugin.Tests.DownloadTestSceneManagerPropertyTests.P10_LostFreeze_Pos(2.4,-7.8,-6.5)_Frames10" methodname="P10_LostState_OriginCubePositionFrozen" classname="AreaTargetPlugin.Tests.DownloadTestSceneManagerPropertyTests" runstate="Runnable" seed="1662225688" result="Passed" start-time="2026-03-20 01:56:37Z" end-time="2026-03-20 01:56:37Z" duration="0.000457" asserts="0">
                <properties>
                  <property name="retryIteration" value="0" />
                  <property name="repeatIteration" value="0" />
                </properties>
              </test-case>
              <test-case id="1298" name="P10_LostFreeze_Pos(0.1,2.1,0.7)_Frames7" fullname="AreaTargetPlugin.Tests.DownloadTestSceneManagerPropertyTests.P10_LostFreeze_Pos(0.1,2.1,0.7)_Frames7" methodname="P10_LostState_OriginCubePositionFrozen" classname="AreaTargetPlugin.Tests.DownloadTestSceneManagerPropertyTests" runstate="Runnable" seed="1736543506" result="Passed" start-time="2026-03-20 01:56:37Z" end-time="2026-03-20 01:56:37Z" duration="0.000412" asserts="0">
                <properties>
                  <property name="retryIteration" value="0" />
                  <property name="repeatIteration" value="0" />
                </properties>
              </test-case>
              <test-case id="1299" name="P10_LostFreeze_Pos(3.4,-2.0,-2.9)_Frames5" fullname="AreaTargetPlugin.Tests.DownloadTestSceneManagerPropertyTests.P10_LostFreeze_Pos(3.4,-2.0,-2.9)_Frames5" methodname="P10_LostState_OriginCubePositionFrozen" classname="AreaTargetPlugin.Tests.DownloadTestSceneManagerPropertyTests" runstate="Runnable" seed="773813576" result="Passed" start-time="2026-03-20 01:56:37Z" end-time="2026-03-20 01:56:37Z" duration="0.000373" asserts="0">
                <properties>
                  <property name="retryIteration" value="0" />
                  <property name="repeatIteration" value="0" />
                </properties>
              </test-case>
              <test-case id="1300" name="P10_LostFreeze_Pos(1.6,-6.5,2.3)_Frames3" fullname="AreaTargetPlugin.Tests.DownloadTestSceneManagerPropertyTests.P10_LostFreeze_Pos(1.6,-6.5,2.3)_Frames3" methodname="P10_LostState_OriginCubePositionFrozen" classname="AreaTargetPlugin.Tests.DownloadTestSceneManagerPropertyTests" runstate="Runnable" seed="554360324" result="Passed" start-time="2026-03-20 01:56:37Z" end-time="2026-03-20 01:56:37Z" duration="0.000349" asserts="0">
                <properties>
                  <property name="retryIteration" value="0" />
                  <property name="repeatIteration" value="0" />
                </properties>
              </test-case>
              <test-case id="1301" name="P10_LostFreeze_Pos(-1.9,3.2,4.9)_Frames10" fullname="AreaTargetPlugin.Tests.DownloadTestSceneManagerPropertyTests.P10_LostFreeze_Pos(-1.9,3.2,4.9)_Frames10" methodname="P10_LostState_OriginCubePositionFrozen" classname="AreaTargetPlugin.Tests.DownloadTestSceneManagerPropertyTests" runstate="Runnable" seed="1099589713" result="Passed" start-time="2026-03-20 01:56:37Z" end-time="2026-03-20 01:56:37Z" duration="0.000423" asserts="0">
                <properties>
                  <property name="retryIteration" value="0" />
                  <property name="repeatIteration" value="0" />
                </properties>
              </test-case>
              <test-case id="1302" name="P10_LostFreeze_Pos(4.3,-9.8,-4.9)_Frames5" fullname="AreaTargetPlugin.Tests.DownloadTestSceneManagerPropertyTests.P10_LostFreeze_Pos(4.3,-9.8,-4.9)_Frames5" methodname="P10_LostState_OriginCubePositionFrozen" classname="AreaTargetPlugin.Tests.DownloadTestSceneManagerPropertyTests" runstate="Runnable" seed="611292952" result="Passed" start-time="2026-03-20 01:56:37Z" end-time="2026-03-20 01:56:37Z" duration="0.000352" asserts="0">
                <properties>
                  <property name="retryIteration" value="0" />
                  <property name="repeatIteration" value="0" />
                </properties>
              </test-case>
              <test-case id="1303" name="P10_LostFreeze_Pos(-8.9,-4.3,-3.6)_Frames7" fullname="AreaTargetPlugin.Tests.DownloadTestSceneManagerPropertyTests.P10_LostFreeze_Pos(-8.9,-4.3,-3.6)_Frames7" methodname="P10_LostState_OriginCubePositionFrozen" classname="AreaTargetPlugin.Tests.DownloadTestSceneManagerPropertyTests" runstate="Runnable" seed="430053294" result="Passed" start-time="2026-03-20 01:56:37Z" end-time="2026-03-20 01:56:37Z" duration="0.000372" asserts="0">
                <properties>
                  <property name="retryIteration" value="0" />
                  <property name="repeatIteration" value="0" />
                </properties>
              </test-case>
              <test-case id="1304" name="P10_LostFreeze_Pos(10.0,5.6,-3.9)_Frames4" fullname="AreaTargetPlugin.Tests.DownloadTestSceneManagerPropertyTests.P10_LostFreeze_Pos(10.0,5.6,-3.9)_Frames4" methodname="P10_LostState_OriginCubePositionFrozen" classname="AreaTargetPlugin.Tests.DownloadTestSceneManagerPropertyTests" runstate="Runnable" seed="920522624" result="Passed" start-time="2026-03-20 01:56:37Z" end-time="2026-03-20 01:56:37Z" duration="0.000330" asserts="0">
                <properties>
                  <property name="retryIteration" value="0" />
                  <property name="repeatIteration" value="0" />
                </properties>
              </test-case>
              <test-case id="1305" name="P10_LostFreeze_Pos(-5.9,-8.3,0.2)_Frames10" fullname="AreaTargetPlugin.Tests.DownloadTestSceneManagerPropertyTests.P10_LostFreeze_Pos(-5.9,-8.3,0.2)_Frames10" methodname="P10_LostState_OriginCubePositionFrozen" classname="AreaTargetPlugin.Tests.DownloadTestSceneManagerPropertyTests" runstate="Runnable" seed="1939968907" result="Passed" start-time="2026-03-20 01:56:37Z" end-time="2026-03-20 01:56:37Z" duration="0.000409" asserts="0">
                <properties>
                  <property name="retryIteration" value="0" />
                  <property name="repeatIteration" value="0" />
                </properties>
              </test-case>
              <test-case id="1306" name="P10_LostFreeze_Pos(1.3,-9.6,-1.4)_Frames7" fullname="AreaTargetPlugin.Tests.DownloadTestSceneManagerPropertyTests.P10_LostFreeze_Pos(1.3,-9.6,-1.4)_Frames7" methodname="P10_LostState_OriginCubePositionFrozen" classname="AreaTargetPlugin.Tests.DownloadTestSceneManagerPropertyTests" runstate="Runnable" seed="242019258" result="Passed" start-time="2026-03-20 01:56:37Z" end-time="2026-03-20 01:56:37Z" duration="0.000402" asserts="0">
                <properties>
                  <property name="retryIteration" value="0" />
                  <property name="repeatIteration" value="0" />
                </properties>
              </test-case>
              <test-case id="1307" name="P10_LostFreeze_Pos(0.3,-0.6,4.6)_Frames5" fullname="AreaTargetPlugin.Tests.DownloadTestSceneManagerPropertyTests.P10_LostFreeze_Pos(0.3,-0.6,4.6)_Frames5" methodname="P10_LostState_OriginCubePositionFrozen" classname="AreaTargetPlugin.Tests.DownloadTestSceneManagerPropertyTests" runstate="Runnable" seed="451402767" result="Passed" start-time="2026-03-20 01:56:37Z" end-time="2026-03-20 01:56:37Z" duration="0.000379" asserts="0">
                <properties>
                  <property name="retryIteration" value="0" />
                  <property name="repeatIteration" value="0" />
                </properties>
              </test-case>
              <test-case id="1308" name="P10_LostFreeze_Pos(4.8,-6.2,-6.9)_Frames1" fullname="AreaTargetPlugin.Tests.DownloadTestSceneManagerPropertyTests.P10_LostFreeze_Pos(4.8,-6.2,-6.9)_Frames1" methodname="P10_LostState_OriginCubePositionFrozen" classname="AreaTargetPlugin.Tests.DownloadTestSceneManagerPropertyTests" runstate="Runnable" seed="1581495707" result="Passed" start-time="2026-03-20 01:56:37Z" end-time="2026-03-20 01:56:37Z" duration="0.000313" asserts="0">
                <properties>
                  <property name="retryIteration" value="0" />
                  <property name="repeatIteration" value="0" />
                </properties>
              </test-case>
              <test-case id="1309" name="P10_LostFreeze_Pos(-3.9,-3.7,3.9)_Frames2" fullname="AreaTargetPlugin.Tests.DownloadTestSceneManagerPropertyTests.P10_LostFreeze_Pos(-3.9,-3.7,3.9)_Frames2" methodname="P10_LostState_OriginCubePositionFrozen" classname="AreaTargetPlugin.Tests.DownloadTestSceneManagerPropertyTests" runstate="Runnable" seed="509980028" result="Passed" start-time="2026-03-20 01:56:37Z" end-time="2026-03-20 01:56:37Z" duration="0.000358" asserts="0">
                <properties>
                  <property name="retryIteration" value="0" />
                  <property name="repeatIteration" value="0" />
                </properties>
              </test-case>
              <test-case id="1310" name="P10_LostFreeze_Pos(-7.8,2.2,9.3)_Frames7" fullname="AreaTargetPlugin.Tests.DownloadTestSceneManagerPropertyTests.P10_LostFreeze_Pos(-7.8,2.2,9.3)_Frames7" methodname="P10_LostState_OriginCubePositionFrozen" classname="AreaTargetPlugin.Tests.DownloadTestSceneManagerPropertyTests" runstate="Runnable" seed="891326781" result="Passed" start-time="2026-03-20 01:56:37Z" end-time="2026-03-20 01:56:37Z" duration="0.000391" asserts="0">
                <properties>
                  <property name="retryIteration" value="0" />
                  <property name="repeatIteration" value="0" />
                </properties>
              </test-case>
              <test-case id="1311" name="P10_LostFreeze_Pos(7.0,5.3,8.7)_Frames3" fullname="AreaTargetPlugin.Tests.DownloadTestSceneManagerPropertyTests.P10_LostFreeze_Pos(7.0,5.3,8.7)_Frames3" methodname="P10_LostState_OriginCubePositionFrozen" classname="AreaTargetPlugin.Tests.DownloadTestSceneManagerPropertyTests" runstate="Runnable" seed="1411412118" result="Passed" start-time="2026-03-20 01:56:37Z" end-time="2026-03-20 01:56:37Z" duration="0.000340" asserts="0">
                <properties>
                  <property name="retryIteration" value="0" />
                  <property name="repeatIteration" value="0" />
                </properties>
              </test-case>
              <test-case id="1312" name="P10_LostFreeze_Pos(-4.4,7.7,3.3)_Frames9" fullname="AreaTargetPlugin.Tests.DownloadTestSceneManagerPropertyTests.P10_LostFreeze_Pos(-4.4,7.7,3.3)_Frames9" methodname="P10_LostState_OriginCubePositionFrozen" classname="AreaTargetPlugin.Tests.DownloadTestSceneManagerPropertyTests" runstate="Runnable" seed="612227304" result="Passed" start-time="2026-03-20 01:56:37Z" end-time="2026-03-20 01:56:37Z" duration="0.000402" asserts="0">
                <properties>
                  <property name="retryIteration" value="0" />
                  <property name="repeatIteration" value="0" />
                </properties>
              </test-case>
              <test-case id="1313" name="P10_LostFreeze_Pos(-8.1,9.6,-5.7)_Frames5" fullname="AreaTargetPlugin.Tests.DownloadTestSceneManagerPropertyTests.P10_LostFreeze_Pos(-8.1,9.6,-5.7)_Frames5" methodname="P10_LostState_OriginCubePositionFrozen" classname="AreaTargetPlugin.Tests.DownloadTestSceneManagerPropertyTests" runstate="Runnable" seed="673479488" result="Passed" start-time="2026-03-20 01:56:37Z" end-time="2026-03-20 01:56:37Z" duration="0.000360" asserts="0">
                <properties>
                  <property name="retryIteration" value="0" />
                  <property name="repeatIteration" value="0" />
                </properties>
              </test-case>
              <test-case id="1314" name="P10_LostFreeze_Pos(3.3,3.5,3.0)_Frames4" fullname="AreaTargetPlugin.Tests.DownloadTestSceneManagerPropertyTests.P10_LostFreeze_Pos(3.3,3.5,3.0)_Frames4" methodname="P10_LostState_OriginCubePositionFrozen" classname="AreaTargetPlugin.Tests.DownloadTestSceneManagerPropertyTests" runstate="Runnable" seed="667645389" result="Passed" start-time="2026-03-20 01:56:37Z" end-time="2026-03-20 01:56:37Z" duration="0.000355" asserts="0">
                <properties>
                  <property name="retryIteration" value="0" />
                  <property name="repeatIteration" value="0" />
                </properties>
              </test-case>
              <test-case id="1315" name="P10_LostFreeze_Pos(-5.4,-7.9,-2.0)_Frames3" fullname="AreaTargetPlugin.Tests.DownloadTestSceneManagerPropertyTests.P10_LostFreeze_Pos(-5.4,-7.9,-2.0)_Frames3" methodname="P10_LostState_OriginCubePositionFrozen" classname="AreaTargetPlugin.Tests.DownloadTestSceneManagerPropertyTests" runstate="Runnable" seed="1872901701" result="Passed" start-time="2026-03-20 01:56:37Z" end-time="2026-03-20 01:56:37Z" duration="0.000340" asserts="0">
                <properties>
                  <property name="retryIteration" value="0" />
                  <property name="repeatIteration" value="0" />
                </properties>
              </test-case>
              <test-case id="1316" name="P10_LostFreeze_Pos(-4.4,6.8,3.4)_Frames9" fullname="AreaTargetPlugin.Tests.DownloadTestSceneManagerPropertyTests.P10_LostFreeze_Pos(-4.4,6.8,3.4)_Frames9" methodname="P10_LostState_OriginCubePositionFrozen" classname="AreaTargetPlugin.Tests.DownloadTestSceneManagerPropertyTests" runstate="Runnable" seed="1394144634" result="Passed" start-time="2026-03-20 01:56:37Z" end-time="2026-03-20 01:56:37Z" duration="0.000410" asserts="0">
                <properties>
                  <property name="retryIteration" value="0" />
                  <property name="repeatIteration" value="0" />
                </properties>
              </test-case>
              <test-case id="1317" name="P10_LostFreeze_Pos(-7.4,-5.3,-3.2)_Frames7" fullname="AreaTargetPlugin.Tests.DownloadTestSceneManagerPropertyTests.P10_LostFreeze_Pos(-7.4,-5.3,-3.2)_Frames7" methodname="P10_LostState_OriginCubePositionFrozen" classname="AreaTargetPlugin.Tests.DownloadTestSceneManagerPropertyTests" runstate="Runnable" seed="1431376263" result="Passed" start-time="2026-03-20 01:56:37Z" end-time="2026-03-20 01:56:37Z" duration="0.000367" asserts="0">
                <properties>
                  <property name="retryIteration" value="0" />
                  <property name="repeatIteration" value="0" />
                </properties>
              </test-case>
              <test-case id="1318" name="P10_LostFreeze_Pos(-8.3,-7.0,-4.7)_Frames6" fullname="AreaTargetPlugin.Tests.DownloadTestSceneManagerPropertyTests.P10_LostFreeze_Pos(-8.3,-7.0,-4.7)_Frames6" methodname="P10_LostState_OriginCubePositionFrozen" classname="AreaTargetPlugin.Tests.DownloadTestSceneManagerPropertyTests" runstate="Runnable" seed="1331955362" result="Passed" start-time="2026-03-20 01:56:37Z" end-time="2026-03-20 01:56:37Z" duration="0.000359" asserts="0">
                <properties>
                  <property name="retryIteration" value="0" />
                  <property name="repeatIteration" value="0" />
                </properties>
              </test-case>
              <test-case id="1319" name="P10_LostFreeze_Pos(-7.6,8.1,-8.2)_Frames9" fullname="AreaTargetPlugin.Tests.DownloadTestSceneManagerPropertyTests.P10_LostFreeze_Pos(-7.6,8.1,-8.2)_Frames9" methodname="P10_LostState_OriginCubePositionFrozen" classname="AreaTargetPlugin.Tests.DownloadTestSceneManagerPropertyTests" runstate="Runnable" seed="1114499788" result="Passed" start-time="2026-03-20 01:56:37Z" end-time="2026-03-20 01:56:37Z" duration="0.000406" asserts="0">
                <properties>
                  <property name="retryIteration" value="0" />
                  <property name="repeatIteration" value="0" />
                </properties>
              </test-case>
              <test-case id="1320" name="P10_LostFreeze_Pos(-8.3,-5.8,-2.8)_Frames7" fullname="AreaTargetPlugin.Tests.DownloadTestSceneManagerPropertyTests.P10_LostFreeze_Pos(-8.3,-5.8,-2.8)_Frames7" methodname="P10_LostState_OriginCubePositionFrozen" classname="AreaTargetPlugin.Tests.DownloadTestSceneManagerPropertyTests" runstate="Runnable" seed="1139287909" result="Passed" start-time="2026-03-20 01:56:37Z" end-time="2026-03-20 01:56:37Z" duration="0.000368" asserts="0">
                <properties>
                  <property name="retryIteration" value="0" />
                  <property name="repeatIteration" value="0" />
                </properties>
              </test-case>
              <test-case id="1321" name="P10_LostFreeze_Pos(6.2,6.8,-3.5)_Frames8" fullname="AreaTargetPlugin.Tests.DownloadTestSceneManagerPropertyTests.P10_LostFreeze_Pos(6.2,6.8,-3.5)_Frames8" methodname="P10_LostState_OriginCubePositionFrozen" classname="AreaTargetPlugin.Tests.DownloadTestSceneManagerPropertyTests" runstate="Runnable" seed="1101681893" result="Passed" start-time="2026-03-20 01:56:37Z" end-time="2026-03-20 01:56:37Z" duration="0.000388" asserts="0">
                <properties>
                  <property name="retryIteration" value="0" />
                  <property name="repeatIteration" value="0" />
                </properties>
              </test-case>
              <test-case id="1322" name="P10_LostFreeze_Pos(9.5,3.2,-1.6)_Frames7" fullname="AreaTargetPlugin.Tests.DownloadTestSceneManagerPropertyTests.P10_LostFreeze_Pos(9.5,3.2,-1.6)_Frames7" methodname="P10_LostState_OriginCubePositionFrozen" classname="AreaTargetPlugin.Tests.DownloadTestSceneManagerPropertyTests" runstate="Runnable" seed="481433946" result="Passed" start-time="2026-03-20 01:56:37Z" end-time="2026-03-20 01:56:37Z" duration="0.000367" asserts="0">
                <properties>
                  <property name="retryIteration" value="0" />
                  <property name="repeatIteration" value="0" />
                </properties>
              </test-case>
              <test-case id="1323" name="P10_LostFreeze_Pos(3.3,-3.8,8.5)_Frames1" fullname="AreaTargetPlugin.Tests.DownloadTestSceneManagerPropertyTests.P10_LostFreeze_Pos(3.3,-3.8,8.5)_Frames1" methodname="P10_LostState_OriginCubePositionFrozen" classname="AreaTargetPlugin.Tests.DownloadTestSceneManagerPropertyTests" runstate="Runnable" seed="1318256100" result="Passed" start-time="2026-03-20 01:56:37Z" end-time="2026-03-20 01:56:37Z" duration="0.000302" asserts="0">
                <properties>
                  <property name="retryIteration" value="0" />
                  <property name="repeatIteration" value="0" />
                </properties>
              </test-case>
              <test-case id="1324" name="P10_LostFreeze_Pos(-5.8,4.5,-3.4)_Frames1" fullname="AreaTargetPlugin.Tests.DownloadTestSceneManagerPropertyTests.P10_LostFreeze_Pos(-5.8,4.5,-3.4)_Frames1" methodname="P10_LostState_OriginCubePositionFrozen" classname="AreaTargetPlugin.Tests.DownloadTestSceneManagerPropertyTests" runstate="Runnable" seed="1418126404" result="Passed" start-time="2026-03-20 01:56:37Z" end-time="2026-03-20 01:56:37Z" duration="0.000323" asserts="0">
                <properties>
                  <property name="retryIteration" value="0" />
                  <property name="repeatIteration" value="0" />
                </properties>
              </test-case>
              <test-case id="1325" name="P10_LostFreeze_Pos(-8.2,-8.6,-8.2)_Frames1" fullname="AreaTargetPlugin.Tests.DownloadTestSceneManagerPropertyTests.P10_LostFreeze_Pos(-8.2,-8.6,-8.2)_Frames1" methodname="P10_LostState_OriginCubePositionFrozen" classname="AreaTargetPlugin.Tests.DownloadTestSceneManagerPropertyTests" runstate="Runnable" seed="1137986063" result="Passed" start-time="2026-03-20 01:56:37Z" end-time="2026-03-20 01:56:37Z" duration="0.000468" asserts="0">
                <properties>
                  <property name="retryIteration" value="0" />
                  <property name="repeatIteration" value="0" />
                </properties>
              </test-case>
              <test-case id="1326" name="P10_LostFreeze_Pos(0.9,9.6,6.1)_Frames10" fullname="AreaTargetPlugin.Tests.DownloadTestSceneManagerPropertyTests.P10_LostFreeze_Pos(0.9,9.6,6.1)_Frames10" methodname="P10_LostState_OriginCubePositionFrozen" classname="AreaTargetPlugin.Tests.DownloadTestSceneManagerPropertyTests" runstate="Runnable" seed="314005485" result="Passed" start-time="2026-03-20 01:56:37Z" end-time="2026-03-20 01:56:37Z" duration="0.000533" asserts="0">
                <properties>
                  <property name="retryIteration" value="0" />
                  <property name="repeatIteration" value="0" />
                </properties>
              </test-case>
              <test-case id="1327" name="P10_LostFreeze_Pos(4.4,2.4,-2.4)_Frames8" fullname="AreaTargetPlugin.Tests.DownloadTestSceneManagerPropertyTests.P10_LostFreeze_Pos(4.4,2.4,-2.4)_Frames8" methodname="P10_LostState_OriginCubePositionFrozen" classname="AreaTargetPlugin.Tests.DownloadTestSceneManagerPropertyTests" runstate="Runnable" seed="1028492480" result="Passed" start-time="2026-03-20 01:56:37Z" end-time="2026-03-20 01:56:37Z" duration="0.000448" asserts="0">
                <properties>
                  <property name="retryIteration" value="0" />
                  <property name="repeatIteration" value="0" />
                </properties>
              </test-case>
              <test-case id="1328" name="P10_LostFreeze_Pos(1.7,7.0,-4.0)_Frames1" fullname="AreaTargetPlugin.Tests.DownloadTestSceneManagerPropertyTests.P10_LostFreeze_Pos(1.7,7.0,-4.0)_Frames1" methodname="P10_LostState_OriginCubePositionFrozen" classname="AreaTargetPlugin.Tests.DownloadTestSceneManagerPropertyTests" runstate="Runnable" seed="134068149" result="Passed" start-time="2026-03-20 01:56:37Z" end-time="2026-03-20 01:56:37Z" duration="0.000362" asserts="0">
                <properties>
                  <property name="retryIteration" value="0" />
                  <property name="repeatIteration" value="0" />
                </properties>
              </test-case>
              <test-case id="1329" name="P10_LostFreeze_Pos(4.9,5.4,-1.4)_Frames5" fullname="AreaTargetPlugin.Tests.DownloadTestSceneManagerPropertyTests.P10_LostFreeze_Pos(4.9,5.4,-1.4)_Frames5" methodname="P10_LostState_OriginCubePositionFrozen" classname="AreaTargetPlugin.Tests.DownloadTestSceneManagerPropertyTests" runstate="Runnable" seed="1795605594" result="Passed" start-time="2026-03-20 01:56:37Z" end-time="2026-03-20 01:56:37Z" duration="0.000374" asserts="0">
                <properties>
                  <property name="retryIteration" value="0" />
                  <property name="repeatIteration" value="0" />
                </properties>
              </test-case>
              <test-case id="1330" name="P10_LostFreeze_Pos(0.3,8.3,7.8)_Frames5" fullname="AreaTargetPlugin.Tests.DownloadTestSceneManagerPropertyTests.P10_LostFreeze_Pos(0.3,8.3,7.8)_Frames5" methodname="P10_LostState_OriginCubePositionFrozen" classname="AreaTargetPlugin.Tests.DownloadTestSceneManagerPropertyTests" runstate="Runnable" seed="946974812" result="Passed" start-time="2026-03-20 01:56:37Z" end-time="2026-03-20 01:56:37Z" duration="0.000366" asserts="0">
                <properties>
                  <property name="retryIteration" value="0" />
                  <property name="repeatIteration" value="0" />
                </properties>
              </test-case>
              <test-case id="1331" name="P10_LostFreeze_Pos(6.3,4.2,-9.6)_Frames8" fullname="AreaTargetPlugin.Tests.DownloadTestSceneManagerPropertyTests.P10_LostFreeze_Pos(6.3,4.2,-9.6)_Frames8" methodname="P10_LostState_OriginCubePositionFrozen" classname="AreaTargetPlugin.Tests.DownloadTestSceneManagerPropertyTests" runstate="Runnable" seed="521239057" result="Passed" start-time="2026-03-20 01:56:37Z" end-time="2026-03-20 01:56:37Z" duration="0.000403" asserts="0">
                <properties>
                  <property name="retryIteration" value="0" />
                  <property name="repeatIteration" value="0" />
                </properties>
              </test-case>
              <test-case id="1332" name="P10_LostFreeze_Pos(-5.5,-4.8,-2.3)_Frames4" fullname="AreaTargetPlugin.Tests.DownloadTestSceneManagerPropertyTests.P10_LostFreeze_Pos(-5.5,-4.8,-2.3)_Frames4" methodname="P10_LostState_OriginCubePositionFrozen" classname="AreaTargetPlugin.Tests.DownloadTestSceneManagerPropertyTests" runstate="Runnable" seed="1115932675" result="Passed" start-time="2026-03-20 01:56:37Z" end-time="2026-03-20 01:56:37Z" duration="0.000359" asserts="0">
                <properties>
                  <property name="retryIteration" value="0" />
                  <property name="repeatIteration" value="0" />
                </properties>
              </test-case>
              <test-case id="1333" name="P10_LostFreeze_Pos(1.5,-8.5,4.2)_Frames1" fullname="AreaTargetPlugin.Tests.DownloadTestSceneManagerPropertyTests.P10_LostFreeze_Pos(1.5,-8.5,4.2)_Frames1" methodname="P10_LostState_OriginCubePositionFrozen" classname="AreaTargetPlugin.Tests.DownloadTestSceneManagerPropertyTests" runstate="Runnable" seed="1513920485" result="Passed" start-time="2026-03-20 01:56:37Z" end-time="2026-03-20 01:56:37Z" duration="0.000325" asserts="0">
                <properties>
                  <property name="retryIteration" value="0" />
                  <property name="repeatIteration" value="0" />
                </properties>
              </test-case>
              <test-case id="1334" name="P10_LostFreeze_Pos(-7.7,-3.7,-8.3)_Frames9" fullname="AreaTargetPlugin.Tests.DownloadTestSceneManagerPropertyTests.P10_LostFreeze_Pos(-7.7,-3.7,-8.3)_Frames9" methodname="P10_LostState_OriginCubePositionFrozen" classname="AreaTargetPlugin.Tests.DownloadTestSceneManagerPropertyTests" runstate="Runnable" seed="1055787508" result="Passed" start-time="2026-03-20 01:56:37Z" end-time="2026-03-20 01:56:37Z" duration="0.000417" asserts="0">
                <properties>
                  <property name="retryIteration" value="0" />
                  <property name="repeatIteration" value="0" />
                </properties>
              </test-case>
              <test-case id="1335" name="P10_LostFreeze_Pos(-9.3,-2.4,-9.3)_Frames4" fullname="AreaTargetPlugin.Tests.DownloadTestSceneManagerPropertyTests.P10_LostFreeze_Pos(-9.3,-2.4,-9.3)_Frames4" methodname="P10_LostState_OriginCubePositionFrozen" classname="AreaTargetPlugin.Tests.DownloadTestSceneManagerPropertyTests" runstate="Runnable" seed="506340904" result="Passed" start-time="2026-03-20 01:56:37Z" end-time="2026-03-20 01:56:37Z" duration="0.000338" asserts="0">
                <properties>
                  <property name="retryIteration" value="0" />
                  <property name="repeatIteration" value="0" />
                </properties>
              </test-case>
              <test-case id="1336" name="P10_LostFreeze_Pos(-4.4,3.2,-9.0)_Frames9" fullname="AreaTargetPlugin.Tests.DownloadTestSceneManagerPropertyTests.P10_LostFreeze_Pos(-4.4,3.2,-9.0)_Frames9" methodname="P10_LostState_OriginCubePositionFrozen" classname="AreaTargetPlugin.Tests.DownloadTestSceneManagerPropertyTests" runstate="Runnable" seed="974094852" result="Passed" start-time="2026-03-20 01:56:37Z" end-time="2026-03-20 01:56:37Z" duration="0.000401" asserts="0">
                <properties>
                  <property name="retryIteration" value="0" />
                  <property name="repeatIteration" value="0" />
                </properties>
              </test-case>
              <test-case id="1337" name="P10_LostFreeze_Pos(-9.9,8.1,-4.8)_Frames5" fullname="AreaTargetPlugin.Tests.DownloadTestSceneManagerPropertyTests.P10_LostFreeze_Pos(-9.9,8.1,-4.8)_Frames5" methodname="P10_LostState_OriginCubePositionFrozen" classname="AreaTargetPlugin.Tests.DownloadTestSceneManagerPropertyTests" runstate="Runnable" seed="1302800800" result="Passed" start-time="2026-03-20 01:56:37Z" end-time="2026-03-20 01:56:37Z" duration="0.000360" asserts="0">
                <properties>
                  <property name="retryIteration" value="0" />
                  <property name="repeatIteration" value="0" />
                </properties>
              </test-case>
              <test-case id="1338" name="P10_LostFreeze_Pos(-4.1,7.7,-0.1)_Frames2" fullname="AreaTargetPlugin.Tests.DownloadTestSceneManagerPropertyTests.P10_LostFreeze_Pos(-4.1,7.7,-0.1)_Frames2" methodname="P10_LostState_OriginCubePositionFrozen" classname="AreaTargetPlugin.Tests.DownloadTestSceneManagerPropertyTests" runstate="Runnable" seed="1403629347" result="Passed" start-time="2026-03-20 01:56:37Z" end-time="2026-03-20 01:56:37Z" duration="0.000329" asserts="0">
                <properties>
                  <property name="retryIteration" value="0" />
                  <property name="repeatIteration" value="0" />
                </properties>
              </test-case>
              <test-case id="1339" name="P10_LostFreeze_Pos(-6.4,2.4,-5.3)_Frames9" fullname="AreaTargetPlugin.Tests.DownloadTestSceneManagerPropertyTests.P10_LostFreeze_Pos(-6.4,2.4,-5.3)_Frames9" methodname="P10_LostState_OriginCubePositionFrozen" classname="AreaTargetPlugin.Tests.DownloadTestSceneManagerPropertyTests" runstate="Runnable" seed="2124012996" result="Passed" start-time="2026-03-20 01:56:37Z" end-time="2026-03-20 01:56:37Z" duration="0.000397" asserts="0">
                <properties>
                  <property name="retryIteration" value="0" />
                  <property name="repeatIteration" value="0" />
                </properties>
              </test-case>
              <test-case id="1340" name="P10_LostFreeze_Pos(9.2,-9.5,4.4)_Frames5" fullname="AreaTargetPlugin.Tests.DownloadTestSceneManagerPropertyTests.P10_LostFreeze_Pos(9.2,-9.5,4.4)_Frames5" methodname="P10_LostState_OriginCubePositionFrozen" classname="AreaTargetPlugin.Tests.DownloadTestSceneManagerPropertyTests" runstate="Runnable" seed="447410117" result="Passed" start-time="2026-03-20 01:56:37Z" end-time="2026-03-20 01:56:37Z" duration="0.000343" asserts="0">
                <properties>
                  <property name="retryIteration" value="0" />
                  <property name="repeatIteration" value="0" />
                </properties>
              </test-case>
              <test-case id="1341" name="P10_LostFreeze_Pos(-5.3,9.7,-6.3)_Frames6" fullname="AreaTargetPlugin.Tests.DownloadTestSceneManagerPropertyTests.P10_LostFreeze_Pos(-5.3,9.7,-6.3)_Frames6" methodname="P10_LostState_OriginCubePositionFrozen" classname="AreaTargetPlugin.Tests.DownloadTestSceneManagerPropertyTests" runstate="Runnable" seed="1882550478" result="Passed" start-time="2026-03-20 01:56:37Z" end-time="2026-03-20 01:56:37Z" duration="0.000356" asserts="0">
                <properties>
                  <property name="retryIteration" value="0" />
                  <property name="repeatIteration" value="0" />
                </properties>
              </test-case>
              <test-case id="1342" name="P10_LostFreeze_Pos(-7.2,-4.2,8.1)_Frames5" fullname="AreaTargetPlugin.Tests.DownloadTestSceneManagerPropertyTests.P10_LostFreeze_Pos(-7.2,-4.2,8.1)_Frames5" methodname="P10_LostState_OriginCubePositionFrozen" classname="AreaTargetPlugin.Tests.DownloadTestSceneManagerPropertyTests" runstate="Runnable" seed="1090903832" result="Passed" start-time="2026-03-20 01:56:37Z" end-time="2026-03-20 01:56:37Z" duration="0.000355" asserts="0">
                <properties>
                  <property name="retryIteration" value="0" />
                  <property name="repeatIteration" value="0" />
                </properties>
              </test-case>
              <test-case id="1343" name="P10_LostFreeze_Pos(3.7,2.1,-1.9)_Frames2" fullname="AreaTargetPlugin.Tests.DownloadTestSceneManagerPropertyTests.P10_LostFreeze_Pos(3.7,2.1,-1.9)_Frames2" methodname="P10_LostState_OriginCubePositionFrozen" classname="AreaTargetPlugin.Tests.DownloadTestSceneManagerPropertyTests" runstate="Runnable" seed="61758640" result="Passed" start-time="2026-03-20 01:56:37Z" end-time="2026-03-20 01:56:37Z" duration="0.000315" asserts="0">
                <properties>
                  <property name="retryIteration" value="0" />
                  <property name="repeatIteration" value="0" />
                </properties>
              </test-case>
              <test-case id="1344" name="P10_LostFreeze_Pos(7.6,0.7,-6.2)_Frames2" fullname="AreaTargetPlugin.Tests.DownloadTestSceneManagerPropertyTests.P10_LostFreeze_Pos(7.6,0.7,-6.2)_Frames2" methodname="P10_LostState_OriginCubePositionFrozen" classname="AreaTargetPlugin.Tests.DownloadTestSceneManagerPropertyTests" runstate="Runnable" seed="1029315923" result="Passed" start-time="2026-03-20 01:56:37Z" end-time="2026-03-20 01:56:37Z" duration="0.000330" asserts="0">
                <properties>
                  <property name="retryIteration" value="0" />
                  <property name="repeatIteration" value="0" />
                </properties>
              </test-case>
              <test-case id="1345" name="P10_LostFreeze_Pos(3.2,-6.0,5.4)_Frames4" fullname="AreaTargetPlugin.Tests.DownloadTestSceneManagerPropertyTests.P10_LostFreeze_Pos(3.2,-6.0,5.4)_Frames4" methodname="P10_LostState_OriginCubePositionFrozen" classname="AreaTargetPlugin.Tests.DownloadTestSceneManagerPropertyTests" runstate="Runnable" seed="934038770" result="Passed" start-time="2026-03-20 01:56:37Z" end-time="2026-03-20 01:56:37Z" duration="0.000360" asserts="0">
                <properties>
                  <property name="retryIteration" value="0" />
                  <property name="repeatIteration" value="0" />
                </properties>
              </test-case>
              <test-case id="1346" name="P10_LostFreeze_Pos(10.0,9.0,-8.0)_Frames7" fullname="AreaTargetPlugin.Tests.DownloadTestSceneManagerPropertyTests.P10_LostFreeze_Pos(10.0,9.0,-8.0)_Frames7" methodname="P10_LostState_OriginCubePositionFrozen" classname="AreaTargetPlugin.Tests.DownloadTestSceneManagerPropertyTests" runstate="Runnable" seed="2035412555" result="Passed" start-time="2026-03-20 01:56:37Z" end-time="2026-03-20 01:56:37Z" duration="0.000528" asserts="0">
                <properties>
                  <property name="retryIteration" value="0" />
                  <property name="repeatIteration" value="0" />
                </properties>
              </test-case>
              <test-case id="1347" name="P10_LostFreeze_Pos(1.6,0.6,6.6)_Frames5" fullname="AreaTargetPlugin.Tests.DownloadTestSceneManagerPropertyTests.P10_LostFreeze_Pos(1.6,0.6,6.6)_Frames5" methodname="P10_LostState_OriginCubePositionFrozen" classname="AreaTargetPlugin.Tests.DownloadTestSceneManagerPropertyTests" runstate="Runnable" seed="2046258245" result="Passed" start-time="2026-03-20 01:56:37Z" end-time="2026-03-20 01:56:37Z" duration="0.004006" asserts="0">
                <properties>
                  <property name="retryIteration" value="0" />
                  <property name="repeatIteration" value="0" />
                </properties>
              </test-case>
              <test-case id="1348" name="P10_LostFreeze_Pos(-8.4,-5.1,7.4)_Frames1" fullname="AreaTargetPlugin.Tests.DownloadTestSceneManagerPropertyTests.P10_LostFreeze_Pos(-8.4,-5.1,7.4)_Frames1" methodname="P10_LostState_OriginCubePositionFrozen" classname="AreaTargetPlugin.Tests.DownloadTestSceneManagerPropertyTests" runstate="Runnable" seed="1636981632" result="Passed" start-time="2026-03-20 01:56:37Z" end-time="2026-03-20 01:56:37Z" duration="0.000414" asserts="0">
                <properties>
                  <property name="retryIteration" value="0" />
                  <property name="repeatIteration" value="0" />
                </properties>
              </test-case>
              <test-case id="1349" name="P10_LostFreeze_Pos(3.2,1.6,-7.6)_Frames3" fullname="AreaTargetPlugin.Tests.DownloadTestSceneManagerPropertyTests.P10_LostFreeze_Pos(3.2,1.6,-7.6)_Frames3" methodname="P10_LostState_OriginCubePositionFrozen" classname="AreaTargetPlugin.Tests.DownloadTestSceneManagerPropertyTests" runstate="Runnable" seed="1641028028" result="Passed" start-time="2026-03-20 01:56:37Z" end-time="2026-03-20 01:56:37Z" duration="0.000347" asserts="0">
                <properties>
                  <property name="retryIteration" value="0" />
                  <property name="repeatIteration" value="0" />
                </properties>
              </test-case>
              <test-case id="1350" name="P10_LostFreeze_Pos(-0.5,0.8,3.5)_Frames8" fullname="AreaTargetPlugin.Tests.DownloadTestSceneManagerPropertyTests.P10_LostFreeze_Pos(-0.5,0.8,3.5)_Frames8" methodname="P10_LostState_OriginCubePositionFrozen" classname="AreaTargetPlugin.Tests.DownloadTestSceneManagerPropertyTests" runstate="Runnable" seed="854682870" result="Passed" start-time="2026-03-20 01:56:37Z" end-time="2026-03-20 01:56:37Z" duration="0.000407" asserts="0">
                <properties>
                  <property name="retryIteration" value="0" />
                  <property name="repeatIteration" value="0" />
                </properties>
              </test-case>
              <test-case id="1351" name="P10_LostFreeze_Pos(10.0,6.6,5.0)_Frames7" fullname="AreaTargetPlugin.Tests.DownloadTestSceneManagerPropertyTests.P10_LostFreeze_Pos(10.0,6.6,5.0)_Frames7" methodname="P10_LostState_OriginCubePositionFrozen" classname="AreaTargetPlugin.Tests.DownloadTestSceneManagerPropertyTests" runstate="Runnable" seed="1592318850" result="Passed" start-time="2026-03-20 01:56:37Z" end-time="2026-03-20 01:56:37Z" duration="0.000397" asserts="0">
                <properties>
                  <property name="retryIteration" value="0" />
                  <property name="repeatIteration" value="0" />
                </properties>
              </test-case>
              <test-case id="1352" name="P10_LostFreeze_Pos(-0.4,-2.8,-4.1)_Frames7" fullname="AreaTargetPlugin.Tests.DownloadTestSceneManagerPropertyTests.P10_LostFreeze_Pos(-0.4,-2.8,-4.1)_Frames7" methodname="P10_LostState_OriginCubePositionFrozen" classname="AreaTargetPlugin.Tests.DownloadTestSceneManagerPropertyTests" runstate="Runnable" seed="330270326" result="Passed" start-time="2026-03-20 01:56:37Z" end-time="2026-03-20 01:56:37Z" duration="0.000628" asserts="0">
                <properties>
                  <property name="retryIteration" value="0" />
                  <property name="repeatIteration" value="0" />
                </properties>
              </test-case>
              <test-case id="1353" name="P10_LostFreeze_Pos(-1.4,-8.4,-6.4)_Frames8" fullname="AreaTargetPlugin.Tests.DownloadTestSceneManagerPropertyTests.P10_LostFreeze_Pos(-1.4,-8.4,-6.4)_Frames8" methodname="P10_LostState_OriginCubePositionFrozen" classname="AreaTargetPlugin.Tests.DownloadTestSceneManagerPropertyTests" runstate="Runnable" seed="622043718" result="Passed" start-time="2026-03-20 01:56:37Z" end-time="2026-03-20 01:56:37Z" duration="0.000717" asserts="0">
                <properties>
                  <property name="retryIteration" value="0" />
                  <property name="repeatIteration" value="0" />
                </properties>
              </test-case>
              <test-case id="1354" name="P10_LostFreeze_Pos(-4.9,-2.0,-0.8)_Frames3" fullname="AreaTargetPlugin.Tests.DownloadTestSceneManagerPropertyTests.P10_LostFreeze_Pos(-4.9,-2.0,-0.8)_Frames3" methodname="P10_LostState_OriginCubePositionFrozen" classname="AreaTargetPlugin.Tests.DownloadTestSceneManagerPropertyTests" runstate="Runnable" seed="1782009314" result="Passed" start-time="2026-03-20 01:56:37Z" end-time="2026-03-20 01:56:37Z" duration="0.000687" asserts="0">
                <properties>
                  <property name="retryIteration" value="0" />
                  <property name="repeatIteration" value="0" />
                </properties>
              </test-case>
              <test-case id="1355" name="P10_LostFreeze_Pos(7.7,-0.1,8.6)_Frames7" fullname="AreaTargetPlugin.Tests.DownloadTestSceneManagerPropertyTests.P10_LostFreeze_Pos(7.7,-0.1,8.6)_Frames7" methodname="P10_LostState_OriginCubePositionFrozen" classname="AreaTargetPlugin.Tests.DownloadTestSceneManagerPropertyTests" runstate="Runnable" seed="1600162078" result="Passed" start-time="2026-03-20 01:56:37Z" end-time="2026-03-20 01:56:37Z" duration="0.000790" asserts="0">
                <properties>
                  <property name="retryIteration" value="0" />
                  <property name="repeatIteration" value="0" />
                </properties>
              </test-case>
              <test-case id="1356" name="P10_LostFreeze_Pos(-0.9,-1.9,-3.0)_Frames5" fullname="AreaTargetPlugin.Tests.DownloadTestSceneManagerPropertyTests.P10_LostFreeze_Pos(-0.9,-1.9,-3.0)_Frames5" methodname="P10_LostState_OriginCubePositionFrozen" classname="AreaTargetPlugin.Tests.DownloadTestSceneManagerPropertyTests" runstate="Runnable" seed="618155767" result="Passed" start-time="2026-03-20 01:56:37Z" end-time="2026-03-20 01:56:37Z" duration="0.000721" asserts="0">
                <properties>
                  <property name="retryIteration" value="0" />
                  <property name="repeatIteration" value="0" />
                </properties>
              </test-case>
              <test-case id="1357" name="P10_LostFreeze_Pos(4.7,-2.0,-0.5)_Frames4" fullname="AreaTargetPlugin.Tests.DownloadTestSceneManagerPropertyTests.P10_LostFreeze_Pos(4.7,-2.0,-0.5)_Frames4" methodname="P10_LostState_OriginCubePositionFrozen" classname="AreaTargetPlugin.Tests.DownloadTestSceneManagerPropertyTests" runstate="Runnable" seed="1440520499" result="Passed" start-time="2026-03-20 01:56:37Z" end-time="2026-03-20 01:56:37Z" duration="0.000783" asserts="0">
                <properties>
                  <property name="retryIteration" value="0" />
                  <property name="repeatIteration" value="0" />
                </properties>
              </test-case>
              <test-case id="1358" name="P10_LostFreeze_Pos(-1.6,7.9,3.5)_Frames2" fullname="AreaTargetPlugin.Tests.DownloadTestSceneManagerPropertyTests.P10_LostFreeze_Pos(-1.6,7.9,3.5)_Frames2" methodname="P10_LostState_OriginCubePositionFrozen" classname="AreaTargetPlugin.Tests.DownloadTestSceneManagerPropertyTests" runstate="Runnable" seed="1159410537" result="Passed" start-time="2026-03-20 01:56:37Z" end-time="2026-03-20 01:56:37Z" duration="0.000762" asserts="0">
                <properties>
                  <property name="retryIteration" value="0" />
                  <property name="repeatIteration" value="0" />
                </properties>
              </test-case>
              <test-case id="1359" name="P10_LostFreeze_Pos(0.5,-8.9,-3.6)_Frames2" fullname="AreaTargetPlugin.Tests.DownloadTestSceneManagerPropertyTests.P10_LostFreeze_Pos(0.5,-8.9,-3.6)_Frames2" methodname="P10_LostState_OriginCubePositionFrozen" classname="AreaTargetPlugin.Tests.DownloadTestSceneManagerPropertyTests" runstate="Runnable" seed="1930020208" result="Passed" start-time="2026-03-20 01:56:37Z" end-time="2026-03-20 01:56:37Z" duration="0.000578" asserts="0">
                <properties>
                  <property name="retryIteration" value="0" />
                  <property name="repeatIteration" value="0" />
                </properties>
              </test-case>
              <test-case id="1360" name="P10_LostFreeze_Pos(-6.0,-1.8,-5.8)_Frames3" fullname="AreaTargetPlugin.Tests.DownloadTestSceneManagerPropertyTests.P10_LostFreeze_Pos(-6.0,-1.8,-5.8)_Frames3" methodname="P10_LostState_OriginCubePositionFrozen" classname="AreaTargetPlugin.Tests.DownloadTestSceneManagerPropertyTests" runstate="Runnable" seed="1625963422" result="Passed" start-time="2026-03-20 01:56:37Z" end-time="2026-03-20 01:56:37Z" duration="0.000816" asserts="0">
                <properties>
                  <property name="retryIteration" value="0" />
                  <property name="repeatIteration" value="0" />
                </properties>
              </test-case>
              <test-case id="1361" name="P10_LostFreeze_Pos(-5.3,-6.3,-8.7)_Frames10" fullname="AreaTargetPlugin.Tests.DownloadTestSceneManagerPropertyTests.P10_LostFreeze_Pos(-5.3,-6.3,-8.7)_Frames10" methodname="P10_LostState_OriginCubePositionFrozen" classname="AreaTargetPlugin.Tests.DownloadTestSceneManagerPropertyTests" runstate="Runnable" seed="1361010425" result="Passed" start-time="2026-03-20 01:56:37Z" end-time="2026-03-20 01:56:37Z" duration="0.004237" asserts="0">
                <properties>
                  <property name="retryIteration" value="0" />
                  <property name="repeatIteration" value="0" />
                </properties>
              </test-case>
              <test-case id="1362" name="P10_LostFreeze_Pos(-8.6,-7.9,5.1)_Frames3" fullname="AreaTargetPlugin.Tests.DownloadTestSceneManagerPropertyTests.P10_LostFreeze_Pos(-8.6,-7.9,5.1)_Frames3" methodname="P10_LostState_OriginCubePositionFrozen" classname="AreaTargetPlugin.Tests.DownloadTestSceneManagerPropertyTests" runstate="Runnable" seed="317334618" result="Passed" start-time="2026-03-20 01:56:37Z" end-time="2026-03-20 01:56:37Z" duration="0.001112" asserts="0">
                <properties>
                  <property name="retryIteration" value="0" />
                  <property name="repeatIteration" value="0" />
                </properties>
              </test-case>
              <test-case id="1363" name="P10_LostFreeze_Pos(-7.6,6.6,-1.8)_Frames10" fullname="AreaTargetPlugin.Tests.DownloadTestSceneManagerPropertyTests.P10_LostFreeze_Pos(-7.6,6.6,-1.8)_Frames10" methodname="P10_LostState_OriginCubePositionFrozen" classname="AreaTargetPlugin.Tests.DownloadTestSceneManagerPropertyTests" runstate="Runnable" seed="1933373760" result="Passed" start-time="2026-03-20 01:56:37Z" end-time="2026-03-20 01:56:37Z" duration="0.000888" asserts="0">
                <properties>
                  <property name="retryIteration" value="0" />
                  <property name="repeatIteration" value="0" />
                </properties>
              </test-case>
              <test-case id="1364" name="P10_LostFreeze_Pos(2.2,-8.6,-4.8)_Frames6" fullname="AreaTargetPlugin.Tests.DownloadTestSceneManagerPropertyTests.P10_LostFreeze_Pos(2.2,-8.6,-4.8)_Frames6" methodname="P10_LostState_OriginCubePositionFrozen" classname="AreaTargetPlugin.Tests.DownloadTestSceneManagerPropertyTests" runstate="Runnable" seed="1710488863" result="Passed" start-time="2026-03-20 01:56:37Z" end-time="2026-03-20 01:56:37Z" duration="0.000437" asserts="0">
                <properties>
                  <property name="retryIteration" value="0" />
                  <property name="repeatIteration" value="0" />
                </properties>
              </test-case>
              <test-case id="1365" name="P10_LostFreeze_Pos(-0.4,-3.8,9.1)_Frames1" fullname="AreaTargetPlugin.Tests.DownloadTestSceneManagerPropertyTests.P10_LostFreeze_Pos(-0.4,-3.8,9.1)_Frames1" methodname="P10_LostState_OriginCubePositionFrozen" classname="AreaTargetPlugin.Tests.DownloadTestSceneManagerPropertyTests" runstate="Runnable" seed="370087724" result="Passed" start-time="2026-03-20 01:56:37Z" end-time="2026-03-20 01:56:37Z" duration="0.000521" asserts="0">
                <properties>
                  <property name="retryIteration" value="0" />
                  <property name="repeatIteration" value="0" />
                </properties>
              </test-case>
              <test-case id="1366" name="P10_LostFreeze_Pos(7.7,9.9,-5.4)_Frames6" fullname="AreaTargetPlugin.Tests.DownloadTestSceneManagerPropertyTests.P10_LostFreeze_Pos(7.7,9.9,-5.4)_Frames6" methodname="P10_LostState_OriginCubePositionFrozen" classname="AreaTargetPlugin.Tests.DownloadTestSceneManagerPropertyTests" runstate="Runnable" seed="295479443" result="Passed" start-time="2026-03-20 01:56:37Z" end-time="2026-03-20 01:56:37Z" duration="0.001702" asserts="0">
                <properties>
                  <property name="retryIteration" value="0" />
                  <property name="repeatIteration" value="0" />
                </properties>
              </test-case>
              <test-case id="1367" name="P10_LostFreeze_Pos(-1.9,-8.9,-5.3)_Frames2" fullname="AreaTargetPlugin.Tests.DownloadTestSceneManagerPropertyTests.P10_LostFreeze_Pos(-1.9,-8.9,-5.3)_Frames2" methodname="P10_LostState_OriginCubePositionFrozen" classname="AreaTargetPlugin.Tests.DownloadTestSceneManagerPropertyTests" runstate="Runnable" seed="1245790466" result="Passed" start-time="2026-03-20 01:56:37Z" end-time="2026-03-20 01:56:37Z" duration="0.000496" asserts="0">
                <properties>
                  <property name="retryIteration" value="0" />
                  <property name="repeatIteration" value="0" />
                </properties>
              </test-case>
              <test-case id="1368" name="P10_LostFreeze_Pos(-8.4,-4.2,-8.3)_Frames5" fullname="AreaTargetPlugin.Tests.DownloadTestSceneManagerPropertyTests.P10_LostFreeze_Pos(-8.4,-4.2,-8.3)_Frames5" methodname="P10_LostState_OriginCubePositionFrozen" classname="AreaTargetPlugin.Tests.DownloadTestSceneManagerPropertyTests" runstate="Runnable" seed="1765175627" result="Passed" start-time="2026-03-20 01:56:37Z" end-time="2026-03-20 01:56:37Z" duration="0.000389" asserts="0">
                <properties>
                  <property name="retryIteration" value="0" />
                  <property name="repeatIteration" value="0" />
                </properties>
              </test-case>
              <test-case id="1369" name="P10_LostFreeze_Pos(-4.3,4.2,-2.5)_Frames3" fullname="AreaTargetPlugin.Tests.DownloadTestSceneManagerPropertyTests.P10_LostFreeze_Pos(-4.3,4.2,-2.5)_Frames3" methodname="P10_LostState_OriginCubePositionFrozen" classname="AreaTargetPlugin.Tests.DownloadTestSceneManagerPropertyTests" runstate="Runnable" seed="161304485" result="Passed" start-time="2026-03-20 01:56:37Z" end-time="2026-03-20 01:56:37Z" duration="0.000348" asserts="0">
                <properties>
                  <property name="retryIteration" value="0" />
                  <property name="repeatIteration" value="0" />
                </properties>
              </test-case>
              <test-case id="1370" name="P10_LostFreeze_Pos(-3.2,-2.9,-2.6)_Frames7" fullname="AreaTargetPlugin.Tests.DownloadTestSceneManagerPropertyTests.P10_LostFreeze_Pos(-3.2,-2.9,-2.6)_Frames7" methodname="P10_LostState_OriginCubePositionFrozen" classname="AreaTargetPlugin.Tests.DownloadTestSceneManagerPropertyTests" runstate="Runnable" seed="898806849" result="Passed" start-time="2026-03-20 01:56:37Z" end-time="2026-03-20 01:56:37Z" duration="0.000431" asserts="0">
                <properties>
                  <property name="retryIteration" value="0" />
                  <property name="repeatIteration" value="0" />
                </properties>
              </test-case>
              <test-case id="1371" name="P10_LostFreeze_Pos(2.9,-5.7,-6.3)_Frames6" fullname="AreaTargetPlugin.Tests.DownloadTestSceneManagerPropertyTests.P10_LostFreeze_Pos(2.9,-5.7,-6.3)_Frames6" methodname="P10_LostState_OriginCubePositionFrozen" classname="AreaTargetPlugin.Tests.DownloadTestSceneManagerPropertyTests" runstate="Runnable" seed="91343834" result="Passed" start-time="2026-03-20 01:56:37Z" end-time="2026-03-20 01:56:37Z" duration="0.000571" asserts="0">
                <properties>
                  <property name="retryIteration" value="0" />
                  <property name="repeatIteration" value="0" />
                </properties>
              </test-case>
              <test-case id="1372" name="P10_LostFreeze_Pos(-0.3,3.9,0.2)_Frames5" fullname="AreaTargetPlugin.Tests.DownloadTestSceneManagerPropertyTests.P10_LostFreeze_Pos(-0.3,3.9,0.2)_Frames5" methodname="P10_LostState_OriginCubePositionFrozen" classname="AreaTargetPlugin.Tests.DownloadTestSceneManagerPropertyTests" runstate="Runnable" seed="27746916" result="Passed" start-time="2026-03-20 01:56:37Z" end-time="2026-03-20 01:56:37Z" duration="0.000815" asserts="0">
                <properties>
                  <property name="retryIteration" value="0" />
                  <property name="repeatIteration" value="0" />
                </properties>
              </test-case>
              <test-case id="1373" name="P10_LostFreeze_Pos(5.9,4.6,3.8)_Frames9" fullname="AreaTargetPlugin.Tests.DownloadTestSceneManagerPropertyTests.P10_LostFreeze_Pos(5.9,4.6,3.8)_Frames9" methodname="P10_LostState_OriginCubePositionFrozen" classname="AreaTargetPlugin.Tests.DownloadTestSceneManagerPropertyTests" runstate="Runnable" seed="1355426013" result="Passed" start-time="2026-03-20 01:56:37Z" end-time="2026-03-20 01:56:37Z" duration="0.000444" asserts="0">
                <properties>
                  <property name="retryIteration" value="0" />
                  <property name="repeatIteration" value="0" />
                </properties>
              </test-case>
              <test-case id="1374" name="P10_LostFreeze_Pos(-0.9,-7.4,-3.3)_Frames3" fullname="AreaTargetPlugin.Tests.DownloadTestSceneManagerPropertyTests.P10_LostFreeze_Pos(-0.9,-7.4,-3.3)_Frames3" methodname="P10_LostState_OriginCubePositionFrozen" classname="AreaTargetPlugin.Tests.DownloadTestSceneManagerPropertyTests" runstate="Runnable" seed="667089671" result="Passed" start-time="2026-03-20 01:56:37Z" end-time="2026-03-20 01:56:37Z" duration="0.000349" asserts="0">
                <properties>
                  <property name="retryIteration" value="0" />
                  <property name="repeatIteration" value="0" />
                </properties>
              </test-case>
              <test-case id="1375" name="P10_LostFreeze_Pos(9.1,0.7,1.8)_Frames1" fullname="AreaTargetPlugin.Tests.DownloadTestSceneManagerPropertyTests.P10_LostFreeze_Pos(9.1,0.7,1.8)_Frames1" methodname="P10_LostState_OriginCubePositionFrozen" classname="AreaTargetPlugin.Tests.DownloadTestSceneManagerPropertyTests" runstate="Runnable" seed="1404221078" result="Passed" start-time="2026-03-20 01:56:37Z" end-time="2026-03-20 01:56:37Z" duration="0.000321" asserts="0">
                <properties>
                  <property name="retryIteration" value="0" />
                  <property name="repeatIteration" value="0" />
                </properties>
              </test-case>
              <test-case id="1376" name="P10_LostFreeze_Pos(7.4,1.1,-6.3)_Frames9" fullname="AreaTargetPlugin.Tests.DownloadTestSceneManagerPropertyTests.P10_LostFreeze_Pos(7.4,1.1,-6.3)_Frames9" methodname="P10_LostState_OriginCubePositionFrozen" classname="AreaTargetPlugin.Tests.DownloadTestSceneManagerPropertyTests" runstate="Runnable" seed="10778061" result="Passed" start-time="2026-03-20 01:56:37Z" end-time="2026-03-20 01:56:37Z" duration="0.000411" asserts="0">
                <properties>
                  <property name="retryIteration" value="0" />
                  <property name="repeatIteration" value="0" />
                </properties>
              </test-case>
              <test-case id="1377" name="P10_LostFreeze_Pos(4.9,8.8,3.8)_Frames9" fullname="AreaTargetPlugin.Tests.DownloadTestSceneManagerPropertyTests.P10_LostFreeze_Pos(4.9,8.8,3.8)_Frames9" methodname="P10_LostState_OriginCubePositionFrozen" classname="AreaTargetPlugin.Tests.DownloadTestSceneManagerPropertyTests" runstate="Runnable" seed="419675306" result="Passed" start-time="2026-03-20 01:56:37Z" end-time="2026-03-20 01:56:37Z" duration="0.000411" asserts="0">
                <properties>
                  <property name="retryIteration" value="0" />
                  <property name="repeatIteration" value="0" />
                </properties>
              </test-case>
              <test-case id="1378" name="P10_LostFreeze_Pos(3.9,9.8,-4.9)_Frames2" fullname="AreaTargetPlugin.Tests.DownloadTestSceneManagerPropertyTests.P10_LostFreeze_Pos(3.9,9.8,-4.9)_Frames2" methodname="P10_LostState_OriginCubePositionFrozen" classname="AreaTargetPlugin.Tests.DownloadTestSceneManagerPropertyTests" runstate="Runnable" seed="288940177" result="Passed" start-time="2026-03-20 01:56:37Z" end-time="2026-03-20 01:56:37Z" duration="0.000330" asserts="0">
                <properties>
                  <property name="retryIteration" value="0" />
                  <property name="repeatIteration" value="0" />
                </properties>
              </test-case>
              <test-case id="1379" name="P10_LostFreeze_Pos(8.8,-3.5,-1.3)_Frames7" fullname="AreaTargetPlugin.Tests.DownloadTestSceneManagerPropertyTests.P10_LostFreeze_Pos(8.8,-3.5,-1.3)_Frames7" methodname="P10_LostState_OriginCubePositionFrozen" classname="AreaTargetPlugin.Tests.DownloadTestSceneManagerPropertyTests" runstate="Runnable" seed="484087634" result="Passed" start-time="2026-03-20 01:56:37Z" end-time="2026-03-20 01:56:37Z" duration="0.000390" asserts="0">
                <properties>
                  <property name="retryIteration" value="0" />
                  <property name="repeatIteration" value="0" />
                </properties>
              </test-case>
              <test-case id="1380" name="P10_LostFreeze_Pos(6.3,2.9,-9.0)_Frames8" fullname="AreaTargetPlugin.Tests.DownloadTestSceneManagerPropertyTests.P10_LostFreeze_Pos(6.3,2.9,-9.0)_Frames8" methodname="P10_LostState_OriginCubePositionFrozen" classname="AreaTargetPlugin.Tests.DownloadTestSceneManagerPropertyTests" runstate="Runnable" seed="1250057155" result="Passed" start-time="2026-03-20 01:56:37Z" end-time="2026-03-20 01:56:37Z" duration="0.000387" asserts="0">
                <properties>
                  <property name="retryIteration" value="0" />
                  <property name="repeatIteration" value="0" />
                </properties>
              </test-case>
              <test-case id="1381" name="P10_LostFreeze_Pos(0.9,5.6,-1.9)_Frames4" fullname="AreaTargetPlugin.Tests.DownloadTestSceneManagerPropertyTests.P10_LostFreeze_Pos(0.9,5.6,-1.9)_Frames4" methodname="P10_LostState_OriginCubePositionFrozen" classname="AreaTargetPlugin.Tests.DownloadTestSceneManagerPropertyTests" runstate="Runnable" seed="415230887" result="Passed" start-time="2026-03-20 01:56:37Z" end-time="2026-03-20 01:56:37Z" duration="0.000374" asserts="0">
                <properties>
                  <property name="retryIteration" value="0" />
                  <property name="repeatIteration" value="0" />
                </properties>
              </test-case>
              <test-case id="1382" name="P10_LostFreeze_Pos(2.0,-6.1,-9.7)_Frames2" fullname="AreaTargetPlugin.Tests.DownloadTestSceneManagerPropertyTests.P10_LostFreeze_Pos(2.0,-6.1,-9.7)_Frames2" methodname="P10_LostState_OriginCubePositionFrozen" classname="AreaTargetPlugin.Tests.DownloadTestSceneManagerPropertyTests" runstate="Runnable" seed="1538994495" result="Passed" start-time="2026-03-20 01:56:37Z" end-time="2026-03-20 01:56:37Z" duration="0.000468" asserts="0">
                <properties>
                  <property name="retryIteration" value="0" />
                  <property name="repeatIteration" value="0" />
                </properties>
              </test-case>
              <test-case id="1383" name="P10_LostFreeze_Pos(-2.5,-7.3,-3.7)_Frames9" fullname="AreaTargetPlugin.Tests.DownloadTestSceneManagerPropertyTests.P10_LostFreeze_Pos(-2.5,-7.3,-3.7)_Frames9" methodname="P10_LostState_OriginCubePositionFrozen" classname="AreaTargetPlugin.Tests.DownloadTestSceneManagerPropertyTests" runstate="Runnable" seed="640523768" result="Passed" start-time="2026-03-20 01:56:37Z" end-time="2026-03-20 01:56:37Z" duration="0.000725" asserts="0">
                <properties>
                  <property name="retryIteration" value="0" />
                  <property name="repeatIteration" value="0" />
                </properties>
              </test-case>
              <test-case id="1384" name="P10_LostFreeze_Pos(5.2,-2.8,5.1)_Frames1" fullname="AreaTargetPlugin.Tests.DownloadTestSceneManagerPropertyTests.P10_LostFreeze_Pos(5.2,-2.8,5.1)_Frames1" methodname="P10_LostState_OriginCubePositionFrozen" classname="AreaTargetPlugin.Tests.DownloadTestSceneManagerPropertyTests" runstate="Runnable" seed="940922724" result="Passed" start-time="2026-03-20 01:56:37Z" end-time="2026-03-20 01:56:37Z" duration="0.001452" asserts="0">
                <properties>
                  <property name="retryIteration" value="0" />
                  <property name="repeatIteration" value="0" />
                </properties>
              </test-case>
              <test-case id="1385" name="P10_LostFreeze_Pos(-9.4,-2.9,6.8)_Frames6" fullname="AreaTargetPlugin.Tests.DownloadTestSceneManagerPropertyTests.P10_LostFreeze_Pos(-9.4,-2.9,6.8)_Frames6" methodname="P10_LostState_OriginCubePositionFrozen" classname="AreaTargetPlugin.Tests.DownloadTestSceneManagerPropertyTests" runstate="Runnable" seed="1502139609" result="Passed" start-time="2026-03-20 01:56:37Z" end-time="2026-03-20 01:56:37Z" duration="0.000569" asserts="0">
                <properties>
                  <property name="retryIteration" value="0" />
                  <property name="repeatIteration" value="0" />
                </properties>
              </test-case>
              <test-case id="1386" name="P10_LostFreeze_Pos(-10.0,2.2,5.2)_Frames9" fullname="AreaTargetPlugin.Tests.DownloadTestSceneManagerPropertyTests.P10_LostFreeze_Pos(-10.0,2.2,5.2)_Frames9" methodname="P10_LostState_OriginCubePositionFrozen" classname="AreaTargetPlugin.Tests.DownloadTestSceneManagerPropertyTests" runstate="Runnable" seed="190968731" result="Passed" start-time="2026-03-20 01:56:37Z" end-time="2026-03-20 01:56:37Z" duration="0.000540" asserts="0">
                <properties>
                  <property name="retryIteration" value="0" />
                  <property name="repeatIteration" value="0" />
                </properties>
              </test-case>
            </test-suite>
            <test-suite type="ParameterizedMethod" id="1488" name="P11_ReDownload_DisposesOldTracker" fullname="AreaTargetPlugin.Tests.DownloadTestSceneManagerPropertyTests.P11_ReDownload_DisposesOldTracker" classname="AreaTargetPlugin.Tests.DownloadTestSceneManagerPropertyTests" runstate="Runnable" testcasecount="100" result="Passed" start-time="2026-03-20 01:56:37Z" end-time="2026-03-20 01:56:38Z" duration="0.768510" total="100" passed="100" failed="0" inconclusive="0" skipped="0" asserts="0">
              <properties />
              <test-case id="1388" name="P11_ReDownload_Count2_Trial0" fullname="AreaTargetPlugin.Tests.DownloadTestSceneManagerPropertyTests.P11_ReDownload_Count2_Trial0" methodname="P11_ReDownload_DisposesOldTracker" classname="AreaTargetPlugin.Tests.DownloadTestSceneManagerPropertyTests" runstate="Runnable" seed="381316253" result="Passed" start-time="2026-03-20 01:56:37Z" end-time="2026-03-20 01:56:38Z" duration="0.529010" asserts="0">
                <properties>
                  <property name="retryIteration" value="0" />
                  <property name="repeatIteration" value="0" />
                </properties>
                <output><![CDATA[[AreaTargetPlugin] Tracker disposed.
[AreaTargetPlugin] Tracker disposed.
]]></output>
              </test-case>
              <test-case id="1389" name="P11_ReDownload_Count2_Trial1" fullname="AreaTargetPlugin.Tests.DownloadTestSceneManagerPropertyTests.P11_ReDownload_Count2_Trial1" methodname="P11_ReDownload_DisposesOldTracker" classname="AreaTargetPlugin.Tests.DownloadTestSceneManagerPropertyTests" runstate="Runnable" seed="884109874" result="Passed" start-time="2026-03-20 01:56:38Z" end-time="2026-03-20 01:56:38Z" duration="0.001835" asserts="0">
                <properties>
                  <property name="retryIteration" value="0" />
                  <property name="repeatIteration" value="0" />
                </properties>
                <output><![CDATA[[AreaTargetPlugin] Tracker disposed.
[AreaTargetPlugin] Tracker disposed.
]]></output>
              </test-case>
              <test-case id="1390" name="P11_ReDownload_Count2_Trial2" fullname="AreaTargetPlugin.Tests.DownloadTestSceneManagerPropertyTests.P11_ReDownload_Count2_Trial2" methodname="P11_ReDownload_DisposesOldTracker" classname="AreaTargetPlugin.Tests.DownloadTestSceneManagerPropertyTests" runstate="Runnable" seed="134474414" result="Passed" start-time="2026-03-20 01:56:38Z" end-time="2026-03-20 01:56:38Z" duration="0.001845" asserts="0">
                <properties>
                  <property name="retryIteration" value="0" />
                  <property name="repeatIteration" value="0" />
                </properties>
                <output><![CDATA[[AreaTargetPlugin] Tracker disposed.
[AreaTargetPlugin] Tracker disposed.
]]></output>
              </test-case>
              <test-case id="1391" name="P11_ReDownload_Count2_Trial3" fullname="AreaTargetPlugin.Tests.DownloadTestSceneManagerPropertyTests.P11_ReDownload_Count2_Trial3" methodname="P11_ReDownload_DisposesOldTracker" classname="AreaTargetPlugin.Tests.DownloadTestSceneManagerPropertyTests" runstate="Runnable" seed="1111131313" result="Passed" start-time="2026-03-20 01:56:38Z" end-time="2026-03-20 01:56:38Z" duration="0.001520" asserts="0">
                <properties>
[...]
                  <property name="retryIteration" value="0" />
                  <property name="repeatIteration" value="0" />
                </properties>
              </test-case>
              <test-case id="1257" name="P9_TrackingCube_Features468_Conf0.19" fullname="AreaTargetPlugin.Tests.DownloadTestSceneManagerPropertyTests.P9_TrackingCube_Features468_Conf0.19" methodname="P9_TrackingState_OriginCubeIsActive" classname="AreaTargetPlugin.Tests.DownloadTestSceneManagerPropertyTests" runstate="Runnable" seed="710254750" result="Passed" start-time="2026-03-20 01:56:38Z" end-time="2026-03-20 01:56:38Z" duration="0.000320" asserts="0">
                <properties>
                  <property name="retryIteration" value="0" />
                  <property name="repeatIteration" value="0" />
                </properties>
              </test-case>
              <test-case id="1258" name="P9_TrackingCube_Features484_Conf0.02" fullname="AreaTargetPlugin.Tests.DownloadTestSceneManagerPropertyTests.P9_TrackingCube_Features484_Conf0.02" methodname="P9_TrackingState_OriginCubeIsActive" classname="AreaTargetPlugin.Tests.DownloadTestSceneManagerPropertyTests" runstate="Runnable" seed="1142167432" result="Passed" start-time="2026-03-20 01:56:38Z" end-time="2026-03-20 01:56:38Z" duration="0.000305" asserts="0">
                <properties>
                  <property name="retryIteration" value="0" />
                  <property name="repeatIteration" value="0" />
                </properties>
              </test-case>
              <test-case id="1259" name="P9_TrackingCube_Features426_Conf0.70" fullname="AreaTargetPlugin.Tests.DownloadTestSceneManagerPropertyTests.P9_TrackingCube_Features426_Conf0.70" methodname="P9_TrackingState_OriginCubeIsActive" classname="AreaTargetPlugin.Tests.DownloadTestSceneManagerPropertyTests" runstate="Runnable" seed="132425625" result="Passed" start-time="2026-03-20 01:56:38Z" end-time="2026-03-20 01:56:38Z" duration="0.000301" asserts="0">
                <properties>
                  <property name="retryIteration" value="0" />
                  <property name="repeatIteration" value="0" />
                </properties>
              </test-case>
              <test-case id="1260" name="P9_TrackingCube_Features38_Conf0.16" fullname="AreaTargetPlugin.Tests.DownloadTestSceneManagerPropertyTests.P9_TrackingCube_Features38_Conf0.16" methodname="P9_TrackingState_OriginCubeIsActive" classname="AreaTargetPlugin.Tests.DownloadTestSceneManagerPropertyTests" runstate="Runnable" seed="1352900503" result="Passed" start-time="2026-03-20 01:56:38Z" end-time="2026-03-20 01:56:38Z" duration="0.000301" asserts="0">
                <properties>
                  <property name="retryIteration" value="0" />
                  <property name="repeatIteration" value="0" />
                </properties>
              </test-case>
              <test-case id="1261" name="P9_TrackingCube_Features124_Conf0.37" fullname="AreaTargetPlugin.Tests.DownloadTestSceneManagerPropertyTests.P9_TrackingCube_Features124_Conf0.37" methodname="P9_TrackingState_OriginCubeIsActive" classname="AreaTargetPlugin.Tests.DownloadTestSceneManagerPropertyTests" runstate="Runnable" seed="222960703" result="Passed" start-time="2026-03-20 01:56:38Z" end-time="2026-03-20 01:56:38Z" duration="0.000304" asserts="0">
                <properties>
                  <property name="retryIteration" value="0" />
                  <property name="repeatIteration" value="0" />
                </properties>
              </test-case>
              <test-case id="1262" name="P9_TrackingCube_Features417_Conf0.79" fullname="AreaTargetPlugin.Tests.DownloadTestSceneManagerPropertyTests.P9_TrackingCube_Features417_Conf0.79" methodname="P9_TrackingState_OriginCubeIsActive" classname="AreaTargetPlugin.Tests.DownloadTestSceneManagerPropertyTests" runstate="Runnable" seed="198402598" result="Passed" start-time="2026-03-20 01:56:38Z" end-time="2026-03-20 01:56:38Z" duration="0.000313" asserts="0">
                <properties>
                  <property name="retryIteration" value="0" />
                  <property name="repeatIteration" value="0" />
                </properties>
              </test-case>
              <test-case id="1263" name="P9_TrackingCube_Features335_Conf0.13" fullname="AreaTargetPlugin.Tests.DownloadTestSceneManagerPropertyTests.P9_TrackingCube_Features335_Conf0.13" methodname="P9_TrackingState_OriginCubeIsActive" classname="AreaTargetPlugin.Tests.DownloadTestSceneManagerPropertyTests" runstate="Runnable" seed="1616797570" result="Passed" start-time="2026-03-20 01:56:38Z" end-time="2026-03-20 01:56:38Z" duration="0.000331" asserts="0">
                <properties>
                  <property name="retryIteration" value="0" />
                  <property name="repeatIteration" value="0" />
                </properties>
              </test-case>
              <test-case id="1264" name="P9_TrackingCube_Features17_Conf0.38" fullname="AreaTargetPlugin.Tests.DownloadTestSceneManagerPropertyTests.P9_TrackingCube_Features17_Conf0.38" methodname="P9_TrackingState_OriginCubeIsActive" classname="AreaTargetPlugin.Tests.DownloadTestSceneManagerPropertyTests" runstate="Runnable" seed="1053936655" result="Passed" start-time="2026-03-20 01:56:38Z" end-time="2026-03-20 01:56:38Z" duration="0.000313" asserts="0">
                <properties>
                  <property name="retryIteration" value="0" />
                  <property name="repeatIteration" value="0" />
                </properties>
              </test-case>
              <test-case id="1265" name="P9_TrackingCube_Features139_Conf0.35" fullname="AreaTargetPlugin.Tests.DownloadTestSceneManagerPropertyTests.P9_TrackingCube_Features139_Conf0.35" methodname="P9_TrackingState_OriginCubeIsActive" classname="AreaTargetPlugin.Tests.DownloadTestSceneManagerPropertyTests" runstate="Runnable" seed="143812108" result="Passed" start-time="2026-03-20 01:56:38Z" end-time="2026-03-20 01:56:38Z" duration="0.000313" asserts="0">
                <properties>
                  <property name="retryIteration" value="0" />
                  <property name="repeatIteration" value="0" />
                </properties>
              </test-case>
              <test-case id="1266" name="P9_TrackingCube_Features109_Conf0.78" fullname="AreaTargetPlugin.Tests.DownloadTestSceneManagerPropertyTests.P9_TrackingCube_Features109_Conf0.78" methodname="P9_TrackingState_OriginCubeIsActive" classname="AreaTargetPlugin.Tests.DownloadTestSceneManagerPropertyTests" runstate="Runnable" seed="666076945" result="Passed" start-time="2026-03-20 01:56:38Z" end-time="2026-03-20 01:56:38Z" duration="0.000492" asserts="0">
                <properties>
                  <property name="retryIteration" value="0" />
                  <property name="repeatIteration" value="0" />
                </properties>
              </test-case>
              <test-case id="1267" name="P9_TrackingCube_Features171_Conf0.65" fullname="AreaTargetPlugin.Tests.DownloadTestSceneManagerPropertyTests.P9_TrackingCube_Features171_Conf0.65" methodname="P9_TrackingState_OriginCubeIsActive" classname="AreaTargetPlugin.Tests.DownloadTestSceneManagerPropertyTests" runstate="Runnable" seed="710498794" result="Passed" start-time="2026-03-20 01:56:38Z" end-time="2026-03-20 01:56:38Z" duration="0.000339" asserts="0">
                <properties>
                  <property name="retryIteration" value="0" />
                  <property name="repeatIteration" value="0" />
                </properties>
              </test-case>
              <test-case id="1268" name="P9_TrackingCube_Features261_Conf0.91" fullname="AreaTargetPlugin.Tests.DownloadTestSceneManagerPropertyTests.P9_TrackingCube_Features261_Conf0.91" methodname="P9_TrackingState_OriginCubeIsActive" classname="AreaTargetPlugin.Tests.DownloadTestSceneManagerPropertyTests" runstate="Runnable" seed="1118314927" result="Passed" start-time="2026-03-20 01:56:38Z" end-time="2026-03-20 01:56:38Z" duration="0.000531" asserts="0">
                <properties>
                  <property name="retryIteration" value="0" />
                  <property name="repeatIteration" value="0" />
                </properties>
              </test-case>
              <test-case id="1269" name="P9_TrackingCube_Features41_Conf0.73" fullname="AreaTargetPlugin.Tests.DownloadTestSceneManagerPropertyTests.P9_TrackingCube_Features41_Conf0.73" methodname="P9_TrackingState_OriginCubeIsActive" classname="AreaTargetPlugin.Tests.DownloadTestSceneManagerPropertyTests" runstate="Runnable" seed="1461131930" result="Passed" start-time="2026-03-20 01:56:38Z" end-time="2026-03-20 01:56:38Z" duration="0.000400" asserts="0">
                <properties>
                  <property name="retryIteration" value="0" />
                  <property name="repeatIteration" value="0" />
                </properties>
              </test-case>
              <test-case id="1270" name="P9_TrackingCube_Features383_Conf0.14" fullname="AreaTargetPlugin.Tests.DownloadTestSceneManagerPropertyTests.P9_TrackingCube_Features383_Conf0.14" methodname="P9_TrackingState_OriginCubeIsActive" classname="AreaTargetPlugin.Tests.DownloadTestSceneManagerPropertyTests" runstate="Runnable" seed="709360043" result="Passed" start-time="2026-03-20 01:56:38Z" end-time="2026-03-20 01:56:38Z" duration="0.000355" asserts="0">
                <properties>
                  <property name="retryIteration" value="0" />
                  <property name="repeatIteration" value="0" />
                </properties>
              </test-case>
              <test-case id="1271" name="P9_TrackingCube_Features92_Conf0.41" fullname="AreaTargetPlugin.Tests.DownloadTestSceneManagerPropertyTests.P9_TrackingCube_Features92_Conf0.41" methodname="P9_TrackingState_OriginCubeIsActive" classname="AreaTargetPlugin.Tests.DownloadTestSceneManagerPropertyTests" runstate="Runnable" seed="607987882" result="Passed" start-time="2026-03-20 01:56:38Z" end-time="2026-03-20 01:56:38Z" duration="0.000336" asserts="0">
                <properties>
                  <property name="retryIteration" value="0" />
                  <property name="repeatIteration" value="0" />
                </properties>
              </test-case>
              <test-case id="1272" name="P9_TrackingCube_Features266_Conf0.90" fullname="AreaTargetPlugin.Tests.DownloadTestSceneManagerPropertyTests.P9_TrackingCube_Features266_Conf0.90" methodname="P9_TrackingState_OriginCubeIsActive" classname="AreaTargetPlugin.Tests.DownloadTestSceneManagerPropertyTests" runstate="Runnable" seed="1198338349" result="Passed" start-time="2026-03-20 01:56:38Z" end-time="2026-03-20 01:56:38Z" duration="0.000327" asserts="0">
                <properties>
                  <property name="retryIteration" value="0" />
                  <property name="repeatIteration" value="0" />
                </properties>
              </test-case>
              <test-case id="1273" name="P9_TrackingCube_Features255_Conf0.16" fullname="AreaTargetPlugin.Tests.DownloadTestSceneManagerPropertyTests.P9_TrackingCube_Features255_Conf0.16" methodname="P9_TrackingState_OriginCubeIsActive" classname="AreaTargetPlugin.Tests.DownloadTestSceneManagerPropertyTests" runstate="Runnable" seed="398025305" result="Passed" start-time="2026-03-20 01:56:38Z" end-time="2026-03-20 01:56:38Z" duration="0.000329" asserts="0">
                <properties>
                  <property name="retryIteration" value="0" />
                  <property name="repeatIteration" value="0" />
                </properties>
              </test-case>
              <test-case id="1274" name="P9_TrackingCube_Features133_Conf0.58" fullname="AreaTargetPlugin.Tests.DownloadTestSceneManagerPropertyTests.P9_TrackingCube_Features133_Conf0.58" methodname="P9_TrackingState_OriginCubeIsActive" classname="AreaTargetPlugin.Tests.DownloadTestSceneManagerPropertyTests" runstate="Runnable" seed="299676245" result="Passed" start-time="2026-03-20 01:56:38Z" end-time="2026-03-20 01:56:38Z" duration="0.000331" asserts="0">
                <properties>
                  <property name="retryIteration" value="0" />
                  <property name="repeatIteration" value="0" />
                </properties>
              </test-case>
              <test-case id="1275" name="P9_TrackingCube_Features448_Conf0.30" fullname="AreaTargetPlugin.Tests.DownloadTestSceneManagerPropertyTests.P9_TrackingCube_Features448_Conf0.30" methodname="P9_TrackingState_OriginCubeIsActive" classname="AreaTargetPlugin.Tests.DownloadTestSceneManagerPropertyTests" runstate="Runnable" seed="1218036550" result="Passed" start-time="2026-03-20 01:56:38Z" end-time="2026-03-20 01:56:38Z" duration="0.000321" asserts="0">
                <properties>
                  <property name="retryIteration" value="0" />
                  <property name="repeatIteration" value="0" />
                </properties>
              </test-case>
              <test-case id="1276" name="P9_TrackingCube_Features142_Conf0.36" fullname="AreaTargetPlugin.Tests.DownloadTestSceneManagerPropertyTests.P9_TrackingCube_Features142_Conf0.36" methodname="P9_TrackingState_OriginCubeIsActive" classname="AreaTargetPlugin.Tests.DownloadTestSceneManagerPropertyTests" runstate="Runnable" seed="1512154227" result="Passed" start-time="2026-03-20 01:56:38Z" end-time="2026-03-20 01:56:38Z" duration="0.000326" asserts="0">
                <properties>
                  <property name="retryIteration" value="0" />
                  <property name="repeatIteration" value="0" />
                </properties>
              </test-case>
              <test-case id="1277" name="P9_TrackingCube_Features204_Conf0.88" fullname="AreaTargetPlugin.Tests.DownloadTestSceneManagerPropertyTests.P9_TrackingCube_Features204_Conf0.88" methodname="P9_TrackingState_OriginCubeIsActive" classname="AreaTargetPlugin.Tests.DownloadTestSceneManagerPropertyTests" runstate="Runnable" seed="1791970085" result="Passed" start-time="2026-03-20 01:56:38Z" end-time="2026-03-20 01:56:38Z" duration="0.000313" asserts="0">
                <properties>
                  <property name="retryIteration" value="0" />
                  <property name="repeatIteration" value="0" />
                </properties>
              </test-case>
              <test-case id="1278" name="P9_TrackingCube_Features311_Conf0.37" fullname="AreaTargetPlugin.Tests.DownloadTestSceneManagerPropertyTests.P9_TrackingCube_Features311_Conf0.37" methodname="P9_TrackingState_OriginCubeIsActive" classname="AreaTargetPlugin.Tests.DownloadTestSceneManagerPropertyTests" runstate="Runnable" seed="928348611" result="Passed" start-time="2026-03-20 01:56:38Z" end-time="2026-03-20 01:56:38Z" duration="0.000316" asserts="0">
                <properties>
                  <property name="retryIteration" value="0" />
                  <property name="repeatIteration" value="0" />
                </properties>
              </test-case>
              <test-case id="1279" name="P9_TrackingCube_Features97_Conf0.03" fullname="AreaTargetPlugin.Tests.DownloadTestSceneManagerPropertyTests.P9_TrackingCube_Features97_Conf0.03" methodname="P9_TrackingState_OriginCubeIsActive" classname="AreaTargetPlugin.Tests.DownloadTestSceneManagerPropertyTests" runstate="Runnable" seed="1920870965" result="Passed" start-time="2026-03-20 01:56:38Z" end-time="2026-03-20 01:56:38Z" duration="0.000315" asserts="0">
                <properties>
                  <property name="retryIteration" value="0" />
                  <property name="repeatIteration" value="0" />
                </properties>
              </test-case>
              <test-case id="1280" name="P9_TrackingCube_Features220_Conf0.97" fullname="AreaTargetPlugin.Tests.DownloadTestSceneManagerPropertyTests.P9_TrackingCube_Features220_Conf0.97" methodname="P9_TrackingState_OriginCubeIsActive" classname="AreaTargetPlugin.Tests.DownloadTestSceneManagerPropertyTests" runstate="Runnable" seed="1230950855" result="Passed" start-time="2026-03-20 01:56:38Z" end-time="2026-03-20 01:56:38Z" duration="0.000327" asserts="0">
                <properties>
                  <property name="retryIteration" value="0" />
                  <property name="repeatIteration" value="0" />
                </properties>
              </test-case>
              <test-case id="1281" name="P9_TrackingCube_Features176_Conf0.42" fullname="AreaTargetPlugin.Tests.DownloadTestSceneManagerPropertyTests.P9_TrackingCube_Features176_Conf0.42" methodname="P9_TrackingState_OriginCubeIsActive" classname="AreaTargetPlugin.Tests.DownloadTestSceneManagerPropertyTests" runstate="Runnable" seed="210025680" result="Passed" start-time="2026-03-20 01:56:38Z" end-time="2026-03-20 01:56:38Z" duration="0.000301" asserts="0">
                <properties>
                  <property name="retryIteration" value="0" />
                  <property name="repeatIteration" value="0" />
                </properties>
              </test-case>
              <test-case id="1282" name="P9_TrackingCube_Features171_Conf0.75" fullname="AreaTargetPlugin.Tests.DownloadTestSceneManagerPropertyTests.P9_TrackingCube_Features171_Conf0.75" methodname="P9_TrackingState_OriginCubeIsActive" classname="AreaTargetPlugin.Tests.DownloadTestSceneManagerPropertyTests" runstate="Runnable" seed="2044861301" result="Passed" start-time="2026-03-20 01:56:38Z" end-time="2026-03-20 01:56:38Z" duration="0.000302" asserts="0">
                <properties>
                  <property name="retryIteration" value="0" />
                  <property name="repeatIteration" value="0" />
                </properties>
              </test-case>
              <test-case id="1283" name="P9_TrackingCube_Features200_Conf0.36" fullname="AreaTargetPlugin.Tests.DownloadTestSceneManagerPropertyTests.P9_TrackingCube_Features200_Conf0.36" methodname="P9_TrackingState_OriginCubeIsActive" classname="AreaTargetPlugin.Tests.DownloadTestSceneManagerPropertyTests" runstate="Runnable" seed="1209860634" result="Passed" start-time="2026-03-20 01:56:38Z" end-time="2026-03-20 01:56:38Z" duration="0.000297" asserts="0">
                <properties>
                  <property name="retryIteration" value="0" />
                  <property name="repeatIteration" value="0" />
                </properties>
              </test-case>
              <test-case id="1284" name="P9_TrackingCube_Features120_Conf0.29" fullname="AreaTargetPlugin.Tests.DownloadTestSceneManagerPropertyTests.P9_TrackingCube_Features120_Conf0.29" methodname="P9_TrackingState_OriginCubeIsActive" classname="AreaTargetPlugin.Tests.DownloadTestSceneManagerPropertyTests" runstate="Runnable" seed="915139913" result="Passed" start-time="2026-03-20 01:56:38Z" end-time="2026-03-20 01:56:38Z" duration="0.000298" asserts="0">
                <properties>
                  <property name="retryIteration" value="0" />
                  <property name="repeatIteration" value="0" />
                </properties>
              </test-case>
              <test-case id="1285" name="P9_TrackingCube_Features333_Conf0.06" fullname="AreaTargetPlugin.Tests.DownloadTestSceneManagerPropertyTests.P9_TrackingCube_Features333_Conf0.06" methodname="P9_TrackingState_OriginCubeIsActive" classname="AreaTargetPlugin.Tests.DownloadTestSceneManagerPropertyTests" runstate="Runnable" seed="1793942814" result="Passed" start-time="2026-03-20 01:56:38Z" end-time="2026-03-20 01:56:38Z" duration="0.000300" asserts="0">
                <properties>
                  <property name="retryIteration" value="0" />
                  <property name="repeatIteration" value="0" />
                </properties>
                <output><![CDATA[Saving results to: ./pbt_results_final.xml
]]></output>
              </test-case>
            </test-suite>
          </test-suite>
        </test-suite>
      </test-suite>
    </test-suite>
  </test-suite>
</test-run>