<?xml version="1.0" encoding="utf-8"?>
<test-run id="2" testcasecount="21" result="Passed" total="21" passed="21" failed="0" inconclusive="0" skipped="0" asserts="0" engine-version="3.5.0.0" clr-version="4.0.30319.42000" start-time="2026-03-26 07:50:46Z" end-time="2026-03-26 07:50:46Z" duration="0.079849">
  <test-suite type="TestSuite" id="1000" name="AreaTargetTest" fullname="AreaTargetTest" runstate="Runnable" testcasecount="916" result="Passed" start-time="2026-03-26 07:50:46Z" end-time="2026-03-26 07:50:46Z" duration="0.079849" total="21" passed="21" failed="0" inconclusive="0" skipped="0" asserts="0">
    <properties>
      <property name="platform" value="EditMode" />
    </properties>
    <test-suite type="Assembly" id="1959" name="AreaTargetPlugin.Tests.dll" fullname="/Users/geek/Project/point/unity_project/Library/ScriptAssemblies/AreaTargetPlugin.Tests.dll" runstate="Runnable" testcasecount="916" result="Passed" start-time="2026-03-26 07:50:46Z" end-time="2026-03-26 07:50:46Z" duration="0.072926" total="21" passed="21" failed="0" inconclusive="0" skipped="0" asserts="0">
      <properties>
        <property name="_PID" value="80639" />
        <property name="_APPDOMAIN" value="Unity Child Domain" />
        <property name="platform" value="EditMode" />
        <property name="EditorOnly" value="True" />
      </properties>
      <test-suite type="TestSuite" id="1960" name="AreaTargetPlugin" fullname="AreaTargetPlugin" runstate="Runnable" testcasecount="916" result="Passed" start-time="2026-03-26 07:50:46Z" end-time="2026-03-26 07:50:46Z" duration="0.069372" total="21" passed="21" failed="0" inconclusive="0" skipped="0" asserts="0">
        <properties />
        <test-suite type="TestSuite" id="1961" name="Tests" fullname="AreaTargetPlugin.Tests" runstate="Runnable" testcasecount="916" result="Passed" start-time="2026-03-26 07:50:46Z" end-time="2026-03-26 07:50:46Z" duration="0.066329" total="21" passed="21" failed="0" inconclusive="0" skipped="0" asserts="0">
          <properties />
          <test-suite type="TestFixture" id="1001" name="AkazeIntegrationTests" fullname="AreaTargetPlugin.Tests.AkazeIntegrationTests" classname="AreaTargetPlugin.Tests.AkazeIntegrationTests" runstate="Runnable" testcasecount="21" result="Passed" start-time="2026-03-26 07:50:46Z" end-time="2026-03-26 07:50:46Z" duration="0.059683" total="21" passed="21" failed="0" inconclusive="0" skipped="0" asserts="0">
            <properties />
            <test-case id="1011" name="ExtendedDebugInfo_DefaultValues" fullname="AreaTargetPlugin.Tests.AkazeIntegrationTests.ExtendedDebugInfo_DefaultValues" methodname="ExtendedDebugInfo_DefaultValues" classname="AreaTargetPlugin.Tests.AkazeIntegrationTests" runstate="Runnable" seed="1019350092" result="Passed" start-time="2026-03-26 07:50:46Z" end-time="2026-03-26 07:50:46Z" duration="0.010297" asserts="0">
              <properties>
                <property name="retryIteration" value="0" />
                <property name="repeatIteration" value="0" />
              </properties>
              <output><![CDATA[
IgnoreFailingMessages:true

IgnoreFailingMessages:true
]]></output>
            </test-case>
            <test-case id="1021" name="HasAkazeFeatures_DefaultValue_IsFalse" fullname="AreaTargetPlugin.Tests.AkazeIntegrationTests.HasAkazeFeatures_DefaultValue_IsFalse" methodname="HasAkazeFeatures_DefaultValue_IsFalse" classname="AreaTargetPlugin.Tests.AkazeIntegrationTests" runstate="Runnable" seed="1686273005" result="Passed" start-time="2026-03-26 07:50:46Z" end-time="2026-03-26 07:50:46Z" duration="0.000273" asserts="0">
              <properties>
                <property name="retryIteration" value="0" />
                <property name="repeatIteration" value="0" />
              </properties>
              <output><![CDATA[
IgnoreFailingMessages:true

IgnoreFailingMessages:true
]]></output>
            </test-case>
            <test-case id="1020" name="HasAkazeFeatures_EmptyAkazeTable_ReturnsFalse" fullname="AreaTargetPlugin.Tests.AkazeIntegrationTests.HasAkazeFeatures_EmptyAkazeTable_ReturnsFalse" methodname="HasAkazeFeatures_EmptyAkazeTable_ReturnsFalse" classname="AreaTargetPlugin.Tests.AkazeIntegrationTests" runstate="Runnable" seed="1492169258" result="Passed" start-time="2026-03-26 07:50:46Z" end-time="2026-03-26 07:50:46Z" duration="0.025716" asserts="0">
              <properties>
                <property name="retryIteration" value="0" />
                <property name="repeatIteration" value="0" />
              </properties>
              <output><![CDATA[
IgnoreFailingMessages:true

IgnoreFailingMessages:true
]]></output>
            </test-case>
            <test-case id="1019" name="HasAkazeFeatures_NoAkazeTable_ReturnsFalse" fullname="AreaTargetPlugin.Tests.AkazeIntegrationTests.HasAkazeFeatures_NoAkazeTable_ReturnsFalse" methodname="HasAkazeFeatures_NoAkazeTable_ReturnsFalse" classname="AreaTargetPlugin.Tests.AkazeIntegrationTests" runstate="Runnable" seed="781986809" result="Passed" start-time="2026-03-26 07:50:46Z" end-time="2026-03-26 07:50:46Z" duration="0.004782" asserts="0">
              <properties>
                <property name="retryIteration" value="0" />
                <property name="repeatIteration" value="0" />
              </properties>
              <output><![CDATA[
IgnoreFailingMessages:true

IgnoreFailingMessages:true
]]></output>
            </test-case>
            <test-case id="1022" name="KeyframeRecord_AkazeLists_InitializedEmpty" fullname="AreaTargetPlugin.Tests.AkazeIntegrationTests.KeyframeRecord_AkazeLists_InitializedEmpty" methodname="KeyframeRecord_AkazeLists_InitializedEmpty" classname="AreaTargetPlugin.Tests.AkazeIntegrationTests" runstate="Runnable" seed="228118378" result="Passed" start-time="2026-03-26 07:50:46Z" end-time="2026-03-26 07:50:46Z" duration="0.003573" asserts="0">
              <properties>
                <property name="retryIteration" value="0" />
                <property name="repeatIteration" value="0" />
              </properties>
              <output><![CDATA[
IgnoreFailingMessages:true

IgnoreFailingMessages:true
]]></output>
            </test-case>
            <test-case id="1004" name="LocalizationQuality_ContainsLocalized" fullname="AreaTargetPlugin.Tests.AkazeIntegrationTests.LocalizationQuality_ContainsLocalized" methodname="LocalizationQuality_ContainsLocalized" classname="AreaTargetPlugin.Tests.AkazeIntegrationTests" runstate="Runnable" seed="910169394" result="Passed" start-time="2026-03-26 07:50:46Z" end-time="2026-03-26 07:50:46Z" duration="0.000270" asserts="0">
              <properties>
                <property name="retryIteration" value="0" />
                <property name="repeatIteration" value="0" />
              </properties>
              <output><![CDATA[
IgnoreFailingMessages:true

IgnoreFailingMessages:true
]]></output>
            </test-case>
            <test-case id="1002" name="LocalizationQuality_ContainsNone" fullname="AreaTargetPlugin.Tests.AkazeIntegrationTests.LocalizationQuality_ContainsNone" methodname="LocalizationQuality_ContainsNone" classname="AreaTargetPlugin.Tests.AkazeIntegrationTests" runstate="Runnable" seed="1209233773" result="Passed" start-time="2026-03-26 07:50:46Z" end-time="2026-03-26 07:50:46Z" duration="0.000126" asserts="0">
              <properties>
                <property name="retryIteration" value="0" />
                <property name="repeatIteration" value="0" />
              </properties>
              <output><![CDATA[
IgnoreFailingMessages:true

IgnoreFailingMessages:true
]]></output>
            </test-case>
            <test-case id="1003" name="LocalizationQuality_ContainsRecognized" fullname="AreaTargetPlugin.Tests.AkazeIntegrationTests.LocalizationQuality_ContainsRecognized" methodname="LocalizationQuality_ContainsRecognized" classname="AreaTargetPlugin.Tests.AkazeIntegrationTests" runstate="Runnable" seed="259968790" result="Passed" start-time="2026-03-26 07:50:46Z" end-time="2026-03-26 07:50:46Z" duration="0.000116" asserts="0">
              <properties>
                <property name="retryIteration" value="0" />
                <property name="repeatIteration" value="0" />
              </properties>
              <output><![CDATA[
IgnoreFailingMessages:true

IgnoreFailingMessages:true
]]></output>
            </test-case>
            <test-case id="1005" name="LocalizationQuality_HasExactlyThreeValues" fullname="AreaTargetPlugin.Tests.AkazeIntegrationTests.LocalizationQuality_HasExactlyThreeValues" methodname="LocalizationQuality_HasExactlyThreeValues" classname="AreaTargetPlugin.Tests.AkazeIntegrationTests" runstate="Runnable" seed="283438106" result="Passed" start-time="2026-03-26 07:50:46Z" end-time="2026-03-26 07:50:46Z" duration="0.000165" asserts="0">
              <properties>
                <property name="retryIteration" value="0" />
                <property name="repeatIteration" value="0" />
              </properties>
              <output><![CDATA[
IgnoreFailingMessages:true

IgnoreFailingMessages:true
]]></output>
            </test-case>
            <test-case id="1006" name="LocalizationQuality_NoneIsZero" fullname="AreaTargetPlugin.Tests.AkazeIntegrationTests.LocalizationQuality_NoneIsZero" methodname="LocalizationQuality_NoneIsZero" classname="AreaTargetPlugin.Tests.AkazeIntegrationTests" runstate="Runnable" seed="1979598890" result="Passed" start-time="2026-03-26 07:50:46Z" end-time="2026-03-26 07:50:46Z" duration="0.000113" asserts="0">
              <properties>
                <property name="retryIteration" value="0" />
                <property name="repeatIteration" value="0" />
              </properties>
              <output><![CDATA[
IgnoreFailingMessages:true

IgnoreFailingMessages:true
]]></output>
            </test-case>
            <test-case id="1007" name="TrackingResult_DefaultQuality_IsNone" fullname="AreaTargetPlugin.Tests.AkazeIntegrationTests.TrackingResult_DefaultQuality_IsNone" methodname="TrackingResult_DefaultQuality_IsNone" classname="AreaTargetPlugin.Tests.AkazeIntegrationTests" runstate="Runnable" seed="2035241547" result="Passed" start-time="2026-03-26 07:50:46Z" end-time="2026-03-26 07:50:46Z" duration="0.000135" asserts="0">
              <properties>
                <property name="retryIteration" value="0" />
                <property name="repeatIteration" value="0" />
              </properties>
              <output><![CDATA[
IgnoreFailingMessages:true

IgnoreFailingMessages:true
]]></output>
            </test-case>
            <test-case id="1008" name="TrackingResult_ExistingFieldsUnchanged" fullname="AreaTargetPlugin.Tests.AkazeIntegrationTests.TrackingResult_ExistingFieldsUnchanged" methodname="TrackingResult_ExistingFieldsUnchanged" classname="AreaTargetPlugin.Tests.AkazeIntegrationTests" runstate="Runnable" seed="228259916" result="Passed" start-time="2026-03-26 07:50:46Z" end-time="2026-03-26 07:50:46Z" duration="0.001597" asserts="0">
              <properties>
                <property name="retryIteration" value="0" />
                <property name="repeatIteration" value="0" />
              </properties>
              <output><![CDATA[
IgnoreFailingMessages:true

IgnoreFailingMessages:true
]]></output>
            </test-case>
            <test-case id="1010" name="TrackingState_OriginalValuesUnchanged" fullname="AreaTargetPlugin.Tests.AkazeIntegrationTests.TrackingState_OriginalValuesUnchanged" methodname="TrackingState_OriginalValuesUnchanged" classname="AreaTargetPlugin.Tests.AkazeIntegrationTests" runstate="Runnable" seed="519655038" result="Passed" start-time="2026-03-26 07:50:46Z" end-time="2026-03-26 07:50:46Z" duration="0.000229" asserts="0">
              <properties>
                <property name="retryIteration" value="0" />
                <property name="repeatIteration" value="0" />
              </properties>
              <output><![CDATA[
IgnoreFailingMessages:true

IgnoreFailingMessages:true
]]></output>
            </test-case>
            <test-case id="1009" name="TrackingState_StillContainsOriginalValues" fullname="AreaTargetPlugin.Tests.AkazeIntegrationTests.TrackingState_StillContainsOriginalValues" methodname="TrackingState_StillContainsOriginalValues" classname="AreaTargetPlugin.Tests.AkazeIntegrationTests" runstate="Runnable" seed="1396845017" result="Passed" start-time="2026-03-26 07:50:46Z" end-time="2026-03-26 07:50:46Z" duration="0.000155" asserts="0">
              <properties>
                <property name="retryIteration" value="0" />
                <property name="repeatIteration" value="0" />
              </properties>
              <output><![CDATA[
IgnoreFailingMessages:true

IgnoreFailingMessages:true
]]></output>
            </test-case>
            <test-case id="1012" name="VlAddKeyframeAkaze_MethodExists" fullname="AreaTargetPlugin.Tests.AkazeIntegrationTests.VlAddKeyframeAkaze_MethodExists" methodname="VlAddKeyframeAkaze_MethodExists" classname="AreaTargetPlugin.Tests.AkazeIntegrationTests" runstate="Runnable" seed="1817523450" result="Passed" start-time="2026-03-26 07:50:46Z" end-time="2026-03-26 07:50:46Z" duration="0.000245" asserts="0">
              <properties>
                <property name="retryIteration" value="0" />
                <property name="repeatIteration" value="0" />
              </properties>
              <output><![CDATA[
IgnoreFailingMessages:true

IgnoreFailingMessages:true
]]></output>
            </test-case>
            <test-case id="1013" name="VlAddKeyframeAkaze_ReturnsInt" fullname="AreaTargetPlugin.Tests.AkazeIntegrationTests.VlAddKeyframeAkaze_ReturnsInt" methodname="VlAddKeyframeAkaze_ReturnsInt" classname="AreaTargetPlugin.Tests.AkazeIntegrationTests" runstate="Runnable" seed="259197523" result="Passed" start-time="2026-03-26 07:50:46Z" end-time="2026-03-26 07:50:46Z" duration="0.000162" asserts="0">
              <properties>
                <property name="retryIteration" value="0" />
                <property name="repeatIteration" value="0" />
              </properties>
              <output><![CDATA[
IgnoreFailingMessages:true

IgnoreFailingMessages:true
]]></output>
            </test-case>
            <test-case id="1016" name="VLDebugInfo_ContainsNewFields" fullname="AreaTargetPlugin.Tests.AkazeIntegrationTests.VLDebugInfo_ContainsNewFields" methodname="VLDebugInfo_ContainsNewFields" classname="AreaTargetPlugin.Tests.AkazeIntegrationTests" runstate="Runnable" seed="1916284794" result="Passed" start-time="2026-03-26 07:50:46Z" end-time="2026-03-26 07:50:46Z" duration="0.000225" asserts="0">
              <properties>
                <property name="retryIteration" value="0" />
                <property name="repeatIteration" value="0" />
              </properties>
              <output><![CDATA[
IgnoreFailingMessages:true

IgnoreFailingMessages:true
]]></output>
            </test-case>
            <test-case id="1017" name="VLDebugInfo_NewFieldsDefaultToZero" fullname="AreaTargetPlugin.Tests.AkazeIntegrationTests.VLDebugInfo_NewFieldsDefaultToZero" methodname="VLDebugInfo_NewFieldsDefaultToZero" classname="AreaTargetPlugin.Tests.AkazeIntegrationTests" runstate="Runnable" seed="1844971666" result="Passed" start-time="2026-03-26 07:50:46Z" end-time="2026-03-26 07:50:46Z" duration="0.000152" asserts="0">
              <properties>
                <property name="retryIteration" value="0" />
                <property name="repeatIteration" value="0" />
              </properties>
              <output><![CDATA[
IgnoreFailingMessages:true

IgnoreFailingMessages:true
]]></output>
            </test-case>
            <test-case id="1018" name="VLDebugInfo_OriginalFieldsStillExist" fullname="AreaTargetPlugin.Tests.AkazeIntegrationTests.VLDebugInfo_OriginalFieldsStillExist" methodname="VLDebugInfo_OriginalFieldsStillExist" classname="AreaTargetPlugin.Tests.AkazeIntegrationTests" runstate="Runnable" seed="1071307323" result="Passed" start-time="2026-03-26 07:50:46Z" end-time="2026-03-26 07:50:46Z" duration="0.000170" asserts="0">
              <properties>
                <property name="retryIteration" value="0" />
                <property name="repeatIteration" value="0" />
              </properties>
              <output><![CDATA[
IgnoreFailingMessages:true

IgnoreFailingMessages:true
]]></output>
            </test-case>
            <test-case id="1014" name="VlSetAlignmentTransform_MethodExists" fullname="AreaTargetPlugin.Tests.AkazeIntegrationTests.VlSetAlignmentTransform_MethodExists" methodname="VlSetAlignmentTransform_MethodExists" classname="AreaTargetPlugin.Tests.AkazeIntegrationTests" runstate="Runnable" seed="357749526" result="Passed" start-time="2026-03-26 07:50:46Z" end-time="2026-03-26 07:50:46Z" duration="0.000156" asserts="0">
              <properties>
                <property name="retryIteration" value="0" />
                <property name="repeatIteration" value="0" />
              </properties>
              <output><![CDATA[
IgnoreFailingMessages:true

IgnoreFailingMessages:true
]]></output>
            </test-case>
            <test-case id="1015" name="VlSetAlignmentTransform_ReturnsVoid" fullname="AreaTargetPlugin.Tests.AkazeIntegrationTests.VlSetAlignmentTransform_ReturnsVoid" methodname="VlSetAlignmentTransform_ReturnsVoid" classname="AreaTargetPlugin.Tests.AkazeIntegrationTests" runstate="Runnable" seed="951806367" result="Passed" start-time="2026-03-26 07:50:46Z" end-time="2026-03-26 07:50:46Z" duration="0.000117" asserts="0">
              <properties>
                <property name="retryIteration" value="0" />
                <property name="repeatIteration" value="0" />
              </properties>
              <output><![CDATA[
IgnoreFailingMessages:true

IgnoreFailingMessages:true
Saving results to: /Users/geek/Library/Application Support/AreaTargetScanner/AreaTargetTest/TestResults.xml
]]></output>
            </test-case>
          </test-suite>
        </test-suite>
      </test-suite>
    </test-suite>
  </test-suite>
</test-run>