<?xml version="1.0" encoding="utf-8"?>
<test-run id="2" testcasecount="34" result="Passed" total="34" passed="34" failed="0" inconclusive="0" skipped="0" asserts="0" engine-version="3.5.0.0" clr-version="4.0.30319.42000" start-time="2026-03-20 10:02:07Z" end-time="2026-03-20 10:02:07Z" duration="0.1971709">
  <test-suite type="TestSuite" id="1000" name="AreaTargetTest" fullname="AreaTargetTest" runstate="Runnable" testcasecount="803" result="Passed" start-time="2026-03-20 10:02:07Z" end-time="2026-03-20 10:02:07Z" duration="0.197171" total="34" passed="34" failed="0" inconclusive="0" skipped="0" asserts="0">
    <properties>
      <property name="platform" value="EditMode" />
    </properties>
    <test-suite type="Assembly" id="1837" name="AreaTargetPlugin.Tests.dll" fullname="/Users/geek/Project/point/unity_project/Library/ScriptAssemblies/AreaTargetPlugin.Tests.dll" runstate="Runnable" testcasecount="803" result="Passed" start-time="2026-03-20 10:02:07Z" end-time="2026-03-20 10:02:07Z" duration="0.177412" total="34" passed="34" failed="0" inconclusive="0" skipped="0" asserts="0">
      <properties>
        <property name="_PID" value="14546" />
        <property name="_APPDOMAIN" value="Unity Child Domain" />
        <property name="platform" value="EditMode" />
        <property name="EditorOnly" value="True" />
      </properties>
      <test-suite type="TestSuite" id="1838" name="AreaTargetPlugin" fullname="AreaTargetPlugin" runstate="Runnable" testcasecount="803" result="Passed" start-time="2026-03-20 10:02:07Z" end-time="2026-03-20 10:02:07Z" duration="0.163489" total="34" passed="34" failed="0" inconclusive="0" skipped="0" asserts="0">
        <properties />
        <test-suite type="TestSuite" id="1839" name="Tests" fullname="AreaTargetPlugin.Tests" runstate="Runnable" testcasecount="803" result="Passed" start-time="2026-03-20 10:02:07Z" end-time="2026-03-20 10:02:07Z" duration="0.149602" total="34" passed="34" failed="0" inconclusive="0" skipped="0" asserts="0">
          <properties />
          <test-suite type="TestFixture" id="1770" name="SLAMTestSceneIntegrationTests" fullname="AreaTargetPlugin.Tests.SLAMTestSceneIntegrationTests" classname="AreaTargetPlugin.Tests.SLAMTestSceneIntegrationTests" runstate="Runnable" testcasecount="16" result="Passed" start-time="2026-03-20 10:02:07Z" end-time="2026-03-20 10:02:07Z" duration="0.106561" total="16" passed="16" failed="0" inconclusive="0" skipped="0" asserts="0">
            <properties />
            <test-case id="1785" name="ARCamera_ClearFlagsAndBackground_CorrectlyConfigured" fullname="AreaTargetPlugin.Tests.SLAMTestSceneIntegrationTests.ARCamera_ClearFlagsAndBackground_CorrectlyConfigured" methodname="ARCamera_ClearFlagsAndBackground_CorrectlyConfigured" classname="AreaTargetPlugin.Tests.SLAMTestSceneIntegrationTests" runstate="Runnable" seed="1860454626" result="Passed" start-time="2026-03-20 10:02:07Z" end-time="2026-03-20 10:02:07Z" duration="0.012538" asserts="0">
              <properties>
                <property name="retryIteration" value="0" />
                <property name="repeatIteration" value="0" />
              </properties>
              <output><![CDATA[
IgnoreFailingMessages:true

IgnoreFailingMessages:true
]]></output>
            </test-case>
            <test-case id="1771" name="AssetBundleLoader_LoadValidAssetDirectory_Succeeds" fullname="AreaTargetPlugin.Tests.SLAMTestSceneIntegrationTests.AssetBundleLoader_LoadValidAssetDirectory_Succeeds" methodname="AssetBundleLoader_LoadValidAssetDirectory_Succeeds" classname="AreaTargetPlugin.Tests.SLAMTestSceneIntegrationTests" runstate="Runnable" seed="1484791012" result="Passed" start-time="2026-03-20 10:02:07Z" end-time="2026-03-20 10:02:07Z" duration="0.008032" asserts="0">
              <properties>
                <property name="retryIteration" value="0" />
                <property name="repeatIteration" value="0" />
              </properties>
              <output><![CDATA[
IgnoreFailingMessages:true

IgnoreFailingMessages:true
[AreaTargetPlugin] Asset bundle loaded: slam_integration_test v2.0 (30 keyframes, feature type: ORB)
]]></output>
            </test-case>
            <test-case id="1772" name="AssetBundleLoader_MissingManifest_Fails" fullname="AreaTargetPlugin.Tests.SLAMTestSceneIntegrationTests.AssetBundleLoader_MissingManifest_Fails" methodname="AssetBundleLoader_MissingManifest_Fails" classname="AreaTargetPlugin.Tests.SLAMTestSceneIntegrationTests" runstate="Runnable" seed="55222762" result="Passed" start-time="2026-03-20 10:02:07Z" end-time="2026-03-20 10:02:07Z" duration="0.002222" asserts="0">
              <properties>
                <property name="retryIteration" value="0" />
                <property name="repeatIteration" value="0" />
              </properties>
              <output><![CDATA[
IgnoreFailingMessages:true

IgnoreFailingMessages:true

IgnoreFailingMessages:true
[AreaTargetPlugin] manifest.json not found in: /var/folders/rd/gp2c7frd3797hc3mqyvhmm0w0000gn/T/SLAMIntegrationTests_b2495b41a0284bedb64bb69d056e61d1/NoManifest
]]></output>
            </test-case>
            <test-case id="1773" name="AssetBundleLoader_MissingReferencedFiles_Fails" fullname="AreaTargetPlugin.Tests.SLAMTestSceneIntegrationTests.AssetBundleLoader_MissingReferencedFiles_Fails" methodname="AssetBundleLoader_MissingReferencedFiles_Fails" classname="AreaTargetPlugin.Tests.SLAMTestSceneIntegrationTests" runstate="Runnable" seed="1510603328" result="Passed" start-time="2026-03-20 10:02:07Z" end-time="2026-03-20 10:02:07Z" duration="0.008141" asserts="0">
              <properties>
                <property name="retryIteration" value="0" />
                <property name="repeatIteration" value="0" />
              </properties>
              <output><![CDATA[
IgnoreFailingMessages:true

IgnoreFailingMessages:true

IgnoreFailingMessages:true
[AreaTargetPlugin] Mesh file not found: optimized.glb
]]></output>
            </test-case>
            <test-case id="1774" name="AssetBundleLoader_NonExistentDirectory_Fails" fullname="AreaTargetPlugin.Tests.SLAMTestSceneIntegrationTests.AssetBundleLoader_NonExistentDirectory_Fails" methodname="AssetBundleLoader_NonExistentDirectory_Fails" classname="AreaTargetPlugin.Tests.SLAMTestSceneIntegrationTests" runstate="Runnable" seed="1777870250" result="Passed" start-time="2026-03-20 10:02:07Z" end-time="2026-03-20 10:02:07Z" duration="0.001018" asserts="0">
              <properties>
                <property name="retryIteration" value="0" />
                <property name="repeatIteration" value="0" />
              </properties>
              <output><![CDATA[
IgnoreFailingMessages:true

IgnoreFailingMessages:true

IgnoreFailingMessages:true
[AreaTargetPlugin] Asset directory does not exist: /var/folders/rd/gp2c7frd3797hc3mqyvhmm0w0000gn/T/SLAMIntegrationTests_22bc32f8b63e4739871f70b87b86c59c/DoesNotExist
]]></output>
            </test-case>
            <test-case id="1777" name="Lifecycle_DestroyBeforeTracking_NoExceptions" fullname="AreaTargetPlugin.Tests.SLAMTestSceneIntegrationTests.Lifecycle_DestroyBeforeTracking_NoExceptions" methodname="Lifecycle_DestroyBeforeTracking_NoExceptions" classname="AreaTargetPlugin.Tests.SLAMTestSceneIntegrationTests" runstate="Runnable" seed="1454400026" result="Passed" start-time="2026-03-20 10:02:07Z" end-time="2026-03-20 10:02:07Z" duration="0.028063" asserts="0">
              <properties>
                <property name="retryIteration" value="0" />
                <property name="repeatIteration" value="0" />
              </properties>
              <output><![CDATA[
IgnoreFailingMessages:true

IgnoreFailingMessages:true
[AreaTargetPlugin] Tracker disposed.
]]></output>
            </test-case>
            <test-case id="1778" name="Lifecycle_DestroyWithNoTracker_NoExceptions" fullname="AreaTargetPlugin.Tests.SLAMTestSceneIntegrationTests.Lifecycle_DestroyWithNoTracker_NoExceptions" methodname="Lifecycle_DestroyWithNoTracker_NoExceptions" classname="AreaTargetPlugin.Tests.SLAMTestSceneIntegrationTests" runstate="Runnable" seed="1971530881" result="Passed" start-time="2026-03-20 10:02:07Z" end-time="2026-03-20 10:02:07Z" duration="0.001237" asserts="0">
              <properties>
                <property name="retryIteration" value="0" />
                <property name="repeatIteration" value="0" />
              </properties>
              <output><![CDATA[
IgnoreFailingMessages:true

IgnoreFailingMessages:true
]]></output>
            </test-case>
            <test-case id="1779" name="Lifecycle_FullCycleWithMultipleTransitions_NoResourceLeaks" fullname="AreaTargetPlugin.Tests.SLAMTestSceneIntegrationTests.Lifecycle_FullCycleWithMultipleTransitions_NoResourceLeaks" methodname="Lifecycle_FullCycleWithMultipleTransitions_NoResourceLeaks" classname="AreaTargetPlugin.Tests.SLAMTestSceneIntegrationTests" runstate="Runnable" seed="2085821366" result="Passed" start-time="2026-03-20 10:02:07Z" end-time="2026-03-20 10:02:07Z" duration="0.008662" asserts="0">
              <properties>
                <property name="retryIteration" value="0" />
                <property name="repeatIteration" value="0" />
              </properties>
              <output><![CDATA[
IgnoreFailingMessages:true

IgnoreFailingMessages:true
[AreaTargetPlugin] Tracker reset.
[SLAMTestScene] 场景已重置
[AreaTargetPlugin] Tracker disposed.
]]></output>
            </test-case>
            <test-case id="1776" name="Lifecycle_TrackingResetThenDestroy_ProperResourceRelease" fullname="AreaTargetPlugin.Tests.SLAMTestSceneIntegrationTests.Lifecycle_TrackingResetThenDestroy_ProperResourceRelease" methodname="Lifecycle_TrackingResetThenDestroy_ProperResourceRelease" classname="AreaTargetPlugin.Tests.SLAMTestSceneIntegrationTests" runstate="Runnable" seed="285080677" result="Passed" start-time="2026-03-20 10:02:07Z" end-time="2026-03-20 10:02:07Z" duration="0.004541" asserts="0">
              <properties>
                <property name="retryIteration" value="0" />
                <property name="repeatIteration" value="0" />
              </properties>
              <output><![CDATA[
IgnoreFailingMessages:true

IgnoreFailingMessages:true
[AreaTargetPlugin] Tracker reset.
[SLAMTestScene] 场景已重置
[AreaTargetPlugin] Tracker disposed.
]]></output>
            </test-case>
            <test-case id="1775" name="Lifecycle_TrackingThenDestroy_TrackerDisposed" fullname="AreaTargetPlugin.Tests.SLAMTestSceneIntegrationTests.Lifecycle_TrackingThenDestroy_TrackerDisposed" methodname="Lifecycle_TrackingThenDestroy_TrackerDisposed" classname="AreaTargetPlugin.Tests.SLAMTestSceneIntegrationTests" runstate="Runnable" seed="1629865895" result="Passed" start-time="2026-03-20 10:02:07Z" end-time="2026-03-20 10:02:07Z" duration="0.001649" asserts="0">
              <properties>
                <property name="retryIteration" value="0" />
                <property name="repeatIteration" value="0" />
              </properties>
              <output><![CDATA[
IgnoreFailingMessages:true

IgnoreFailingMessages:true
[AreaTargetPlugin] Tracker disposed.
]]></output>
            </test-case>
            <test-case id="1786" name="ProjectSettings_CameraPermissionAndARKit_CorrectlyConfigured" fullname="AreaTargetPlugin.Tests.SLAMTestSceneIntegrationTests.ProjectSettings_CameraPermissionAndARKit_CorrectlyConfigured" methodname="ProjectSettings_CameraPermissionAndARKit_CorrectlyConfigured" classname="AreaTargetPlugin.Tests.SLAMTestSceneIntegrationTests" runstate="Runnable" seed="1270766927" result="Passed" start-time="2026-03-20 10:02:07Z" end-time="2026-03-20 10:02:07Z" duration="0.000804" asserts="0">
              <properties>
                <property name="retryIteration" value="0" />
                <property name="repeatIteration" value="0" />
              </properties>
              <output><![CDATA[
IgnoreFailingMessages:true

IgnoreFailingMessages:true
]]></output>
            </test-case>
            <test-case id="1781" name="XRGeneralSettings_iOS_LoaderManagerInstance_ReferencesXRManagerSettings" fullname="AreaTargetPlugin.Tests.SLAMTestSceneIntegrationTests.XRGeneralSettings_iOS_LoaderManagerInstance_ReferencesXRManagerSettings" methodname="XRGeneralSettings_iOS_LoaderManagerInstance_ReferencesXRManagerSettings" classname="AreaTargetPlugin.Tests.SLAMTestSceneIntegrationTests" runstate="Runnable" seed="1787001846" result="Passed" start-time="2026-03-20 10:02:07Z" end-time="2026-03-20 10:02:07Z" duration="0.000517" asserts="0">
              <properties>
                <property name="retryIteration" value="0" />
                <property name="repeatIteration" value="0" />
              </properties>
              <output><![CDATA[
IgnoreFailingMessages:true

IgnoreFailingMessages:true
]]></output>
            </test-case>
            <test-case id="1780" name="XRGeneralSettingsPerBuildTarget_KeysContainsiOS_ValuesReferencesGeneralSettings" fullname="AreaTargetPlugin.Tests.SLAMTestSceneIntegrationTests.XRGeneralSettingsPerBuildTarget_KeysContainsiOS_ValuesReferencesGeneralSettings" methodname="XRGeneralSettingsPerBuildTarget_KeysContainsiOS_ValuesReferencesGeneralSettings" classname="AreaTargetPlugin.Tests.SLAMTestSceneIntegrationTests" runstate="Runnable" seed="1740286524" result="Passed" start-time="2026-03-20 10:02:07Z" end-time="2026-03-20 10:02:07Z" duration="0.000513" asserts="0">
              <properties>
                <property name="retryIteration" value="0" />
                <property name="repeatIteration" value="0" />
              </properties>
              <output><![CDATA[
IgnoreFailingMessages:true

IgnoreFailingMessages:true
]]></output>
            </test-case>
            <test-case id="1783" name="XRManagerSettings_iOS_AutomaticLoadingAndRunning_AreEnabled" fullname="AreaTargetPlugin.Tests.SLAMTestSceneIntegrationTests.XRManagerSettings_iOS_AutomaticLoadingAndRunning_AreEnabled" methodname="XRManagerSettings_iOS_AutomaticLoadingAndRunning_AreEnabled" classname="AreaTargetPlugin.Tests.SLAMTestSceneIntegrationTests" runstate="Runnable" seed="765184535" result="Passed" start-time="2026-03-20 10:02:07Z" end-time="2026-03-20 10:02:07Z" duration="0.000818" asserts="0">
              <properties>
                <property name="retryIteration" value="0" />
                <property name="repeatIteration" value="0" />
              </properties>
              <output><![CDATA[
IgnoreFailingMessages:true

IgnoreFailingMessages:true
]]></output>
            </test-case>
            <test-case id="1782" name="XRManagerSettings_iOS_Loaders_ContainsARKitLoaderGUID" fullname="AreaTargetPlugin.Tests.SLAMTestSceneIntegrationTests.XRManagerSettings_iOS_Loaders_ContainsARKitLoaderGUID" methodname="XRManagerSettings_iOS_Loaders_ContainsARKitLoaderGUID" classname="AreaTargetPlugin.Tests.SLAMTestSceneIntegrationTests" runstate="Runnable" seed="121701020" result="Passed" start-time="2026-03-20 10:02:07Z" end-time="2026-03-20 10:02:07Z" duration="0.000522" asserts="0">
              <properties>
                <property name="retryIteration" value="0" />
                <property name="repeatIteration" value="0" />
              </properties>
              <output><![CDATA[
IgnoreFailingMessages:true

IgnoreFailingMessages:true
]]></output>
            </test-case>
            <test-case id="1784" name="XRSettings_MetaFiles_ExistWithValidGUIDs" fullname="AreaTargetPlugin.Tests.SLAMTestSceneIntegrationTests.XRSettings_MetaFiles_ExistWithValidGUIDs" methodname="XRSettings_MetaFiles_ExistWithValidGUIDs" classname="AreaTargetPlugin.Tests.SLAMTestSceneIntegrationTests" runstate="Runnable" seed="402254891" result="Passed" start-time="2026-03-20 10:02:07Z" end-time="2026-03-20 10:02:07Z" duration="0.001248" asserts="0">
              <properties>
                <property name="retryIteration" value="0" />
                <property name="repeatIteration" value="0" />
              </properties>
              <output><![CDATA[
IgnoreFailingMessages:true

IgnoreFailingMessages:true
]]></output>
            </test-case>
          </test-suite>
          <test-suite type="TestFixture" id="1787" name="SLAMTestSceneManagerTests" fullname="AreaTargetPlugin.Tests.SLAMTestSceneManagerTests" classname="AreaTargetPlugin.Tests.SLAMTestSceneManagerTests" runstate="Runnable" testcasecount="18" result="Passed" start-time="2026-03-20 10:02:07Z" end-time="2026-03-20 10:02:07Z" duration="0.029600" total="18" passed="18" failed="0" inconclusive="0" skipped="0" asserts="0">
            <properties />
            <test-case id="1800" name="FirstTracking_CreatesOriginCube" fullname="AreaTargetPlugin.Tests.SLAMTestSceneManagerTests.FirstTracking_CreatesOriginCube" methodname="FirstTracking_CreatesOriginCube" classname="AreaTargetPlugin.Tests.SLAMTestSceneManagerTests" runstate="Runnable" seed="1974104662" result="Passed" start-time="2026-03-20 10:02:07Z" end-time="2026-03-20 10:02:07Z" duration="0.001477" asserts="0">
              <properties>
                <property name="retryIteration" value="0" />
                <property name="repeatIteration" value="0" />
              </properties>
            </test-case>
            <test-case id="1803" name="FirstTracking_CubeParentedToAreaTargetOrigin" fullname="AreaTargetPlugin.Tests.SLAMTestSceneManagerTests.FirstTracking_CubeParentedToAreaTargetOrigin" methodname="FirstTracking_CubeParentedToAreaTargetOrigin" classname="AreaTargetPlugin.Tests.SLAMTestSceneManagerTests" runstate="Runnable" seed="412269075" result="Passed" start-time="2026-03-20 10:02:07Z" end-time="2026-03-20 10:02:07Z" duration="0.000871" asserts="0">
              <properties>
                <property name="retryIteration" value="0" />
                <property name="repeatIteration" value="0" />
              </properties>
            </test-case>
            <test-case id="1802" name="FirstTracking_CubePosition_IsVectorZero" fullname="AreaTargetPlugin.Tests.SLAMTestSceneManagerTests.FirstTracking_CubePosition_IsVectorZero" methodname="FirstTracking_CubePosition_IsVectorZero" classname="AreaTargetPlugin.Tests.SLAMTestSceneManagerTests" runstate="Runnable" seed="1791325653" result="Passed" start-time="2026-03-20 10:02:07Z" end-time="2026-03-20 10:02:07Z" duration="0.004064" asserts="0">
              <properties>
                <property name="retryIteration" value="0" />
                <property name="repeatIteration" value="0" />
              </properties>
            </test-case>
            <test-case id="1801" name="FirstTracking_CubeSize_Is01Meters" fullname="AreaTargetPlugin.Tests.SLAMTestSceneManagerTests.FirstTracking_CubeSize_Is01Meters" methodname="FirstTracking_CubeSize_Is01Meters" classname="AreaTargetPlugin.Tests.SLAMTestSceneManagerTests" runstate="Runnable" seed="1557980922" result="Passed" start-time="2026-03-20 10:02:07Z" end-time="2026-03-20 10:02:07Z" duration="0.001105" asserts="0">
              <properties>
                <property name="retryIteration" value="0" />
                <property name="repeatIteration" value="0" />
              </properties>
            </test-case>
            <test-case id="1789" name="HandleTrackingResult_Initializing_ShowsYellowStatus" fullname="AreaTargetPlugin.Tests.SLAMTestSceneManagerTests.HandleTrackingResult_Initializing_ShowsYellowStatus" methodname="HandleTrackingResult_Initializing_ShowsYellowStatus" classname="AreaTargetPlugin.Tests.SLAMTestSceneManagerTests" runstate="Runnable" seed="1217622691" result="Passed" start-time="2026-03-20 10:02:07Z" end-time="2026-03-20 10:02:07Z" duration="0.001003" asserts="0">
              <properties>
                <property name="retryIteration" value="0" />
                <property name="repeatIteration" value="0" />
              </properties>
            </test-case>
            <test-case id="1790" name="HandleTrackingResult_Tracking_ShowsTrackingInfo" fullname="AreaTargetPlugin.Tests.SLAMTestSceneManagerTests.HandleTrackingResult_Tracking_ShowsTrackingInfo" methodname="HandleTrackingResult_Tracking_ShowsTrackingInfo" classname="AreaTargetPlugin.Tests.SLAMTestSceneManagerTests" runstate="Runnable" seed="294410422" result="Passed" start-time="2026-03-20 10:02:07Z" end-time="2026-03-20 10:02:07Z" duration="0.001274" asserts="0">
              <properties>
                <property name="retryIteration" value="0" />
                <property name="repeatIteration" value="0" />
              </properties>
            </test-case>
            <test-case id="1791" name="HandleTrackingResult_UpdatesPreviousState" fullname="AreaTargetPlugin.Tests.SLAMTestSceneManagerTests.HandleTrackingResult_UpdatesPreviousState" methodname="HandleTrackingResult_UpdatesPreviousState" classname="AreaTargetPlugin.Tests.SLAMTestSceneManagerTests" runstate="Runnable" seed="207359857" result="Passed" start-time="2026-03-20 10:02:07Z" end-time="2026-03-20 10:02:07Z" duration="0.002226" asserts="0">
              <properties>
                <property name="retryIteration" value="0" />
                <property name="repeatIteration" value="0" />
              </properties>
            </test-case>
            <test-case id="1797" name="OnDestroy_DisposesTracker" fullname="AreaTargetPlugin.Tests.SLAMTestSceneManagerTests.OnDestroy_DisposesTracker" methodname="OnDestroy_DisposesTracker" classname="AreaTargetPlugin.Tests.SLAMTestSceneManagerTests" runstate="Runnable" seed="1182355157" result="Passed" start-time="2026-03-20 10:02:07Z" end-time="2026-03-20 10:02:07Z" duration="0.002503" asserts="0">
              <properties>
                <property name="retryIteration" value="0" />
                <property name="repeatIteration" value="0" />
              </properties>
              <output><![CDATA[[AreaTargetPlugin] Tracker disposed.
]]></output>
            </test-case>
            <test-case id="1799" name="OnDestroy_NoTracker_DoesNotThrow" fullname="AreaTargetPlugin.Tests.SLAMTestSceneManagerTests.OnDestroy_NoTracker_DoesNotThrow" methodname="OnDestroy_NoTracker_DoesNotThrow" classname="AreaTargetPlugin.Tests.SLAMTestSceneManagerTests" runstate="Runnable" seed="1213643506" result="Passed" start-time="2026-03-20 10:02:07Z" end-time="2026-03-20 10:02:07Z" duration="0.000569" asserts="0">
              <properties>
                <property name="retryIteration" value="0" />
                <property name="repeatIteration" value="0" />
              </properties>
            </test-case>
            <test-case id="1798" name="OnDestroy_NullsTrackerReference" fullname="AreaTargetPlugin.Tests.SLAMTestSceneManagerTests.OnDestroy_NullsTrackerReference" methodname="OnDestroy_NullsTrackerReference" classname="AreaTargetPlugin.Tests.SLAMTestSceneManagerTests" runstate="Runnable" seed="720728583" result="Passed" start-time="2026-03-20 10:02:07Z" end-time="2026-03-20 10:02:07Z" duration="0.000844" asserts="0">
              <properties>
                <property name="retryIteration" value="0" />
                <property name="repeatIteration" value="0" />
              </properties>
              <output><![CDATA[[AreaTargetPlugin] Tracker disposed.
]]></output>
            </test-case>
            <test-case id="1792" name="OnResetClicked_CallsTrackerReset" fullname="AreaTargetPlugin.Tests.SLAMTestSceneManagerTests.OnResetClicked_CallsTrackerReset" methodname="OnResetClicked_CallsTrackerReset" classname="AreaTargetPlugin.Tests.SLAMTestSceneManagerTests" runstate="Runnable" seed="1036645893" result="Passed" start-time="2026-03-20 10:02:07Z" end-time="2026-03-20 10:02:07Z" duration="0.001047" asserts="0">
              <properties>
                <property name="retryIteration" value="0" />
                <property name="repeatIteration" value="0" />
              </properties>
              <output><![CDATA[[AreaTargetPlugin] Tracker reset.
[SLAMTestScene] 场景已重置
]]></output>
            </test-case>
            <test-case id="1794" name="OnResetClicked_ClearsDebugPanel" fullname="AreaTargetPlugin.Tests.SLAMTestSceneManagerTests.OnResetClicked_ClearsDebugPanel" methodname="OnResetClicked_ClearsDebugPanel" classname="AreaTargetPlugin.Tests.SLAMTestSceneManagerTests" runstate="Runnable" seed="779634959" result="Passed" start-time="2026-03-20 10:02:07Z" end-time="2026-03-20 10:02:07Z" duration="0.000906" asserts="0">
              <properties>
                <property name="retryIteration" value="0" />
                <property name="repeatIteration" value="0" />
              </properties>
              <output><![CDATA[[SLAMTestScene] 场景已重置
]]></output>
            </test-case>
            <test-case id="1793" name="OnResetClicked_HidesOriginCube" fullname="AreaTargetPlugin.Tests.SLAMTestSceneManagerTests.OnResetClicked_HidesOriginCube" methodname="OnResetClicked_HidesOriginCube" classname="AreaTargetPlugin.Tests.SLAMTestSceneManagerTests" runstate="Runnable" seed="1131646233" result="Passed" start-time="2026-03-20 10:02:07Z" end-time="2026-03-20 10:02:07Z" duration="0.001064" asserts="0">
              <properties>
                <property name="retryIteration" value="0" />
                <property name="repeatIteration" value="0" />
              </properties>
              <output><![CDATA[[SLAMTestScene] 场景已重置
]]></output>
            </test-case>
            <test-case id="1796" name="OnResetClicked_NoTracker_DoesNotThrow" fullname="AreaTargetPlugin.Tests.SLAMTestSceneManagerTests.OnResetClicked_NoTracker_DoesNotThrow" methodname="OnResetClicked_NoTracker_DoesNotThrow" classname="AreaTargetPlugin.Tests.SLAMTestSceneManagerTests" runstate="Runnable" seed="1189542606" result="Passed" start-time="2026-03-20 10:02:07Z" end-time="2026-03-20 10:02:07Z" duration="0.000881" asserts="0">
              <properties>
                <property name="retryIteration" value="0" />
                <property name="repeatIteration" value="0" />
              </properties>
              <output><![CDATA[[SLAMTestScene] 场景已重置
]]></output>
            </test-case>
            <test-case id="1795" name="OnResetClicked_ResetsPreviousStateToInitializing" fullname="AreaTargetPlugin.Tests.SLAMTestSceneManagerTests.OnResetClicked_ResetsPreviousStateToInitializing" methodname="OnResetClicked_ResetsPreviousStateToInitializing" classname="AreaTargetPlugin.Tests.SLAMTestSceneManagerTests" runstate="Runnable" seed="1467821330" result="Passed" start-time="2026-03-20 10:02:07Z" end-time="2026-03-20 10:02:07Z" duration="0.000892" asserts="0">
              <properties>
                <property name="retryIteration" value="0" />
                <property name="repeatIteration" value="0" />
              </properties>
              <output><![CDATA[[SLAMTestScene] 场景已重置
]]></output>
            </test-case>
            <test-case id="1805" name="OriginCube_VisibleDuringTracking_HiddenDuringLost" fullname="AreaTargetPlugin.Tests.SLAMTestSceneManagerTests.OriginCube_VisibleDuringTracking_HiddenDuringLost" methodname="OriginCube_VisibleDuringTracking_HiddenDuringLost" classname="AreaTargetPlugin.Tests.SLAMTestSceneManagerTests" runstate="Runnable" seed="610840826" result="Passed" start-time="2026-03-20 10:02:07Z" end-time="2026-03-20 10:02:07Z" duration="0.000787" asserts="0">
              <properties>
                <property name="retryIteration" value="0" />
                <property name="repeatIteration" value="0" />
              </properties>
            </test-case>
            <test-case id="1804" name="SecondTracking_DoesNotCreateDuplicateCube" fullname="AreaTargetPlugin.Tests.SLAMTestSceneManagerTests.SecondTracking_DoesNotCreateDuplicateCube" methodname="SecondTracking_DoesNotCreateDuplicateCube" classname="AreaTargetPlugin.Tests.SLAMTestSceneManagerTests" runstate="Runnable" seed="1754065460" result="Passed" start-time="2026-03-20 10:02:07Z" end-time="2026-03-20 10:02:07Z" duration="0.000795" asserts="0">
              <properties>
                <property name="retryIteration" value="0" />
                <property name="repeatIteration" value="0" />
              </properties>
            </test-case>
            <test-case id="1788" name="StateTransition_InitializingToTrackingToLostToTracking_DebugPanelUpdatesCorrectly" fullname="AreaTargetPlugin.Tests.SLAMTestSceneManagerTests.StateTransition_InitializingToTrackingToLostToTracking_DebugPanelUpdatesCorrectly" methodname="StateTransition_InitializingToTrackingToLostToTracking_DebugPanelUpdatesCorrectly" classname="AreaTargetPlugin.Tests.SLAMTestSceneManagerTests" runstate="Runnable" seed="1571861160" result="Passed" start-time="2026-03-20 10:02:07Z" end-time="2026-03-20 10:02:07Z" duration="0.000736" asserts="0">
              <properties>
                <property name="retryIteration" value="0" />
                <property name="repeatIteration" value="0" />
              </properties>
              <output><![CDATA[Saving results to: /Users/geek/Project/point/unity_project/TestResults-639096265275054250.xml
]]></output>
            </test-case>
          </test-suite>
        </test-suite>
      </test-suite>
    </test-suite>
  </test-suite>
</test-run>