<?xml version="1.0" encoding="utf-8"?>
<test-run id="2" testcasecount="14" result="Passed" total="14" passed="14" failed="0" inconclusive="0" skipped="0" asserts="0" engine-version="3.5.0.0" clr-version="4.0.30319.42000" start-time="2026-03-20 01:49:13Z" end-time="2026-03-20 01:49:13Z" duration="0.04178">
  <test-suite type="TestSuite" id="1000" name="AreaTargetTest" fullname="AreaTargetTest" runstate="Runnable" testcasecount="330" result="Passed" start-time="2026-03-20 01:49:13Z" end-time="2026-03-20 01:49:13Z" duration="0.041780" total="14" passed="14" failed="0" inconclusive="0" skipped="0" asserts="0">
    <properties>
      <property name="platform" value="EditMode" />
    </properties>
    <test-suite type="Assembly" id="1352" name="AreaTargetPlugin.Tests.dll" fullname="/Users/geek/Project/point/unity_project/Library/ScriptAssemblies/AreaTargetPlugin.Tests.dll" runstate="Runnable" testcasecount="330" result="Passed" start-time="2026-03-20 01:49:13Z" end-time="2026-03-20 01:49:13Z" duration="0.034482" total="14" passed="14" failed="0" inconclusive="0" skipped="0" asserts="0">
      <properties>
        <property name="_PID" value="50083" />
        <property name="_APPDOMAIN" value="Unity Child Domain" />
        <property name="platform" value="EditMode" />
        <property name="EditorOnly" value="True" />
      </properties>
      <test-suite type="TestSuite" id="1353" name="AreaTargetPlugin" fullname="AreaTargetPlugin" runstate="Runnable" testcasecount="330" result="Passed" start-time="2026-03-20 01:49:13Z" end-time="2026-03-20 01:49:13Z" duration="0.032632" total="14" passed="14" failed="0" inconclusive="0" skipped="0" asserts="0">
        <properties />
        <test-suite type="TestSuite" id="1354" name="Tests" fullname="AreaTargetPlugin.Tests" runstate="Runnable" testcasecount="330" result="Passed" start-time="2026-03-20 01:49:13Z" end-time="2026-03-20 01:49:13Z" duration="0.031069" total="14" passed="14" failed="0" inconclusive="0" skipped="0" asserts="0">
          <properties />
          <test-suite type="TestFixture" id="1061" name="DownloadManagerTests" fullname="AreaTargetPlugin.Tests.DownloadManagerTests" classname="AreaTargetPlugin.Tests.DownloadManagerTests" runstate="Runnable" testcasecount="14" result="Passed" start-time="2026-03-20 01:49:13Z" end-time="2026-03-20 01:49:13Z" duration="0.028061" total="14" passed="14" failed="0" inconclusive="0" skipped="0" asserts="0">
            <properties />
            <test-case id="1069" name="Cancel_SetsLastErrorToCancelMessage" fullname="AreaTargetPlugin.Tests.DownloadManagerTests.Cancel_SetsLastErrorToCancelMessage" methodname="Cancel_SetsLastErrorToCancelMessage" classname="AreaTargetPlugin.Tests.DownloadManagerTests" runstate="Runnable" seed="1381727593" result="Passed" start-time="2026-03-20 01:49:13Z" end-time="2026-03-20 01:49:13Z" duration="0.008724" asserts="0">
              <properties>
                <property name="retryIteration" value="0" />
                <property name="repeatIteration" value="0" />
              </properties>
            </test-case>
            <test-case id="1068" name="Cancel_WhenNotDownloading_DoesNotThrow" fullname="AreaTargetPlugin.Tests.DownloadManagerTests.Cancel_WhenNotDownloading_DoesNotThrow" methodname="Cancel_WhenNotDownloading_DoesNotThrow" classname="AreaTargetPlugin.Tests.DownloadManagerTests" runstate="Runnable" seed="1158095844" result="Passed" start-time="2026-03-20 01:49:13Z" end-time="2026-03-20 01:49:13Z" duration="0.000635" asserts="0">
              <properties>
                <property name="retryIteration" value="0" />
                <property name="repeatIteration" value="0" />
              </properties>
            </test-case>
            <test-case id="1067" name="Cancel_WhenNotDownloading_IsDownloadingRemainsFalse" fullname="AreaTargetPlugin.Tests.DownloadManagerTests.Cancel_WhenNotDownloading_IsDownloadingRemainsFalse" methodname="Cancel_WhenNotDownloading_IsDownloadingRemainsFalse" classname="AreaTargetPlugin.Tests.DownloadManagerTests" runstate="Runnable" seed="1139867887" result="Passed" start-time="2026-03-20 01:49:13Z" end-time="2026-03-20 01:49:13Z" duration="0.000230" asserts="0">
              <properties>
                <property name="retryIteration" value="0" />
                <property name="repeatIteration" value="0" />
              </properties>
            </test-case>
            <test-case id="1075" name="Constructor_InitialState_IsNotDownloading" fullname="AreaTargetPlugin.Tests.DownloadManagerTests.Constructor_InitialState_IsNotDownloading" methodname="Constructor_InitialState_IsNotDownloading" classname="AreaTargetPlugin.Tests.DownloadManagerTests" runstate="Runnable" seed="60577463" result="Passed" start-time="2026-03-20 01:49:13Z" end-time="2026-03-20 01:49:13Z" duration="0.002107" asserts="0">
              <properties>
                <property name="retryIteration" value="0" />
                <property name="repeatIteration" value="0" />
              </properties>
            </test-case>
            <test-case id="1074" name="Constructor_NullHost_ThrowsArgumentNullException" fullname="AreaTargetPlugin.Tests.DownloadManagerTests.Constructor_NullHost_ThrowsArgumentNullException" methodname="Constructor_NullHost_ThrowsArgumentNullException" classname="AreaTargetPlugin.Tests.DownloadManagerTests" runstate="Runnable" seed="362656747" result="Passed" start-time="2026-03-20 01:49:13Z" end-time="2026-03-20 01:49:13Z" duration="0.001925" asserts="0">
              <properties>
                <property name="retryIteration" value="0" />
                <property name="repeatIteration" value="0" />
              </properties>
            </test-case>
            <test-case id="1073" name="Dispose_AfterEmptyUrlAttempt_DoesNotThrow" fullname="AreaTargetPlugin.Tests.DownloadManagerTests.Dispose_AfterEmptyUrlAttempt_DoesNotThrow" methodname="Dispose_AfterEmptyUrlAttempt_DoesNotThrow" classname="AreaTargetPlugin.Tests.DownloadManagerTests" runstate="Runnable" seed="1053351994" result="Passed" start-time="2026-03-20 01:49:13Z" end-time="2026-03-20 01:49:13Z" duration="0.000296" asserts="0">
              <properties>
                <property name="retryIteration" value="0" />
                <property name="repeatIteration" value="0" />
              </properties>
            </test-case>
            <test-case id="1071" name="Dispose_CalledMultipleTimes_DoesNotThrow" fullname="AreaTargetPlugin.Tests.DownloadManagerTests.Dispose_CalledMultipleTimes_DoesNotThrow" methodname="Dispose_CalledMultipleTimes_DoesNotThrow" classname="AreaTargetPlugin.Tests.DownloadManagerTests" runstate="Runnable" seed="441535060" result="Passed" start-time="2026-03-20 01:49:13Z" end-time="2026-03-20 01:49:13Z" duration="0.000144" asserts="0">
              <properties>
                <property name="retryIteration" value="0" />
                <property name="repeatIteration" value="0" />
              </properties>
            </test-case>
            <test-case id="1072" name="Dispose_SetsIsDownloadingToFalse" fullname="AreaTargetPlugin.Tests.DownloadManagerTests.Dispose_SetsIsDownloadingToFalse" methodname="Dispose_SetsIsDownloadingToFalse" classname="AreaTargetPlugin.Tests.DownloadManagerTests" runstate="Runnable" seed="273578919" result="Passed" start-time="2026-03-20 01:49:13Z" end-time="2026-03-20 01:49:13Z" duration="0.000106" asserts="0">
              <properties>
                <property name="retryIteration" value="0" />
                <property name="repeatIteration" value="0" />
              </properties>
            </test-case>
            <test-case id="1070" name="Dispose_WhenNotDownloading_DoesNotThrow" fullname="AreaTargetPlugin.Tests.DownloadManagerTests.Dispose_WhenNotDownloading_DoesNotThrow" methodname="Dispose_WhenNotDownloading_DoesNotThrow" classname="AreaTargetPlugin.Tests.DownloadManagerTests" runstate="Runnable" seed="892128172" result="Passed" start-time="2026-03-20 01:49:13Z" end-time="2026-03-20 01:49:13Z" duration="0.000129" asserts="0">
              <properties>
                <property name="retryIteration" value="0" />
                <property name="repeatIteration" value="0" />
              </properties>
            </test-case>
            <test-case id="1063" name="StartDownload_EmptyString_SetsLastErrorAndCallsOnError" fullname="AreaTargetPlugin.Tests.DownloadManagerTests.StartDownload_EmptyString_SetsLastErrorAndCallsOnError" methodname="StartDownload_EmptyString_SetsLastErrorAndCallsOnError" classname="AreaTargetPlugin.Tests.DownloadManagerTests" runstate="Runnable" seed="468520205" result="Passed" start-time="2026-03-20 01:49:13Z" end-time="2026-03-20 01:49:13Z" duration="0.000167" asserts="0">
              <properties>
                <property name="retryIteration" value="0" />
                <property name="repeatIteration" value="0" />
              </properties>
            </test-case>
            <test-case id="1066" name="StartDownload_EmptyUrl_DoesNotSetIsDownloading" fullname="AreaTargetPlugin.Tests.DownloadManagerTests.StartDownload_EmptyUrl_DoesNotSetIsDownloading" methodname="StartDownload_EmptyUrl_DoesNotSetIsDownloading" classname="AreaTargetPlugin.Tests.DownloadManagerTests" runstate="Runnable" seed="1784528589" result="Passed" start-time="2026-03-20 01:49:13Z" end-time="2026-03-20 01:49:13Z" duration="0.000108" asserts="0">
              <properties>
                <property name="retryIteration" value="0" />
                <property name="repeatIteration" value="0" />
              </properties>
            </test-case>
            <test-case id="1065" name="StartDownload_EmptyUrl_ReturnsNullCoroutine" fullname="AreaTargetPlugin.Tests.DownloadManagerTests.StartDownload_EmptyUrl_ReturnsNullCoroutine" methodname="StartDownload_EmptyUrl_ReturnsNullCoroutine" classname="AreaTargetPlugin.Tests.DownloadManagerTests" runstate="Runnable" seed="1605464901" result="Passed" start-time="2026-03-20 01:49:13Z" end-time="2026-03-20 01:49:13Z" duration="0.000098" asserts="0">
              <properties>
                <property name="retryIteration" value="0" />
                <property name="repeatIteration" value="0" />
              </properties>
            </test-case>
            <test-case id="1062" name="StartDownload_NullUrl_SetsLastErrorAndCallsOnError" fullname="AreaTargetPlugin.Tests.DownloadManagerTests.StartDownload_NullUrl_SetsLastErrorAndCallsOnError" methodname="StartDownload_NullUrl_SetsLastErrorAndCallsOnError" classname="AreaTargetPlugin.Tests.DownloadManagerTests" runstate="Runnable" seed="1457757416" result="Passed" start-time="2026-03-20 01:49:13Z" end-time="2026-03-20 01:49:13Z" duration="0.000160" asserts="0">
              <properties>
                <property name="retryIteration" value="0" />
                <property name="repeatIteration" value="0" />
              </properties>
            </test-case>
            <test-case id="1064" name="StartDownload_WhitespaceOnly_SetsLastErrorAndCallsOnError" fullname="AreaTargetPlugin.Tests.DownloadManagerTests.StartDownload_WhitespaceOnly_SetsLastErrorAndCallsOnError" methodname="StartDownload_WhitespaceOnly_SetsLastErrorAndCallsOnError" classname="AreaTargetPlugin.Tests.DownloadManagerTests" runstate="Runnable" seed="1180921851" result="Passed" start-time="2026-03-20 01:49:13Z" end-time="2026-03-20 01:49:13Z" duration="0.000147" asserts="0">
              <properties>
                <property name="retryIteration" value="0" />
                <property name="repeatIteration" value="0" />
              </properties>
              <output><![CDATA[Saving results to: ./test_results_dm.xml
]]></output>
            </test-case>
          </test-suite>
        </test-suite>
      </test-suite>
    </test-suite>
  </test-suite>
</test-run>