<?xml version="1.0" encoding="utf-8"?>
<test-run id="2" testcasecount="301" result="Failed(Child)" total="301" passed="262" failed="39" inconclusive="0" skipped="0" asserts="0" engine-version="3.5.0.0" clr-version="4.0.30319.42000" start-time="2026-03-19 09:24:07Z" end-time="2026-03-19 09:24:10Z" duration="2.1033453">
  <test-suite type="TestSuite" id="1000" name="AreaTargetTest" fullname="AreaTargetTest" runstate="Runnable" testcasecount="301" result="Failed" site="Child" start-time="2026-03-19 09:24:07Z" end-time="2026-03-19 09:24:10Z" duration="2.103345" total="301" passed="262" failed="39" inconclusive="0" skipped="0" asserts="0">
    <properties>
      <property name="platform" value="EditMode" />
    </properties>
    <failure>
      <message><![CDATA[One or more child tests had errors]]></message>
    </failure>
    <test-suite type="Assembly" id="1320" name="AreaTargetPlugin.Tests.dll" fullname="/Users/geek/Project/point/unity_project/Library/ScriptAssemblies/AreaTargetPlugin.Tests.dll" runstate="Runnable" testcasecount="301" result="Failed" site="Child" start-time="2026-03-19 09:24:07Z" end-time="2026-03-19 09:24:10Z" duration="2.095997" total="301" passed="262" failed="39" inconclusive="0" skipped="0" asserts="0">
      <properties>
        <property name="_PID" value="65628" />
        <property name="_APPDOMAIN" value="Unity Child Domain" />
        <property name="platform" value="EditMode" />
        <property name="EditorOnly" value="True" />
      </properties>
      <failure>
        <message><![CDATA[One or more child tests had errors]]></message>
      </failure>
      <test-suite type="TestSuite" id="1321" name="AreaTargetPlugin" fullname="AreaTargetPlugin" runstate="Runnable" testcasecount="301" result="Failed" site="Child" start-time="2026-03-19 09:24:07Z" end-time="2026-03-19 09:24:10Z" duration="2.093275" total="301" passed="262" failed="39" inconclusive="0" skipped="0" asserts="0">
        <properties />
        <failure>
          <message><![CDATA[One or more child tests had errors]]></message>
        </failure>
        <test-suite type="TestSuite" id="1322" name="Tests" fullname="AreaTargetPlugin.Tests" runstate="Runnable" testcasecount="301" result="Failed" site="Child" start-time="2026-03-19 09:24:07Z" end-time="2026-03-19 09:24:10Z" duration="2.091124" total="301" passed="262" failed="39" inconclusive="0" skipped="0" asserts="0">
          <properties />
          <failure>
            <message><![CDATA[One or more child tests had errors]]></message>
          </failure>
          <test-suite type="TestFixture" id="1001" name="AreaTargetTrackerInitTests" fullname="AreaTargetPlugin.Tests.AreaTargetTrackerInitTests" classname="AreaTargetPlugin.Tests.AreaTargetTrackerInitTests" runstate="Runnable" testcasecount="8" result="Failed" site="Child" start-time="2026-03-19 09:24:07Z" end-time="2026-03-19 09:24:07Z" duration="0.045387" total="8" passed="1" failed="7" inconclusive="0" skipped="0" asserts="0">
            <properties />
            <failure>
              <message><![CDATA[One or more child tests had errors]]></message>
            </failure>
            <test-case id="1008" name="Initialize_AfterDispose_ReturnsFalse" fullname="AreaTargetPlugin.Tests.AreaTargetTrackerInitTests.Initialize_AfterDispose_ReturnsFalse" methodname="Initialize_AfterDispose_ReturnsFalse" classname="AreaTargetPlugin.Tests.AreaTargetTrackerInitTests" runstate="Runnable" seed="239192326" result="Failed" start-time="2026-03-19 09:24:07Z" end-time="2026-03-19 09:24:07Z" duration="0.011629" asserts="0">
              <properties>
                <property name="retryIteration" value="0" />
                <property name="repeatIteration" value="0" />
              </properties>
              <failure>
                <message><![CDATA[Unhandled log message: '[Error] [AreaTargetPlugin] Cannot initialize a disposed tracker.'. Use UnityEngine.TestTools.LogAssert.Expect]]></message>
                <stack-trace><![CDATA[AreaTargetPlugin.AreaTargetTracker:Initialize (string) (at /Users/geek/Project/point/unity_plugin/AreaTargetPlugin/Runtime/AreaTargetTracker.cs:37)
AreaTargetPlugin.Tests.AreaTargetTrackerInitTests:Initialize_AfterDispose_ReturnsFalse () (at /Users/geek/Project/point/unity_plugin/AreaTargetPlugin/Tests/AreaTargetTrackerInitTests.cs:136)
System.Reflection.MethodBase:Invoke (object,object[])
NUnit.Framework.Internal.Reflect:InvokeMethod (System.Reflection.MethodInfo,object,object[])
NUnit.Framework.Internal.MethodWrapper:Invoke (object,object[])
NUnit.Framework.Internal.Commands.TestMethodCommand:RunNonAsyncTestMethod (NUnit.Framework.Internal.ITestExecutionContext)
NUnit.Framework.Internal.Commands.TestMethodCommand:RunTestMethod (NUnit.Framework.Internal.ITestExecutionContext)
NUnit.Framework.Internal.Commands.TestMethodCommand:Execute (NUnit.Framework.Internal.ITestExecutionContext)
UnityEditor.EditorApplication:Internal_CallUpdateFunctions () (at /Users/bokken/build/output/unity/unity/Editor/Mono/EditorApplication.cs:392)

]]></stack-trace>
              </failure>
              <output><![CDATA[[AreaTargetPlugin] Tracker disposed.
[AreaTargetPlugin] Cannot initialize a disposed tracker.
]]></output>
            </test-case>
            <test-case id="1006" name="Initialize_CorruptManifest_ReturnsFalse" fullname="AreaTargetPlugin.Tests.AreaTargetTrackerInitTests.Initialize_CorruptManifest_ReturnsFalse" methodname="Initialize_CorruptManifest_ReturnsFalse" classname="AreaTargetPlugin.Tests.AreaTargetTrackerInitTests" runstate="Runnable" seed="1261168485" result="Failed" start-time="2026-03-19 09:24:07Z" end-time="2026-03-19 09:24:07Z" duration="0.002857" asserts="0">
              <properties>
                <property name="retryIteration" value="0" />
                <property name="repeatIteration" value="0" />
              </properties>
              <failure>
                <message><![CDATA[Unhandled log message: '[Error] [AreaTargetPlugin] Failed to parse manifest.json: JSON parse error: Invalid value.'. Use UnityEngine.TestTools.LogAssert.Expect]]></message>
                <stack-trace><![CDATA[AreaTargetPlugin.AssetBundleLoader:Load (string) (at /Users/geek/Project/point/unity_plugin/AreaTargetPlugin/Runtime/AssetBundleLoader.cs:100)
AreaTargetPlugin.AreaTargetTracker:Initialize (string) (at /Users/geek/Project/point/unity_plugin/AreaTargetPlugin/Runtime/AreaTargetTracker.cs:41)
AreaTargetPlugin.Tests.AreaTargetTrackerInitTests:Initialize_CorruptManifest_ReturnsFalse () (at /Users/geek/Project/point/unity_plugin/AreaTargetPlugin/Tests/AreaTargetTrackerInitTests.cs:101)
System.Reflection.MethodBase:Invoke (object,object[])
NUnit.Framework.Internal.Reflect:InvokeMethod (System.Reflection.MethodInfo,object,object[])
NUnit.Framework.Internal.MethodWrapper:Invoke (object,object[])
NUnit.Framework.Internal.Commands.TestMethodCommand:RunNonAsyncTestMethod (NUnit.Framework.Internal.ITestExecutionContext)
NUnit.Framework.Internal.Commands.TestMethodCommand:RunTestMethod (NUnit.Framework.Internal.ITestExecutionContext)
NUnit.Framework.Internal.Commands.TestMethodCommand:Execute (NUnit.Framework.Internal.ITestExecutionContext)
UnityEditor.EditorApplication:Internal_CallUpdateFunctions () (at /Users/bokken/build/output/unity/unity/Editor/Mono/EditorApplication.cs:392)

]]></stack-trace>
              </failure>
              <output><![CDATA[[AreaTargetPlugin] Failed to parse manifest.json: JSON parse error: Invalid value.
[AreaTargetPlugin] Initialization failed: Failed to parse manifest.json: JSON parse error: Invalid value.
[AreaTargetPlugin] Tracker disposed.
]]></output>
            </test-case>
            <test-case id="1007" name="Initialize_IncompatibleVersion_ReturnsFalse" fullname="AreaTargetPlugin.Tests.AreaTargetTrackerInitTests.Initialize_IncompatibleVersion_ReturnsFalse" methodname="Initialize_IncompatibleVersion_ReturnsFalse" classname="AreaTargetPlugin.Tests.AreaTargetTrackerInitTests" runstate="Runnable" seed="619628206" result="Failed" start-time="2026-03-19 09:24:07Z" end-time="2026-03-19 09:24:07Z" duration="0.003792" asserts="0">
              <properties>
                <property name="retryIteration" value="0" />
                <property name="repeatIteration" value="0" />
              </properties>
              <failure>
                <message><![CDATA[Unhandled log message: '[Error] [AreaTargetPlugin] Incompatible asset version: 99.0 (supported: 2.0).'. Use UnityEngine.TestTools.LogAssert.Expect]]></message>
                <stack-trace><![CDATA[AreaTargetPlugin.AssetBundleLoader:Load (string) (at /Users/geek/Project/point/unity_plugin/AreaTargetPlugin/Runtime/AssetBundleLoader.cs:122)
AreaTargetPlugin.AreaTargetTracker:Initialize (string) (at /Users/geek/Project/point/unity_plugin/AreaTargetPlugin/Runtime/AreaTargetTracker.cs:41)
AreaTargetPlugin.Tests.AreaTargetTrackerInitTests:Initialize_IncompatibleVersion_ReturnsFalse () (at /Users/geek/Project/point/unity_plugin/AreaTargetPlugin/Tests/AreaTargetTrackerInitTests.cs:123)
System.Reflection.MethodBase:Invoke (object,object[])
NUnit.Framework.Internal.Reflect:InvokeMethod (System.Reflection.MethodInfo,object,object[])
NUnit.Framework.Internal.MethodWrapper:Invoke (object,object[])
NUnit.Framework.Internal.Commands.TestMethodCommand:RunNonAsyncTestMethod (NUnit.Framework.Internal.ITestExecutionContext)
NUnit.Framework.Internal.Commands.TestMethodCommand:RunTestMethod (NUnit.Framework.Internal.ITestExecutionContext)
NUnit.Framework.Internal.Commands.TestMethodCommand:Execute (NUnit.Framework.Internal.ITestExecutionContext)
UnityEditor.EditorApplication:Internal_CallUpdateFunctions () (at /Users/bokken/build/output/unity/unity/Editor/Mono/EditorApplication.cs:392)

]]></stack-trace>
              </failure>
              <output><![CDATA[[AreaTargetPlugin] Incompatible asset version: 99.0 (supported: 2.0).
[AreaTargetPlugin] Initialization failed: Incompatible asset version: 99.0 (supported: 2.0).
[AreaTargetPlugin] Tracker disposed.
]]></output>
            </test-case>
            <test-case id="1004" name="Initialize_InvalidPath_ReturnsFalse" fullname="AreaTargetPlugin.Tests.AreaTargetTrackerInitTests.Initialize_InvalidPath_ReturnsFalse" methodname="Initialize_InvalidPath_ReturnsFalse" classname="AreaTargetPlugin.Tests.AreaTargetTrackerInitTests" runstate="Runnable" seed="1868055125" result="Failed" start-time="2026-03-19 09:24:07Z" end-time="2026-03-19 09:24:07Z" duration="0.001745" asserts="0">
              <properties>
                <property name="retryIteration" value="0" />
                <property name="repeatIteration" value="0" />
              </properties>
              <failure>
                <message><![CDATA[Unhandled log message: '[Error] [AreaTargetPlugin] Asset directory does not exist: /nonexistent/path'. Use UnityEngine.TestTools.LogAssert.Expect]]></message>
                <stack-trace><![CDATA[AreaTargetPlugin.AssetBundleLoader:Load (string) (at /Users/geek/Project/point/unity_plugin/AreaTargetPlugin/Runtime/AssetBundleLoader.cs:67)
AreaTargetPlugin.AreaTargetTracker:Initialize (string) (at /Users/geek/Project/point/unity_plugin/AreaTargetPlugin/Runtime/AreaTargetTracker.cs:41)
AreaTargetPlugin.Tests.AreaTargetTrackerInitTests:Initialize_InvalidPath_ReturnsFalse () (at /Users/geek/Project/point/unity_plugin/AreaTargetPlugin/Tests/AreaTargetTrackerInitTests.cs:77)
System.Reflection.MethodBase:Invoke (object,object[])
NUnit.Framework.Internal.Reflect:InvokeMethod (System.Reflection.MethodInfo,object,object[])
NUnit.Framework.Internal.MethodWrapper:Invoke (object,object[])
NUnit.Framework.Internal.Commands.TestMethodCommand:RunNonAsyncTestMethod (NUnit.Framework.Internal.ITestExecutionContext)
NUnit.Framework.Internal.Commands.TestMethodCommand:RunTestMethod (NUnit.Framework.Internal.ITestExecutionContext)
NUnit.Framework.Internal.Commands.TestMethodCommand:Execute (NUnit.Framework.Internal.ITestExecutionContext)
UnityEditor.EditorApplication:Internal_CallUpdateFunctions () (at /Users/bokken/build/output/unity/unity/Editor/Mono/EditorApplication.cs:392)

]]></stack-trace>
              </failure>
              <output><![CDATA[[AreaTargetPlugin] Asset directory does not exist: /nonexistent/path
[AreaTargetPlugin] Initialization failed: Asset directory does not exist: /nonexistent/path
[AreaTargetPlugin] Tracker disposed.
]]></output>
            </test-case>
            <test-case id="1005" name="Initialize_NullPath_ReturnsFalse" fullname="AreaTargetPlugin.Tests.AreaTargetTrackerInitTests.Initialize_NullPath_ReturnsFalse" methodname="Initialize_NullPath_ReturnsFalse" classname="AreaTargetPlugin.Tests.AreaTargetTrackerInitTests" runstate="Runnable" seed="1318755457" result="Failed" start-time="2026-03-19 09:24:07Z" end-time="2026-03-19 09:24:07Z" duration="0.001454" asserts="0">
              <properties>
                <property name="retryIteration" value="0" />
                <property name="repeatIteration" value="0" />
              </properties>
              <failure>
                <message><![CDATA[Unhandled log message: '[Error] [AreaTargetPlugin] Asset path is null or empty.'. Use UnityEngine.TestTools.LogAssert.Expect]]></message>
                <stack-trace><![CDATA[AreaTargetPlugin.AssetBundleLoader:Load (string) (at /Users/geek/Project/point/unity_plugin/AreaTargetPlugin/Runtime/AssetBundleLoader.cs:60)
AreaTargetPlugin.AreaTargetTracker:Initialize (string) (at /Users/geek/Project/point/unity_plugin/AreaTargetPlugin/Runtime/AreaTargetTracker.cs:41)
AreaTargetPlugin.Tests.AreaTargetTrackerInitTests:Initialize_NullPath_ReturnsFalse () (at /Users/geek/Project/point/unity_plugin/AreaTargetPlugin/Tests/AreaTargetTrackerInitTests.cs:88)
System.Reflection.MethodBase:Invoke (object,object[])
NUnit.Framework.Internal.Reflect:InvokeMethod (System.Reflection.MethodInfo,object,object[])
NUnit.Framework.Internal.MethodWrapper:Invoke (object,object[])
NUnit.Framework.Internal.Commands.TestMethodCommand:RunNonAsyncTestMethod (NUnit.Framework.Internal.ITestExecutionContext)
NUnit.Framework.Internal.Commands.TestMethodCommand:RunTestMethod (NUnit.Framework.Internal.ITestExecutionContext)
NUnit.Framework.Internal.Commands.TestMethodCommand:Execute (NUnit.Framework.Internal.ITestExecutionContext)
UnityEditor.EditorApplication:Internal_CallUpdateFunctions () (at /Users/bokken/build/output/unity/unity/Editor/Mono/EditorApplication.cs:392)

]]></stack-trace>
              </failure>
              <output><![CDATA[[AreaTargetPlugin] Asset path is null or empty.
[AreaTargetPlugin] Initialization failed: Asset path is null or empty.
[AreaTargetPlugin] Tracker disposed.
]]></output>
            </test-case>
            <test-case id="1002" name="Initialize_ValidAsset_ReturnsTrue" fullname="AreaTargetPlugin.Tests.AreaTargetTrackerInitTests.Initialize_ValidAsset_ReturnsTrue" methodname="Initialize_ValidAsset_ReturnsTrue" classname="AreaTargetPlugin.Tests.AreaTargetTrackerInitTests" runstate="Runnable" seed="1546865823" result="Failed" start-time="2026-03-19 09:24:07Z" end-time="2026-03-19 09:24:07Z" duration="0.004726" asserts="0">
              <properties>
                <property name="retryIteration" value="0" />
                <property name="repeatIteration" value="0" />
              </properties>
              <failure>
                <message><![CDATA[  Expected: True
  But was:  False
]]></message>
                <stack-trace><![CDATA[at AreaTargetPlugin.Tests.AreaTargetTrackerInitTests.Initialize_ValidAsset_ReturnsTrue () [0x00013] in /Users/geek/Project/point/unity_plugin/AreaTargetPlugin/Tests/AreaTargetTrackerInitTests.cs:56
]]></stack-trace>
              </failure>
              <output><![CDATA[[AreaTargetPlugin] Incompatible asset version: 1.0 (supported: 2.0).
[AreaTargetPlugin] Initialization failed: Incompatible asset version: 1.0 (supported: 2.0).
]]></output>
            </test-case>
            <test-case id="1003" name="Initialize_ValidAsset_SetsStateToInitializing" fullname="AreaTargetPlugin.Tests.AreaTargetTrackerInitTests.Initialize_ValidAsset_SetsStateToInitializing" methodname="Initialize_ValidAsset_SetsStateToInitializing" classname="AreaTargetPlugin.Tests.AreaTargetTrackerInitTests" runstate="Runnable" seed="1743194196" result="Failed" start-time="2026-03-19 09:24:07Z" end-time="2026-03-19 09:24:07Z" duration="0.005109" asserts="0">
              <properties>
                <property name="retryIteration" value="0" />
                <property name="repeatIteration" value="0" />
              </properties>
              <failure>
                <message><![CDATA[Unhandled log message: '[Error] [AreaTargetPlugin] Incompatible asset version: 1.0 (supported: 2.0).'. Use UnityEngine.TestTools.LogAssert.Expect]]></message>
                <stack-trace><![CDATA[AreaTargetPlugin.AssetBundleLoader:Load (string) (at /Users/geek/Project/point/unity_plugin/AreaTargetPlugin/Runtime/AssetBundleLoader.cs:122)
AreaTargetPlugin.AreaTargetTracker:Initialize (string) (at /Users/geek/Project/point/unity_plugin/AreaTargetPlugin/Runtime/AreaTargetTracker.cs:41)
AreaTargetPlugin.Tests.AreaTargetTrackerInitTests:Initialize_ValidAsset_SetsStateToInitializing () (at /Users/geek/Project/point/unity_plugin/AreaTargetPlugin/Tests/AreaTargetTrackerInitTests.cs:66)
System.Reflection.MethodBase:Invoke (object,object[])
NUnit.Framework.Internal.Reflect:InvokeMethod (System.Reflection.MethodInfo,object,object[])
NUnit.Framework.Internal.MethodWrapper:Invoke (object,object[])
NUnit.Framework.Internal.Commands.TestMethodCommand:RunNonAsyncTestMethod (NUnit.Framework.Internal.ITestExecutionContext)
NUnit.Framework.Internal.Commands.TestMethodCommand:RunTestMethod (NUnit.Framework.Internal.ITestExecutionContext)
NUnit.Framework.Internal.Commands.TestMethodCommand:Execute (NUnit.Framework.Internal.ITestExecutionContext)
UnityEditor.EditorApplication:Internal_CallUpdateFunctions () (at /Users/bokken/build/output/unity/unity/Editor/Mono/EditorApplication.cs:392)

]]></stack-trace>
              </failure>
              <output><![CDATA[[AreaTargetPlugin] Incompatible asset version: 1.0 (supported: 2.0).
[AreaTargetPlugin] Initialization failed: Incompatible asset version: 1.0 (supported: 2.0).
[AreaTargetPlugin] Tracker disposed.
]]></output>
            </test-case>
            <test-case id="1009" name="ProcessFrame_BeforeInitialize_ReturnsLost" fullname="AreaTargetPlugin.Tests.AreaTargetTrackerInitTests.ProcessFrame_BeforeInitialize_ReturnsLost" methodname="ProcessFrame_BeforeInitialize_ReturnsLost" classname="AreaTargetPlugin.Tests.AreaTargetTrackerInitTests" runstate="Runnable" seed="130066188" result="Passed" start-time="2026-03-19 09:24:07Z" end-time="2026-03-19 09:24:07Z" duration="0.003127" asserts="0">
              <properties>
                <property name="retryIteration" value="0" />
                <property name="repeatIteration" value="0" />
              </properties>
              <output><![CDATA[[AreaTargetPlugin] Tracker disposed.
]]></output>
            </test-case>
          </test-suite>
          <test-suite type="TestFixture" id="1010" name="AreaTargetTrackerLifecycleTests" fullname="AreaTargetPlugin.Tests.AreaTargetTrackerLifecycleTests" classname="AreaTargetPlugin.Tests.AreaTargetTrackerLifecycleTests" runstate="Runnable" testcasecount="13" result="Failed" site="Child" start-time="2026-03-19 09:24:07Z" end-time="2026-03-19 09:24:08Z" duration="0.011139" total="13" passed="12" failed="1" inconclusive="0" skipped="0" asserts="0">
            <properties />
            <failure>
              <message><![CDATA[One or more child tests had errors]]></message>
            </failure>
            <test-case id="1011" name="Dispose_MultipleCalls_DoesNotThrow" fullname="AreaTargetPlugin.Tests.AreaTargetTrackerLifecycleTests.Dispose_MultipleCalls_DoesNotThrow" methodname="Dispose_MultipleCalls_DoesNotThrow" classname="AreaTargetPlugin.Tests.AreaTargetTrackerLifecycleTests" runstate="Runnable" seed="1448638737" result="Passed" start-time="2026-03-19 09:24:07Z" end-time="2026-03-19 09:24:07Z" duration="0.001245" asserts="0">
              <properties>
                <property name="retryIteration" value="0" />
                <property name="repeatIteration" value="0" />
              </properties>
              <output><![CDATA[[AreaTargetPlugin] Tracker disposed.
]]></output>
            </test-case>
            <test-case id="1012" name="Dispose_SetsStateLost" fullname="AreaTargetPlugin.Tests.AreaTargetTrackerLifecycleTests.Dispose_SetsStateLost" methodname="Dispose_SetsStateLost" classname="AreaTargetPlugin.Tests.AreaTargetTrackerLifecycleTests" runstate="Runnable" seed="1697681185" result="Passed" start-time="2026-03-19 09:24:07Z" end-time="2026-03-19 09:24:07Z" duration="0.000574" asserts="0">
              <properties>
                <property name="retryIteration" value="0" />
                <property name="repeatIteration" value="0" />
              </properties>
              <output><![CDATA[[AreaTargetPlugin] Tracker disposed.
]]></output>
            </test-case>
            <test-case id="1014" name="Initialize_AfterDispose_ReturnsFalse" fullname="AreaTargetPlugin.Tests.AreaTargetTrackerLifecycleTests.Initialize_AfterDispose_ReturnsFalse" methodname="Initialize_AfterDispose_ReturnsFalse" classname="AreaTargetPlugin.Tests.AreaTargetTrackerLifecycleTests" runstate="Runnable" seed="1045186555" result="Failed" start-time="2026-03-19 09:24:07Z" end-time="2026-03-19 09:24:07Z" duration="0.000789" asserts="0">
              <properties>
                <property name="retryIteration" value="0" />
                <property name="repeatIteration" value="0" />
              </properties>
              <failure>
                <message><![CDATA[Unhandled log message: '[Error] [AreaTargetPlugin] Cannot initialize a disposed tracker.'. Use UnityEngine.TestTools.LogAssert.Expect]]></message>
                <stack-trace><![CDATA[AreaTargetPlugin.AreaTargetTracker:Initialize (string) (at /Users/geek/Project/point/unity_plugin/AreaTargetPlugin/Runtime/AreaTargetTracker.cs:37)
AreaTargetPlugin.Tests.AreaTargetTrackerLifecycleTests:Initialize_AfterDispose_ReturnsFalse () (at /Users/geek/Project/point/unity_plugin/AreaTargetPlugin/Tests/AreaTargetTrackerLifecycleTests.cs:64)
System.Reflection.MethodBase:Invoke (object,object[])
NUnit.Framework.Internal.Reflect:InvokeMethod (System.Reflection.MethodInfo,object,object[])
NUnit.Framework.Internal.MethodWrapper:Invoke (object,object[])
NUnit.Framework.Internal.Commands.TestMethodCommand:RunNonAsyncTestMethod (NUnit.Framework.Internal.ITestExecutionContext)
NUnit.Framework.Internal.Commands.TestMethodCommand:RunTestMethod (NUnit.Framework.Internal.ITestExecutionContext)
NUnit.Framework.Internal.Commands.TestMethodCommand:Execute (NUnit.Framework.Internal.ITestExecutionContext)
UnityEditor.EditorApplication:Internal_CallUpdateFunctions () (at /Users/bokken/build/output/unity/unity/Editor/Mono/EditorApplication.cs:392)

]]></stack-trace>
              </failure>
              <output><![CDATA[[AreaTargetPlugin] Tracker disposed.
[AreaTargetPlugin] Cannot initialize a disposed tracker.
]]></output>
            </test-case>
            <test-case id="1023" name="KalmanFilter_EulerRoundTrip_SmallAngles" fullname="AreaTargetPlugin.Tests.AreaTargetTrackerLifecycleTests.KalmanFilter_EulerRoundTrip_SmallAngles" methodname="KalmanFilter_EulerRoundTrip_SmallAngles" classname="AreaTargetPlugin.Tests.AreaTargetTrackerLifecycleTests" runstate="Runnable" seed="2147003170" result="Passed" start-time="2026-03-19 09:24:07Z" end-time="2026-03-19 09:24:07Z" duration="0.000907" asserts="0">
              <properties>
                <property name="retryIteration" value="0" />
                <property name="repeatIteration" value="0" />
              </properties>
            </test-case>
            <test-case id="1020" name="KalmanFilter_PoseToState_ExtractsTranslation" fullname="AreaTargetPlugin.Tests.AreaTargetTrackerLifecycleTests.KalmanFilter_PoseToState_ExtractsTranslation" methodname="KalmanFilter_PoseToState_ExtractsTranslation" classname="AreaTargetPlugin.Tests.AreaTargetTrackerLifecycleTests" runstate="Runnable" seed="823993771" result="Passed" start-time="2026-03-19 09:24:07Z" end-time="2026-03-19 09:24:07Z" duration="0.000144" asserts="0">
              <properties>
                <property name="retryIteration" value="0" />
                <property name="repeatIteration" value="0" />
              </properties>
            </test-case>
            <test-case id="1019" name="KalmanFilter_PoseToState_StateToPose_RoundTrip_Identity" fullname="AreaTargetPlugin.Tests.AreaTargetTrackerLifecycleTests.KalmanFilter_PoseToState_StateToPose_RoundTrip_Identity" methodname="KalmanFilter_PoseToState_StateToPose_RoundTrip_Identity" classname="AreaTargetPlugin.Tests.AreaTargetTrackerLifecycleTests" runstate="Runnable" seed="1316067477" result="Passed" start-time="2026-03-19 09:24:07Z" end-time="2026-03-19 09:24:07Z" duration="0.000157" asserts="0">
              <properties>
                <property name="retryIteration" value="0" />
                <property name="repeatIteration" value="0" />
              </properties>
            </test-case>
            <test-case id="1022" name="KalmanFilter_RepeatedIdenticalPose_ConvergesToInput" fullname="AreaTargetPlugin.Tests.AreaTargetTrackerLifecycleTests.KalmanFilter_RepeatedIdenticalPose_ConvergesToInput" methodname="KalmanFilter_RepeatedIdenticalPose_ConvergesToInput" classname="AreaTargetPlugin.Tests.AreaTargetTrackerLifecycleTests" runstate="Runnable" seed="114372351" result="Passed" start-time="2026-03-19 09:24:07Z" end-time="2026-03-19 09:24:07Z" duration="0.001482" asserts="0">
              <properties>
                <property name="retryIteration" value="0" />
                <property name="repeatIteration" value="0" />
              </properties>
            </test-case>
            <test-case id="1021" name="KalmanFilter_Reset_ThenUpdate_DoesNotThrow" fullname="AreaTargetPlugin.Tests.AreaTargetTrackerLifecycleTests.KalmanFilter_Reset_ThenUpdate_DoesNotThrow" methodname="KalmanFilter_Reset_ThenUpdate_DoesNotThrow" classname="AreaTargetPlugin.Tests.AreaTargetTrackerLifecycleTests" runstate="Runnable" seed="2007064351" result="Passed" start-time="2026-03-19 09:24:07Z" end-time="2026-03-19 09:24:07Z" duration="0.000206" asserts="0">
              <properties>
                <property name="retryIteration" value="0" />
                <property name="repeatIteration" value="0" />
              </properties>
            </test-case>
            <test-case id="1017" name="NewTracker_StateIsInitializing" fullname="AreaTargetPlugin.Tests.AreaTargetTrackerLifecycleTests.NewTracker_StateIsInitializing" methodname="NewTracker_StateIsInitializing" classname="AreaTargetPlugin.Tests.AreaTargetTrackerLifecycleTests" runstate="Runnable" seed="92306727" result="Passed" start-time="2026-03-19 09:24:07Z" end-time="2026-03-19 09:24:07Z" duration="0.000493" asserts="0">
              <properties>
                <property name="retryIteration" value="0" />
                <property name="repeatIteration" value="0" />
              </properties>
              <output><![CDATA[[AreaTargetPlugin] Tracker disposed.
]]></output>
            </test-case>
            <test-case id="1013" name="ProcessFrame_AfterDispose_ReturnsLost" fullname="AreaTargetPlugin.Tests.AreaTargetTrackerLifecycleTests.ProcessFrame_AfterDispose_ReturnsLost" methodname="ProcessFrame_AfterDispose_ReturnsLost" classname="AreaTargetPlugin.Tests.AreaTargetTrackerLifecycleTests" runstate="Runnable" seed="956668113" result="Passed" start-time="2026-03-19 09:24:07Z" end-time="2026-03-19 09:24:07Z" duration="0.000493" asserts="0">
              <properties>
                <property name="retryIteration" value="0" />
                <property name="repeatIteration" value="0" />
              </properties>
              <output><![CDATA[[AreaTargetPlugin] Tracker disposed.
]]></output>
            </test-case>
            <test-case id="1018" name="ProcessFrame_BeforeInit_ReturnsLostWithIdentityPose" fullname="AreaTargetPlugin.Tests.AreaTargetTrackerLifecycleTests.ProcessFrame_BeforeInit_ReturnsLostWithIdentityPose" methodname="ProcessFrame_BeforeInit_ReturnsLostWithIdentityPose" classname="AreaTargetPlugin.Tests.AreaTargetTrackerLifecycleTests" runstate="Runnable" seed="1959715016" result="Passed" start-time="2026-03-19 09:24:07Z" end-time="2026-03-19 09:24:08Z" duration="0.001223" asserts="0">
              <properties>
                <property name="retryIteration" value="0" />
                <property name="repeatIteration" value="0" />
              </properties>
              <output><![CDATA[[AreaTargetPlugin] Tracker disposed.
]]></output>
            </test-case>
            <test-case id="1015" name="Reset_BeforeInitialize_DoesNotThrow" fullname="AreaTargetPlugin.Tests.AreaTargetTrackerLifecycleTests.Reset_BeforeInitialize_DoesNotThrow" methodname="Reset_BeforeInitialize_DoesNotThrow" classname="AreaTargetPlugin.Tests.AreaTargetTrackerLifecycleTests" runstate="Runnable" seed="1031449667" result="Passed" start-time="2026-03-19 09:24:08Z" end-time="2026-03-19 09:24:08Z" duration="0.000814" asserts="0">
              <properties>
                <property name="retryIteration" value="0" />
                <property name="repeatIteration" value="0" />
              </properties>
              <output><![CDATA[[AreaTargetPlugin] Tracker reset.
[AreaTargetPlugin] Tracker disposed.
]]></output>
            </test-case>
            <test-case id="1016" name="Reset_SetsStateToInitializing" fullname="AreaTargetPlugin.Tests.AreaTargetTrackerLifecycleTests.Reset_SetsStateToInitializing" methodname="Reset_SetsStateToInitializing" classname="AreaTargetPlugin.Tests.AreaTargetTrackerLifecycleTests" runstate="Runnable" seed="595161082" result="Passed" start-time="2026-03-19 09:24:08Z" end-time="2026-03-19 09:24:08Z" duration="0.000661" asserts="0">
              <properties>
                <property name="retryIteration" value="0" />
                <property name="repeatIteration" value="0" />
              </properties>
              <output><![CDATA[[AreaTargetPlugin] Tracker reset.
[AreaTargetPlugin] Tracker disposed.
]]></output>
            </test-case>
          </test-suite>
          <test-suite type="TestFixture" id="1024" name="AssetBundleLoaderSecurityTests" fullname="AreaTargetPlugin.Tests.AssetBundleLoaderSecurityTests" classname="AreaTargetPlugin.Tests.AssetBundleLoaderSecurityTests" runstate="Runnable" testcasecount="13" result="Failed" site="Child" start-time="2026-03-19 09:24:08Z" end-time="2026-03-19 09:24:08Z" duration="0.029334" total="13" passed="2" failed="11" inconclusive="0" skipped="0" asserts="0">
            <properties />
            <failure>
              <message><![CDATA[One or more child tests had errors]]></message>
            </failure>
            <test-case id="1028" name="Load_AbsolutePathInMeshFile_Blocked" fullname="AreaTargetPlugin.Tests.AssetBundleLoaderSecurityTests.Load_AbsolutePathInMeshFile_Blocked" methodname="Load_AbsolutePathInMeshFile_Blocked" classname="AreaTargetPlugin.Tests.AssetBundleLoaderSecurityTests" runstate="Runnable" seed="978538376" result="Failed" start-time="2026-03-19 09:24:08Z" end-time="2026-03-19 09:24:08Z" duration="0.002195" asserts="0">
              <properties>
                <property name="retryIteration" value="0" />
                <property name="repeatIteration" value="0" />
              </properties>
              <failure>
                <message><![CDATA[Unhandled log message: '[Error] [AreaTargetPlugin] Path traversal detected in meshFile: '/tmp/evil.glb' resolves outside asset directory.'. Use UnityEngine.TestTools.LogAssert.Expect]]></message>
                <stack-trace><![CDATA[AreaTargetPlugin.AssetBundleLoader:Load (string) (at /Users/geek/Project/point/unity_plugin/AreaTargetPlugin/Runtime/AssetBundleLoader.cs:156)
AreaTargetPlugin.Tests.AssetBundleLoaderSecurityTests:Load_AbsolutePathInMeshFile_Blocked () (at /Users/geek/Project/point/unity_plugin/AreaTargetPlugin/Tests/AssetBundleLoaderSecurityTests.cs:97)
System.Reflection.MethodBase:Invoke (object,object[])
NUnit.Framework.Internal.Reflect:InvokeMethod (System.Reflection.MethodInfo,object,object[])
NUnit.Framework.Internal.MethodWrapper:Invoke (object,object[])
NUnit.Framework.Internal.Commands.TestMethodCommand:RunNonAsyncTestMethod (NUnit.Framework.Internal.ITestExecutionContext)
NUnit.Framework.Internal.Commands.TestMethodCommand:RunTestMethod (NUnit.Framework.Internal.ITestExecutionContext)
NUnit.Framework.Internal.Commands.TestMethodCommand:Execute (NUnit.Framework.Internal.ITestExecutionContext)
UnityEditor.EditorApplication:Internal_CallUpdateFunctions () (at /Users/bokken/build/output/unity/unity/Editor/Mono/EditorApplication.cs:392)

]]></stack-trace>
              </failure>
              <output><![CDATA[[AreaTargetPlugin] Path traversal detected in meshFile: '/tmp/evil.glb' resolves outside asset directory.
]]></output>
            </test-case>
            <test-case id="1027" name="Load_DotDotSlashInMeshFile_Blocked" fullname="AreaTargetPlugin.Tests.AssetBundleLoaderSecurityTests.Load_DotDotSlashInMeshFile_Blocked" methodname="Load_DotDotSlashInMeshFile_Blocked" classname="AreaTargetPlugin.Tests.AssetBundleLoaderSecurityTests" runstate="Runnable" seed="1515531131" result="Failed" start-time="2026-03-19 09:24:08Z" end-time="2026-03-19 09:24:08Z" duration="0.001459" asserts="0">
              <properties>
                <property name="retryIteration" value="0" />
                <property name="repeatIteration" value="0" />
              </properties>
              <failure>
                <message><![CDATA[Unhandled log message: '[Error] [AreaTargetPlugin] Path traversal detected in meshFile: 'subdir/../../../outside.glb' resolves outside asset directory.'. Use UnityEngine.TestTools.LogAssert.Expect]]></message>
                <stack-trace><![CDATA[AreaTargetPlugin.AssetBundleLoader:Load (string) (at /Users/geek/Project/point/unity_plugin/AreaTargetPlugin/Runtime/AssetBundleLoader.cs:156)
AreaTargetPlugin.Tests.AssetBundleLoaderSecurityTests:Load_DotDotSlashInMeshFile_Blocked () (at /Users/geek/Project/point/unity_plugin/AreaTargetPlugin/Tests/AssetBundleLoaderSecurityTests.cs:85)
System.Reflection.MethodBase:Invoke (object,object[])
NUnit.Framework.Internal.Reflect:InvokeMethod (System.Reflection.MethodInfo,object,object[])
NUnit.Framework.Internal.MethodWrapper:Invoke (object,object[])
NUnit.Framework.Internal.Commands.TestMethodCommand:RunNonAsyncTestMethod (NUnit.Framework.Internal.ITestExecutionContext)
NUnit.Framework.Internal.Commands.TestMethodCommand:RunTestMethod (NUnit.Framework.Internal.ITestExecutionContext)
NUnit.Framework.Internal.Commands.TestMethodCommand:Execute (NUnit.Framework.Internal.ITestExecutionContext)
UnityEditor.EditorApplication:Internal_CallUpdateFunctions () (at /Users/bokken/build/output/unity/unity/Editor/Mono/EditorApplication.cs:392)

]]></stack-trace>
              </failure>
              <output><![CDATA[[AreaTargetPlugin] Path traversal detected in meshFile: 'subdir/../../../outside.glb' resolves outside asset directory.
]]></output>
            </test-case>
            <test-case id="1030" name="Load_EmptyFeatureDbFile_ReturnsFalse" fullname="AreaTargetPlugin.Tests.AssetBundleLoaderSecurityTests.Load_EmptyFeatureDbFile_ReturnsFalse" methodname="Load_EmptyFeatureDbFile_ReturnsFalse" classname="AreaTargetPlugin.Tests.AssetBundleLoaderSecurityTests" runstate="Runnable" seed="635839356" result="Failed" start-time="2026-03-19 09:24:08Z" end-time="2026-03-19 09:24:08Z" duration="0.001171" asserts="0">
              <properties>
                <property name="retryIteration" value="0" />
                <property name="repeatIteration" value="0" />
              </properties>
              <failure>
                <message><![CDATA[Unhandled log message: '[Error] [AreaTargetPlugin] manifest.json missing 'featureDbFile' field.'. Use UnityEngine.TestTools.LogAssert.Expect]]></message>
                <stack-trace><![CDATA[AreaTargetPlugin.AssetBundleLoader:Load (string) (at /Users/geek/Project/point/unity_plugin/AreaTargetPlugin/Runtime/AssetBundleLoader.cs:144)
AreaTargetPlugin.Tests.AssetBundleLoaderSecurityTests:Load_EmptyFeatureDbFile_ReturnsFalse () (at /Users/geek/Project/point/unity_plugin/AreaTargetPlugin/Tests/AssetBundleLoaderSecurityTests.cs:122)
System.Reflection.MethodBase:Invoke (object,object[])
NUnit.Framework.Internal.Reflect:InvokeMethod (System.Reflection.MethodInfo,object,object[])
NUnit.Framework.Internal.MethodWrapper:Invoke (object,object[])
NUnit.Framework.Internal.Commands.TestMethodCommand:RunNonAsyncTestMethod (NUnit.Framework.Internal.ITestExecutionContext)
NUnit.Framework.Internal.Commands.TestMethodCommand:RunTestMethod (NUnit.Framework.Internal.ITestExecutionContext)
NUnit.Framework.Internal.Commands.TestMethodCommand:Execute (NUnit.Framework.Internal.ITestExecutionContext)
UnityEditor.EditorApplication:Internal_CallUpdateFunctions () (at /Users/bokken/build/output/unity/unity/Editor/Mono/EditorApplication.cs:392)

]]></stack-trace>
              </failure>
              <output><![CDATA[[AreaTargetPlugin] manifest.json missing 'featureDbFile' field.
]]></output>
            </test-case>
            <test-case id="1029" name="Load_EmptyMeshFile_ReturnsFalse" fullname="AreaTargetPlugin.Tests.AssetBundleLoaderSecurityTests.Load_EmptyMeshFile_ReturnsFalse" methodname="Load_EmptyMeshFile_ReturnsFalse" classname="AreaTargetPlugin.Tests.AssetBundleLoaderSecurityTests" runstate="Runnable" seed="1882440345" result="Failed" start-time="2026-03-19 09:24:08Z" end-time="2026-03-19 09:24:08Z" duration="0.001521" asserts="0">
              <properties>
                <property name="retryIteration" value="0" />
                <property name="repeatIteration" value="0" />
              </properties>
              <failure>
                <message><![CDATA[Unhandled log message: '[Error] [AreaTargetPlugin] manifest.json missing 'meshFile' field.'. Use UnityEngine.TestTools.LogAssert.Expect]]></message>
                <stack-trace><![CDATA[AreaTargetPlugin.AssetBundleLoader:Load (string) (at /Users/geek/Project/point/unity_plugin/AreaTargetPlugin/Runtime/AssetBundleLoader.cs:130)
AreaTargetPlugin.Tests.AssetBundleLoaderSecurityTests:Load_EmptyMeshFile_ReturnsFalse () (at /Users/geek/Project/point/unity_plugin/AreaTargetPlugin/Tests/AssetBundleLoaderSecurityTests.cs:111)
System.Reflection.MethodBase:Invoke (object,object[])
NUnit.Framework.Internal.Reflect:InvokeMethod (System.Reflection.MethodInfo,object,object[])
NUnit.Framework.Internal.MethodWrapper:Invoke (object,object[])
NUnit.Framework.Internal.Commands.TestMethodCommand:RunNonAsyncTestMethod (NUnit.Framework.Internal.ITestExecutionContext)
NUnit.Framework.Internal.Commands.TestMethodCommand:RunTestMethod (NUnit.Framework.Internal.ITestExecutionContext)
NUnit.Framework.Internal.Commands.TestMethodCommand:Execute (NUnit.Framework.Internal.ITestExecutionContext)
UnityEditor.EditorApplication:Internal_CallUpdateFunctions () (at /Users/bokken/build/output/unity/unity/Editor/Mono/EditorApplication.cs:392)

]]></stack-trace>
              </failure>
              <output><![CDATA[[AreaTargetPlugin] manifest.json missing 'meshFile' field.
]]></output>
            </test-case>
            <test-case id="1034" name="Load_FeatureDbNotFound_ReturnsFalse" fullname="AreaTargetPlugin.Tests.AssetBundleLoaderSecurityTests.Load_FeatureDbNotFound_ReturnsFalse" methodname="Load_FeatureDbNotFound_ReturnsFalse" classname="AreaTargetPlugin.Tests.AssetBundleLoaderSecurityTests" runstate="Runnable" seed="389543726" result="Failed" start-time="2026-03-19 09:24:08Z" end-time="2026-03-19 09:24:08Z" duration="0.001443" asserts="0">
              <properties>
                <property name="retryIteration" value="0" />
                <property name="repeatIteration" value="0" />
              </properties>
              <failure>
                <message><![CDATA[Unhandled log message: '[Error] [AreaTargetPlugin] Feature database not found: features.db'. Use UnityEngine.TestTools.LogAssert.Expect]]></message>
                <stack-trace><![CDATA[AreaTargetPlugin.AssetBundleLoader:Load (string) (at /Users/geek/Project/point/unity_plugin/AreaTargetPlugin/Runtime/AssetBundleLoader.cs:177)
AreaTargetPlugin.Tests.AssetBundleLoaderSecurityTests:Load_FeatureDbNotFound_ReturnsFalse () (at /Users/geek/Project/point/unity_plugin/AreaTargetPlugin/Tests/AssetBundleLoaderSecurityTests.cs:181)
System.Reflection.MethodBase:Invoke (object,object[])
NUnit.Framework.Internal.Reflect:InvokeMethod (System.Reflection.MethodInfo,object,object[])
NUnit.Framework.Internal.MethodWrapper:Invoke (object,object[])
NUnit.Framework.Internal.Commands.TestMethodCommand:RunNonAsyncTestMethod (NUnit.Framework.Internal.ITestExecutionContext)
NUnit.Framework.Internal.Commands.TestMethodCommand:RunTestMethod (NUnit.Framework.Internal.ITestExecutionContext)
NUnit.Framework.Internal.Commands.TestMethodCommand:Execute (NUnit.Framework.Internal.ITestExecutionContext)
UnityEditor.EditorApplication:Internal_CallUpdateFunctions () (at /Users/bokken/build/output/unity/unity/Editor/Mono/EditorApplication.cs:392)

]]></stack-trace>
              </failure>
              <output><![CDATA[[AreaTargetPlugin] Feature database not found: features.db
]]></output>
            </test-case>
            <test-case id="1026" name="Load_FeatureDbPathTraversal_ReturnsFalse" fullname="AreaTargetPlugin.Tests.AssetBundleLoaderSecurityTests.Load_FeatureDbPathTraversal_ReturnsFalse" methodname="Load_FeatureDbPathTraversal_ReturnsFalse" classname="AreaTargetPlugin.Tests.AssetBundleLoaderSecurityTests" runstate="Runnable" seed="1579093135" result="Failed" start-time="2026-03-19 09:24:08Z" end-time="2026-03-19 09:24:08Z" duration="0.001402" asserts="0">
              <properties>
                <property name="retryIteration" value="0" />
                <property name="repeatIteration" value="0" />
              </properties>
              <failure>
                <message><![CDATA[Unhandled log message: '[Error] [AreaTargetPlugin] Path traversal detected in featureDbFile: '../../secret.db' resolves outside asset directory.'. Use UnityEngine.TestTools.LogAssert.Expect]]></message>
                <stack-trace><![CDATA[AreaTargetPlugin.AssetBundleLoader:Load (string) (at /Users/geek/Project/point/unity_plugin/AreaTargetPlugin/Runtime/AssetBundleLoader.cs:163)
AreaTargetPlugin.Tests.AssetBundleLoaderSecurityTests:Load_FeatureDbPathTraversal_ReturnsFalse () (at /Users/geek/Project/point/unity_plugin/AreaTargetPlugin/Tests/AssetBundleLoaderSecurityTests.cs:73)
System.Reflection.MethodBase:Invoke (object,object[])
NUnit.Framework.Internal.Reflect:InvokeMethod (System.Reflection.MethodInfo,object,object[])
NUnit.Framework.Internal.MethodWrapper:Invoke (object,object[])
NUnit.Framework.Internal.Commands.TestMethodCommand:RunNonAsyncTestMethod (NUnit.Framework.Internal.ITestExecutionContext)
NUnit.Framework.Internal.Commands.TestMethodCommand:RunTestMethod (NUnit.Framework.Internal.ITestExecutionContext)
NUnit.Framework.Internal.Commands.TestMethodCommand:Execute (NUnit.Framework.Internal.ITestExecutionContext)
UnityEditor.EditorApplication:Internal_CallUpdateFunctions () (at /Users/bokken/build/output/unity/unity/Editor/Mono/EditorApplication.cs:392)

]]></stack-trace>
              </failure>
              <output><![CDATA[[AreaTargetPlugin] Path traversal detected in featureDbFile: '../../secret.db' resolves outside asset directory.
]]></output>
            </test-case>
            <test-case id="1033" name="Load_MeshFileNotFound_ReturnsFalse" fullname="AreaTargetPlugin.Tests.AssetBundleLoaderSecurityTests.Load_MeshFileNotFound_ReturnsFalse" methodname="Load_MeshFileNotFound_ReturnsFalse" classname="AreaTargetPlugin.Tests.AssetBundleLoaderSecurityTests" runstate="Runnable" seed="1313720649" result="Failed" start-time="2026-03-19 09:24:08Z" end-time="2026-03-19 09:24:08Z" duration="0.005323" asserts="0">
              <properties>
                <property name="retryIteration" value="0" />
                <property name="repeatIteration" value="0" />
              </properties>
              <failure>
                <message><![CDATA[Unhandled log message: '[Error] [AreaTargetPlugin] Mesh file not found: optimized.glb'. Use UnityEngine.TestTools.LogAssert.Expect]]></message>
                <stack-trace><![CDATA[AreaTargetPlugin.AssetBundleLoader:Load (string) (at /Users/geek/Project/point/unity_plugin/AreaTargetPlugin/Runtime/AssetBundleLoader.cs:170)
AreaTargetPlugin.Tests.AssetBundleLoaderSecurityTests:Load_MeshFileNotFound_ReturnsFalse () (at /Users/geek/Project/point/unity_plugin/AreaTargetPlugin/Tests/AssetBundleLoaderSecurityTests.cs:168)
System.Reflection.MethodBase:Invoke (object,object[])
NUnit.Framework.Internal.Reflect:InvokeMethod (System.Reflection.MethodInfo,object,object[])
NUnit.Framework.Internal.MethodWrapper:Invoke (object,object[])
NUnit.Framework.Internal.Commands.TestMethodCommand:RunNonAsyncTestMethod (NUnit.Framework.Internal.ITestExecutionContext)
NUnit.Framework.Internal.Commands.TestMethodCommand:RunTestMethod (NUnit.Framework.Internal.ITestExecutionContext)
NUnit.Framework.Internal.Commands.TestMethodCommand:Execute (NUnit.Framework.Internal.ITestExecutionContext)
UnityEditor.EditorApplication:Internal_CallUpdateFunctions () (at /Users/bokken/build/output/unity/unity/Editor/Mono/EditorApplication.cs:392)

]]></stack-trace>
              </failure>
              <output><![CDATA[[AreaTargetPlugin] Mesh file not found: optimized.glb
]]></output>
            </test-case>
            <test-case id="1025" name="Load_MeshFilePathTraversal_ReturnsFalse" fullname="AreaTargetPlugin.Tests.AssetBundleLoaderSecurityTests.Load_MeshFilePathTraversal_ReturnsFalse" methodname="Load_MeshFilePathTraversal_ReturnsFalse" classname="AreaTargetPlugin.Tests.AssetBundleLoaderSecurityTests" runstate="Runnable" seed="2102350230" result="Failed" start-time="2026-03-19 09:24:08Z" end-time="2026-03-19 09:24:08Z" duration="0.001670" asserts="0">
              <properties>
                <property name="retryIteration" value="0" />
                <property name="repeatIteration" value="0" />
              </properties>
              <failure>
                <message><![CDATA[Unhandled log message: '[Error] [AreaTargetPlugin] Path traversal detected in meshFile: '../../../etc/passwd' resolves outside asset directory.'. Use UnityEngine.TestTools.LogAssert.Expect]]></message>
                <stack-trace><![CDATA[AreaTargetPlugin.AssetBundleLoader:Load (string) (at /Users/geek/Project/point/unity_plugin/AreaTargetPlugin/Runtime/AssetBundleLoader.cs:156)
AreaTargetPlugin.Tests.AssetBundleLoaderSecurityTests:Load_MeshFilePathTraversal_ReturnsFalse () (at /Users/geek/Project/point/unity_plugin/AreaTargetPlugin/Tests/AssetBundleLoaderSecurityTests.cs:61)
System.Reflection.MethodBase:Invoke (object,object[])
NUnit.Framework.Internal.Reflect:InvokeMethod (System.Reflection.MethodInfo,object,object[])
NUnit.Framework.Internal.MethodWrapper:Invoke (object,object[])
NUnit.Framework.Internal.Commands.TestMethodCommand:RunNonAsyncTestMethod (NUnit.Framework.Internal.ITestExecutionContext)
NUnit.Framework.Internal.Commands.TestMethodCommand:RunTestMethod (NUnit.Framework.Internal.ITestExecutionContext)
NUnit.Framework.Internal.Commands.TestMethodCommand:Execute (NUnit.Framework.Internal.ITestExecutionContext)
UnityEditor.EditorApplication:Internal_CallUpdateFunctions () (at /Users/bokken/build/output/unity/unity/Editor/Mono/EditorApplication.cs:392)

]]></stack-trace>
              </failure>
              <output><![CDATA[[AreaTargetPlugin] Path traversal detected in meshFile: '../../../etc/passwd' resolves outside asset directory.
]]></output>
            </test-case>
            <test-case id="1032" name="Load_MissingVersion_ReturnsFalse" fullname="AreaTargetPlugin.Tests.AssetBundleLoaderSecurityTests.Load_MissingVersion_ReturnsFalse" methodname="Load_MissingVersion_ReturnsFalse" classname="AreaTargetPlugin.Tests.AssetBundleLoaderSecurityTests" runstate="Runnable" seed="1037766384" result="Failed" start-time="2026-03-19 09:24:08Z" end-time="2026-03-19 09:24:08Z" duration="0.001635" asserts="0">
              <properties>
                <property name="retryIteration" value="0" />
                <property name="repeatIteration" value="0" />
              </properties>
              <failure>
                <message><![CDATA[Unhandled log message: '[Error] [AreaTargetPlugin] manifest.json missing 'version' field.'. Use UnityEngine.TestTools.LogAssert.Expect]]></message>
                <stack-trace><![CDATA[AreaTargetPlugin.AssetBundleLoader:Load (string) (at /Users/geek/Project/point/unity_plugin/AreaTargetPlugin/Runtime/AssetBundleLoader.cs:115)
AreaTargetPlugin.Tests.AssetBundleLoaderSecurityTests:Load_MissingVersion_ReturnsFalse () (at /Users/geek/Project/point/unity_plugin/AreaTargetPlugin/Tests/AssetBundleLoaderSecurityTests.cs:156)
System.Reflection.MethodBase:Invoke (object,object[])
NUnit.Framework.Internal.Reflect:InvokeMethod (System.Reflection.MethodInfo,object,object[])
NUnit.Framework.Internal.MethodWrapper:Invoke (object,object[])
NUnit.Framework.Internal.Commands.TestMethodCommand:RunNonAsyncTestMethod (NUnit.Framework.Internal.ITestExecutionContext)
NUnit.Framework.Internal.Commands.TestMethodCommand:RunTestMethod (NUnit.Framework.Internal.ITestExecutionContext)
NUnit.Framework.Internal.Commands.TestMethodCommand:Execute (NUnit.Framework.Internal.ITestExecutionContext)
UnityEditor.EditorApplication:Internal_CallUpdateFunctions () (at /Users/bokken/build/output/unity/unity/Editor/Mono/EditorApplication.cs:392)

]]></stack-trace>
              </failure>
              <output><![CDATA[[AreaTargetPlugin] manifest.json missing 'version' field.
]]></output>
            </test-case>
            <test-case id="1037" name="Load_ResetsPreviousState" fullname="AreaTargetPlugin.Tests.AssetBundleLoaderSecurityTests.Load_ResetsPreviousState" methodname="Load_ResetsPreviousState" classname="AreaTargetPlugin.Tests.AssetBundleLoaderSecurityTests" runstate="Runnable" seed="1929444130" result="Failed" start-time="2026-03-19 09:24:08Z" end-time="2026-03-19 09:24:08Z" duration="0.003550" asserts="0">
              <properties>
                <property name="retryIteration" value="0" />
                <property name="repeatIteration" value="0" />
              </properties>
              <failure>
                <message><![CDATA[Unhandled log message: '[Error] [AreaTargetPlugin] Asset directory does not exist: /nonexistent'. Use UnityEngine.TestTools.LogAssert.Expect]]></message>
                <stack-trace><![CDATA[AreaTargetPlugin.AssetBundleLoader:Load (string) (at /Users/geek/Project/point/unity_plugin/AreaTargetPlugin/Runtime/AssetBundleLoader.cs:67)
AreaTargetPlugin.Tests.AssetBundleLoaderSecurityTests:Load_ResetsPreviousState () (at /Users/geek/Project/point/unity_plugin/AreaTargetPlugin/Tests/AssetBundleLoaderSecurityTests.cs:238)
System.Reflection.MethodBase:Invoke (object,object[])
NUnit.Framework.Internal.Reflect:InvokeMethod (System.Reflection.MethodInfo,object,object[])
NUnit.Framework.Internal.MethodWrapper:Invoke (object,object[])
NUnit.Framework.Internal.Commands.TestMethodCommand:RunNonAsyncTestMethod (NUnit.Framework.Internal.ITestExecutionContext)
NUnit.Framework.Internal.Commands.TestMethodCommand:RunTestMethod (NUnit.Framework.Internal.ITestExecutionContext)
NUnit.Framework.Internal.Commands.TestMethodCommand:Execute (NUnit.Framework.Internal.ITestExecutionContext)
UnityEditor.EditorApplication:Internal_CallUpdateFunctions () (at /Users/bokken/build/output/unity/unity/Editor/Mono/EditorApplication.cs:392)

]]></stack-trace>
              </failure>
              <output><![CDATA[[AreaTargetPlugin] Asset directory does not exist: /nonexistent
[AreaTargetPlugin] Asset bundle loaded: test v2.0 (5 keyframes, feature type: ORB)
]]></output>
            </test-case>
            <test-case id="1036" name="Load_SubdirectoryMeshFile_Works" fullname="AreaTargetPlugin.Tests.AssetBundleLoaderSecurityTests.Load_SubdirectoryMeshFile_Works" methodname="Load_SubdirectoryMeshFile_Works" classname="AreaTargetPlugin.Tests.AssetBundleLoaderSecurityTests" runstate="Runnable" seed="629765920" result="Passed" start-time="2026-03-19 09:24:08Z" end-time="2026-03-19 09:24:08Z" duration="0.002366" asserts="0">
              <properties>
                <property name="retryIteration" value="0" />
                <property name="repeatIteration" value="0" />
              </properties>
              <output><![CDATA[[AreaTargetPlugin] Asset bundle loaded: test v2.0 (5 keyframes, feature type: ORB)
]]></output>
            </test-case>
            <test-case id="1035" name="Load_ValidBundle_SetsAllProperties" fullname="AreaTargetPlugin.Tests.AssetBundleLoaderSecurityTests.Load_ValidBundle_SetsAllProperties" methodname="Load_ValidBundle_SetsAllProperties" classname="AreaTargetPlugin.Tests.AssetBundleLoaderSecurityTests" runstate="Runnable" seed="1369266854" result="Passed" start-time="2026-03-19 09:24:08Z" end-time="2026-03-19 09:24:08Z" duration="0.001915" asserts="0">
              <properties>
                <property name="retryIteration" value="0" />
                <property name="repeatIteration" value="0" />
              </properties>
              <output><![CDATA[[AreaTargetPlugin] Asset bundle loaded: test v2.0 (5 keyframes, feature type: ORB)
]]></output>
            </test-case>
            <test-case id="1031" name="Load_WrongFormat_ReturnsFalse" fullname="AreaTargetPlugin.Tests.AssetBundleLoaderSecurityTests.Load_WrongFormat_ReturnsFalse" methodname="Load_WrongFormat_ReturnsFalse" classname="AreaTargetPlugin.Tests.AssetBundleLoaderSecurityTests" runstate="Runnable" seed="919147195" result="Failed" start-time="2026-03-19 09:24:08Z" end-time="2026-03-19 09:24:08Z" duration="0.001648" asserts="0">
              <properties>
                <property name="retryIteration" value="0" />
                <property name="repeatIteration" value="0" />
              </properties>
              <failure>
                <message><![CDATA[Unhandled log message: '[Error] [AreaTargetPlugin] Unsupported asset format: 'obj' (expected: 'glb').'. Use UnityEngine.TestTools.LogAssert.Expect]]></message>
                <stack-trace><![CDATA[AreaTargetPlugin.AssetBundleLoader:Load (string) (at /Users/geek/Project/point/unity_plugin/AreaTargetPlugin/Runtime/AssetBundleLoader.cs:137)
AreaTargetPlugin.Tests.AssetBundleLoaderSecurityTests:Load_WrongFormat_ReturnsFalse () (at /Users/geek/Project/point/unity_plugin/AreaTargetPlugin/Tests/AssetBundleLoaderSecurityTests.cs:135)
System.Reflection.MethodBase:Invoke (object,object[])
NUnit.Framework.Internal.Reflect:InvokeMethod (System.Reflection.MethodInfo,object,object[])
NUnit.Framework.Internal.MethodWrapper:Invoke (object,object[])
NUnit.Framework.Internal.Commands.TestMethodCommand:RunNonAsyncTestMethod (NUnit.Framework.Internal.ITestExecutionContext)
NUnit.Framework.Internal.Commands.TestMethodCommand:RunTestMethod (NUnit.Framework.Internal.ITestExecutionContext)
NUnit.Framework.Internal.Commands.TestMethodCommand:Execute (NUnit.Framework.Internal.ITestExecutionContext)
UnityEditor.EditorApplication:Internal_CallUpdateFunctions () (at /Users/bokken/build/output/unity/unity/Editor/Mono/EditorApplication.cs:392)

]]></stack-trace>
              </failure>
              <output><![CDATA[[AreaTargetPlugin] Unsupported asset format: 'obj' (expected: 'glb').
]]></output>
            </test-case>
          </test-suite>
          <test-suite type="TestFixture" id="1038" name="AssetBundleLoaderTests" fullname="AreaTargetPlugin.Tests.AssetBundleLoaderTests" classname="AreaTargetPlugin.Tests.AssetBundleLoaderTests" runstate="Runnable" testcasecount="15" result="Failed" site="Child" start-time="2026-03-19 09:24:08Z" end-time="2026-03-19 09:24:08Z" duration="0.033029" total="15" passed="3" failed="12" inconclusive="0" skipped="0" asserts="0">
            <properties />
            <failure>
              <message><![CDATA[One or more child tests had errors]]></message>
            </failure>
            <test-case id="1053" name="Load_AfterFailedLoad_ClearsState" fullname="AreaTargetPlugin.Tests.AssetBundleLoaderTests.Load_AfterFailedLoad_ClearsState" methodname="Load_AfterFailedLoad_ClearsState" classname="AreaTargetPlugin.Tests.AssetBundleLoaderTests" runstate="Runnable" seed="1115612614" result="Failed" start-time="2026-03-19 09:24:08Z" end-time="2026-03-19 09:24:08Z" duration="0.004223" asserts="0">
              <properties>
                <property name="retryIteration" value="0" />
                <property name="repeatIteration" value="0" />
              </properties>
              <failure>
                <message><![CDATA[Unhandled log message: '[Error] [AreaTargetPlugin] Asset directory does not exist: /nonexistent'. Use UnityEngine.TestTools.LogAssert.Expect]]></message>
                <stack-trace><![CDATA[AreaTargetPlugin.AssetBundleLoader:Load (string) (at /Users/geek/Project/point/unity_plugin/AreaTargetPlugin/Runtime/AssetBundleLoader.cs:67)
AreaTargetPlugin.Tests.AssetBundleLoaderTests:Load_AfterFailedLoad_ClearsState () (at /Users/geek/Project/point/unity_plugin/AreaTargetPlugin/Tests/AssetBundleLoaderTests.cs:307)
System.Reflection.MethodBase:Invoke (object,object[])
NUnit.Framework.Internal.Reflect:InvokeMethod (System.Reflection.MethodInfo,object,object[])
NUnit.Framework.Internal.MethodWrapper:Invoke (object,object[])
NUnit.Framework.Internal.Commands.TestMethodCommand:RunNonAsyncTestMethod (NUnit.Framework.Internal.ITestExecutionContext)
NUnit.Framework.Internal.Commands.TestMethodCommand:RunTestMethod (NUnit.Framework.Internal.ITestExecutionContext)
NUnit.Framework.Internal.Commands.TestMethodCommand:Execute (NUnit.Framework.Internal.ITestExecutionContext)
UnityEditor.EditorApplication:Internal_CallUpdateFunctions () (at /Users/bokken/build/output/unity/unity/Editor/Mono/EditorApplication.cs:392)

]]></stack-trace>
              </failure>
              <output><![CDATA[[AreaTargetPlugin] Asset directory does not exist: /nonexistent
[AreaTargetPlugin] Asset bundle loaded: test_asset v2.0 (10 keyframes, feature type: ORB)
]]></output>
            </test-case>
            <test-case id="1043" name="Load_EmptyPath_ReturnsFalse" fullname="AreaTargetPlugin.Tests.AssetBundleLoaderTests.Load_EmptyPath_ReturnsFalse" methodname="Load_EmptyPath_ReturnsFalse" classname="AreaTargetPlugin.Tests.AssetBundleLoaderTests" runstate="Runnable" seed="2108178563" result="Failed" start-time="2026-03-19 09:24:08Z" end-time="2026-03-19 09:24:08Z" duration="0.001269" asserts="0">
              <properties>
                <property name="retryIteration" value="0" />
                <property name="repeatIteration" value="0" />
              </properties>
              <failure>
                <message><![CDATA[Unhandled log message: '[Error] [AreaTargetPlugin] Asset path is null or empty.'. Use UnityEngine.TestTools.LogAssert.Expect]]></message>
                <stack-trace><![CDATA[AreaTargetPlugin.AssetBundleLoader:Load (string) (at /Users/geek/Project/point/unity_plugin/AreaTargetPlugin/Runtime/AssetBundleLoader.cs:60)
AreaTargetPlugin.Tests.AssetBundleLoaderTests:Load_EmptyPath_ReturnsFalse () (at /Users/geek/Project/point/unity_plugin/AreaTargetPlugin/Tests/AssetBundleLoaderTests.cs:116)
System.Reflection.MethodBase:Invoke (object,object[])
NUnit.Framework.Internal.Reflect:InvokeMethod (System.Reflection.MethodInfo,object,object[])
NUnit.Framework.Internal.MethodWrapper:Invoke (object,object[])
NUnit.Framework.Internal.Commands.TestMethodCommand:RunNonAsyncTestMethod (NUnit.Framework.Internal.ITestExecutionContext)
NUnit.Framework.Internal.Commands.TestMethodCommand:RunTestMethod (NUnit.Framework.Internal.ITestExecutionContext)
NUnit.Framework.Internal.Commands.TestMethodCommand:Execute (NUnit.Framework.Internal.ITestExecutionContext)
UnityEditor.EditorApplication:Internal_CallUpdateFunctions () (at /Users/bokken/build/output/unity/unity/Editor/Mono/EditorApplication.cs:392)

]]></stack-trace>
              </failure>
              <output><![CDATA[[AreaTargetPlugin] Asset path is null or empty.
]]></output>
            </test-case>
            <test-case id="1048" name="Load_IncompatibleVersion_ReturnsFalse" fullname="AreaTargetPlugin.Tests.AssetBundleLoaderTests.Load_IncompatibleVersion_ReturnsFalse" methodname="Load_IncompatibleVersion_ReturnsFalse" classname="AreaTargetPlugin.Tests.AssetBundleLoaderTests" runstate="Runnable" seed="977447381" result="Failed" start-time="2026-03-19 09:24:08Z" end-time="2026-03-19 09:24:08Z" duration="0.002164" asserts="0">
              <properties>
                <property name="retryIteration" value="0" />
                <property name="repeatIteration" value="0" />
              </properties>
              <failure>
                <message><![CDATA[Unhandled log message: '[Error] [AreaTargetPlugin] Incompatible asset version: 1.0 (supported: 2.0).'. Use UnityEngine.TestTools.LogAssert.Expect]]></message>
                <stack-trace><![CDATA[AreaTargetPlugin.AssetBundleLoader:Load (string) (at /Users/geek/Project/point/unity_plugin/AreaTargetPlugin/Runtime/AssetBundleLoader.cs:122)
AreaTargetPlugin.Tests.AssetBundleLoaderTests:Load_IncompatibleVersion_ReturnsFalse () (at /Users/geek/Project/point/unity_plugin/AreaTargetPlugin/Tests/AssetBundleLoaderTests.cs:203)
System.Reflection.MethodBase:Invoke (object,object[])
NUnit.Framework.Internal.Reflect:InvokeMethod (System.Reflection.MethodInfo,object,object[])
NUnit.Framework.Internal.MethodWrapper:Invoke (object,object[])
NUnit.Framework.Internal.Commands.TestMethodCommand:RunNonAsyncTestMethod (NUnit.Framework.Internal.ITestExecutionContext)
NUnit.Framework.Internal.Commands.TestMethodCommand:RunTestMethod (NUnit.Framework.Internal.ITestExecutionContext)
NUnit.Framework.Internal.Commands.TestMethodCommand:Execute (NUnit.Framework.Internal.ITestExecutionContext)
UnityEditor.EditorApplication:Internal_CallUpdateFunctions () (at /Users/bokken/build/output/unity/unity/Editor/Mono/EditorApplication.cs:392)

]]></stack-trace>
              </failure>
              <output><![CDATA[[AreaTargetPlugin] Incompatible asset version: 1.0 (supported: 2.0).
]]></output>
            </test-case>
            <test-case id="1046" name="Load_InvalidJsonManifest_ReturnsFalse" fullname="AreaTargetPlugin.Tests.AssetBundleLoaderTests.Load_InvalidJsonManifest_ReturnsFalse" methodname="Load_InvalidJsonManifest_ReturnsFalse" classname="AreaTargetPlugin.Tests.AssetBundleLoaderTests" runstate="Runnable" seed="1704222352" result="Failed" start-time="2026-03-19 09:24:08Z" end-time="2026-03-19 09:24:08Z" duration="0.001334" asserts="0">
              <properties>
                <property name="retryIteration" value="0" />
                <property name="repeatIteration" value="0" />
              </properties>
              <failure>
                <message><![CDATA[Unhandled log message: '[Error] [AreaTargetPlugin] Failed to parse manifest.json: JSON parse error: Invalid value.'. Use UnityEngine.TestTools.LogAssert.Expect]]></message>
                <stack-trace><![CDATA[AreaTargetPlugin.AssetBundleLoader:Load (string) (at /Users/geek/Project/point/unity_plugin/AreaTargetPlugin/Runtime/AssetBundleLoader.cs:100)
AreaTargetPlugin.Tests.AssetBundleLoaderTests:Load_InvalidJsonManifest_ReturnsFalse () (at /Users/geek/Project/point/unity_plugin/AreaTargetPlugin/Tests/AssetBundleLoaderTests.cs:160)
System.Reflection.MethodBase:Invoke (object,object[])
NUnit.Framework.Internal.Reflect:InvokeMethod (System.Reflection.MethodInfo,object,object[])
NUnit.Framework.Internal.MethodWrapper:Invoke (object,object[])
NUnit.Framework.Internal.Commands.TestMethodCommand:RunNonAsyncTestMethod (NUnit.Framework.Internal.ITestExecutionContext)
NUnit.Framework.Internal.Commands.TestMethodCommand:RunTestMethod (NUnit.Framework.Internal.ITestExecutionContext)
NUnit.Framework.Internal.Commands.TestMethodCommand:Execute (NUnit.Framework.Internal.ITestExecutionContext)
UnityEditor.EditorApplication:Internal_CallUpdateFunctions () (at /Users/bokken/build/output/unity/unity/Editor/Mono/EditorApplication.cs:392)

]]></stack-trace>
              </failure>
              <output><![CDATA[[AreaTargetPlugin] Failed to parse manifest.json: JSON parse error: Invalid value.
]]></output>
            </test-case>
            <test-case id="1052" name="Load_ManifestMissingFeatureDbFile_ReturnsFalse" fullname="AreaTargetPlugin.Tests.AssetBundleLoaderTests.Load_ManifestMissingFeatureDbFile_ReturnsFalse" methodname="Load_ManifestMissingFeatureDbFile_ReturnsFalse" classname="AreaTargetPlugin.Tests.AssetBundleLoaderTests" runstate="Runnable" seed="998227465" result="Failed" start-time="2026-03-19 09:24:08Z" end-time="2026-03-19 09:24:08Z" duration="0.003802" asserts="0">
              <properties>
                <property name="retryIteration" value="0" />
                <property name="repeatIteration" value="0" />
              </properties>
              <failure>
                <message><![CDATA[Unhandled log message: '[Error] [AreaTargetPlugin] manifest.json missing 'featureDbFile' field.'. Use UnityEngine.TestTools.LogAssert.Expect]]></message>
                <stack-trace><![CDATA[AreaTargetPlugin.AssetBundleLoader:Load (string) (at /Users/geek/Project/point/unity_plugin/AreaTargetPlugin/Runtime/AssetBundleLoader.cs:144)
AreaTargetPlugin.Tests.AssetBundleLoaderTests:Load_ManifestMissingFeatureDbFile_ReturnsFalse () (at /Users/geek/Project/point/unity_plugin/AreaTargetPlugin/Tests/AssetBundleLoaderTests.cs:293)
System.Reflection.MethodBase:Invoke (object,object[])
NUnit.Framework.Internal.Reflect:InvokeMethod (System.Reflection.MethodInfo,object,object[])
NUnit.Framework.Internal.MethodWrapper:Invoke (object,object[])
NUnit.Framework.Internal.Commands.TestMethodCommand:RunNonAsyncTestMethod (NUnit.Framework.Internal.ITestExecutionContext)
NUnit.Framework.Internal.Commands.TestMethodCommand:RunTestMethod (NUnit.Framework.Internal.ITestExecutionContext)
NUnit.Framework.Internal.Commands.TestMethodCommand:Execute (NUnit.Framework.Internal.ITestExecutionContext)
UnityEditor.EditorApplication:Internal_CallUpdateFunctions () (at /Users/bokken/build/output/unity/unity/Editor/Mono/EditorApplication.cs:392)

]]></stack-trace>
              </failure>
              <output><![CDATA[[AreaTargetPlugin] manifest.json missing 'featureDbFile' field.
]]></output>
            </test-case>
            <test-case id="1051" name="Load_ManifestMissingMeshFile_ReturnsFalse" fullname="AreaTargetPlugin.Tests.AssetBundleLoaderTests.Load_ManifestMissingMeshFile_ReturnsFalse" methodname="Load_ManifestMissingMeshFile_ReturnsFalse" classname="AreaTargetPlugin.Tests.AssetBundleLoaderTests" runstate="Runnable" seed="1577244531" result="Failed" start-time="2026-03-19 09:24:08Z" end-time="2026-03-19 09:24:08Z" duration="0.001756" asserts="0">
              <properties>
                <property name="retryIteration" value="0" />
                <property name="repeatIteration" value="0" />
              </properties>
              <failure>
                <message><![CDATA[Unhandled log message: '[Error] [AreaTargetPlugin] manifest.json missing 'meshFile' field.'. Use UnityEngine.TestTools.LogAssert.Expect]]></message>
                <stack-trace><![CDATA[AreaTargetPlugin.AssetBundleLoader:Load (string) (at /Users/geek/Project/point/unity_plugin/AreaTargetPlugin/Runtime/AssetBundleLoader.cs:130)
AreaTargetPlugin.Tests.AssetBundleLoaderTests:Load_ManifestMissingMeshFile_ReturnsFalse () (at /Users/geek/Project/point/unity_plugin/AreaTargetPlugin/Tests/AssetBundleLoaderTests.cs:274)
System.Reflection.MethodBase:Invoke (object,object[])
NUnit.Framework.Internal.Reflect:InvokeMethod (System.Reflection.MethodInfo,object,object[])
NUnit.Framework.Internal.MethodWrapper:Invoke (object,object[])
NUnit.Framework.Internal.Commands.TestMethodCommand:RunNonAsyncTestMethod (NUnit.Framework.Internal.ITestExecutionContext)
NUnit.Framework.Internal.Commands.TestMethodCommand:RunTestMethod (NUnit.Framework.Internal.ITestExecutionContext)
NUnit.Framework.Internal.Commands.TestMethodCommand:Execute (NUnit.Framework.Internal.ITestExecutionContext)
UnityEditor.EditorApplication:Internal_CallUpdateFunctions () (at /Users/bokken/build/output/unity/unity/Editor/Mono/EditorApplication.cs:392)

]]></stack-trace>
              </failure>
              <output><![CDATA[[AreaTargetPlugin] manifest.json missing 'meshFile' field.
]]></output>
            </test-case>
            <test-case id="1047" name="Load_ManifestMissingVersion_ReturnsFalse" fullname="AreaTargetPlugin.Tests.AssetBundleLoaderTests.Load_ManifestMissingVersion_ReturnsFalse" methodname="Load_ManifestMissingVersion_ReturnsFalse" classname="AreaTargetPlugin.Tests.AssetBundleLoaderTests" runstate="Runnable" seed="474888400" result="Failed" start-time="2026-03-19 09:24:08Z" end-time="2026-03-19 09:24:08Z" duration="0.001649" asserts="0">
              <properties>
                <property name="retryIteration" value="0" />
                <property name="repeatIteration" value="0" />
              </properties>
              <failure>
                <message><![CDATA[Unhandled log message: '[Error] [AreaTargetPlugin] manifest.json missing 'version' field.'. Use UnityEngine.TestTools.LogAssert.Expect]]></message>
                <stack-trace><![CDATA[AreaTargetPlugin.AssetBundleLoader:Load (string) (at /Users/geek/Project/point/unity_plugin/AreaTargetPlugin/Runtime/AssetBundleLoader.cs:115)
AreaTargetPlugin.Tests.AssetBundleLoaderTests:Load_ManifestMissingVersion_ReturnsFalse () (at /Users/geek/Project/point/unity_plugin/AreaTargetPlugin/Tests/AssetBundleLoaderTests.cs:181)
System.Reflection.MethodBase:Invoke (object,object[])
NUnit.Framework.Internal.Reflect:InvokeMethod (System.Reflection.MethodInfo,object,object[])
NUnit.Framework.Internal.MethodWrapper:Invoke (object,object[])
NUnit.Framework.Internal.Commands.TestMethodCommand:RunNonAsyncTestMethod (NUnit.Framework.Internal.ITestExecutionContext)
NUnit.Framework.Internal.Commands.TestMethodCommand:RunTestMethod (NUnit.Framework.Internal.ITestExecutionContext)
NUnit.Framework.Internal.Commands.TestMethodCommand:Execute (NUnit.Framework.Internal.ITestExecutionContext)
UnityEditor.EditorApplication:Internal_CallUpdateFunctions () (at /Users/bokken/build/output/unity/unity/Editor/Mono/EditorApplication.cs:392)

]]></stack-trace>
              </failure>
              <output><![CDATA[[AreaTargetPlugin] manifest.json missing 'version' field.
]]></output>
            </test-case>
            <test-case id="1050" name="Load_MissingFeatureDb_ReturnsFalse" fullname="AreaTargetPlugin.Tests.AssetBundleLoaderTests.Load_MissingFeatureDb_ReturnsFalse" methodname="Load_MissingFeatureDb_ReturnsFalse" classname="AreaTargetPlugin.Tests.AssetBundleLoaderTests" runstate="Runnable" seed="880507196" result="Failed" start-time="2026-03-19 09:24:08Z" end-time="2026-03-19 09:24:08Z" duration="0.001660" asserts="0">
              <properties>
                <property name="retryIteration" value="0" />
                <property name="repeatIteration" value="0" />
              </properties>
              <failure>
                <message><![CDATA[Unhandled log message: '[Error] [AreaTargetPlugin] Feature database not found: features.db'. Use UnityEngine.TestTools.LogAssert.Expect]]></message>
                <stack-trace><![CDATA[AreaTargetPlugin.AssetBundleLoader:Load (string) (at /Users/geek/Project/point/unity_plugin/AreaTargetPlugin/Runtime/AssetBundleLoader.cs:177)
AreaTargetPlugin.Tests.AssetBundleLoaderTests:Load_MissingFeatureDb_ReturnsFalse () (at /Users/geek/Project/point/unity_plugin/AreaTargetPlugin/Tests/AssetBundleLoaderTests.cs:251)
System.Reflection.MethodBase:Invoke (object,object[])
NUnit.Framework.Internal.Reflect:InvokeMethod (System.Reflection.MethodInfo,object,object[])
NUnit.Framework.Internal.MethodWrapper:Invoke (object,object[])
NUnit.Framework.Internal.Commands.TestMethodCommand:RunNonAsyncTestMethod (NUnit.Framework.Internal.ITestExecutionContext)
NUnit.Framework.Internal.Commands.TestMethodCommand:RunTestMethod (NUnit.Framework.Internal.ITestExecutionContext)
NUnit.Framework.Internal.Commands.TestMethodCommand:Execute (NUnit.Framework.Internal.ITestExecutionContext)
UnityEditor.EditorApplication:Internal_CallUpdateFunctions () (at /Users/bokken/build/output/unity/unity/Editor/Mono/EditorApplication.cs:392)

]]></stack-trace>
              </failure>
              <output><![CDATA[[AreaTargetPlugin] Feature database not found: features.db
]]></output>
            </test-case>
            <test-case id="1045" name="Load_MissingManifest_ReturnsFalse" fullname="AreaTargetPlugin.Tests.AssetBundleLoaderTests.Load_MissingManifest_ReturnsFalse" methodname="Load_MissingManifest_ReturnsFalse" classname="AreaTargetPlugin.Tests.AssetBundleLoaderTests" runstate="Runnable" seed="2135131147" result="Failed" start-time="2026-03-19 09:24:08Z" end-time="2026-03-19 09:24:08Z" duration="0.000917" asserts="0">
              <properties>
                <property name="retryIteration" value="0" />
                <property name="repeatIteration" value="0" />
              </properties>
              <failure>
                <message><![CDATA[Unhandled log message: '[Error] [AreaTargetPlugin] manifest.json not found in: /var/folders/rd/gp2c7frd3797hc3mqyvhmm0w0000gn/T/AreaTargetPluginTests_8898c4b4ee5348218ac070911267c61f/no_manifest'. Use UnityEngine.TestTools.LogAssert.Expect]]></message>
                <stack-trace><![CDATA[AreaTargetPlugin.AssetBundleLoader:Load (string) (at /Users/geek/Project/point/unity_plugin/AreaTargetPlugin/Runtime/AssetBundleLoader.cs:76)
AreaTargetPlugin.Tests.AssetBundleLoaderTests:Load_MissingManifest_ReturnsFalse () (at /Users/geek/Project/point/unity_plugin/AreaTargetPlugin/Tests/AssetBundleLoaderTests.cs:143)
System.Reflection.MethodBase:Invoke (object,object[])
NUnit.Framework.Internal.Reflect:InvokeMethod (System.Reflection.MethodInfo,object,object[])
NUnit.Framework.Internal.MethodWrapper:Invoke (object,object[])
NUnit.Framework.Internal.Commands.TestMethodCommand:RunNonAsyncTestMethod (NUnit.Framework.Internal.ITestExecutionContext)
NUnit.Framework.Internal.Commands.TestMethodCommand:RunTestMethod (NUnit.Framework.Internal.ITestExecutionContext)
NUnit.Framework.Internal.Commands.TestMethodCommand:Execute (NUnit.Framework.Internal.ITestExecutionContext)
UnityEditor.EditorApplication:Internal_CallUpdateFunctions () (at /Users/bokken/build/output/unity/unity/Editor/Mono/EditorApplication.cs:392)

]]></stack-trace>
              </failure>
              <output><![CDATA[[AreaTargetPlugin] manifest.json not found in: /var/folders/rd/gp2c7frd3797hc3mqyvhmm0w0000gn/T/AreaTargetPluginTests_8898c4b4ee5348218ac070911267c61f/no_manifest
]]></output>
            </test-case>
            <test-case id="1049" name="Load_MissingMeshFile_ReturnsFalse" fullname="AreaTargetPlugin.Tests.AssetBundleLoaderTests.Load_MissingMeshFile_ReturnsFalse" methodname="Load_MissingMeshFile_ReturnsFalse" classname="AreaTargetPlugin.Tests.AssetBundleLoaderTests" runstate="Runnable" seed="108583035" result="Failed" start-time="2026-03-19 09:24:08Z" end-time="2026-03-19 09:24:08Z" duration="0.002940" asserts="0">
              <properties>
                <property name="retryIteration" value="0" />
                <property name="repeatIteration" value="0" />
              </properties>
              <failure>
                <message><![CDATA[Unhandled log message: '[Error] [AreaTargetPlugin] Mesh file not found: optimized.glb'. Use UnityEngine.TestTools.LogAssert.Expect]]></message>
                <stack-trace><![CDATA[AreaTargetPlugin.AssetBundleLoader:Load (string) (at /Users/geek/Project/point/unity_plugin/AreaTargetPlugin/Runtime/AssetBundleLoader.cs:170)
AreaTargetPlugin.Tests.AssetBundleLoaderTests:Load_MissingMeshFile_ReturnsFalse () (at /Users/geek/Project/point/unity_plugin/AreaTargetPlugin/Tests/AssetBundleLoaderTests.cs:229)
System.Reflection.MethodBase:Invoke (object,object[])
NUnit.Framework.Internal.Reflect:InvokeMethod (System.Reflection.MethodInfo,object,object[])
NUnit.Framework.Internal.MethodWrapper:Invoke (object,object[])
NUnit.Framework.Internal.Commands.TestMethodCommand:RunNonAsyncTestMethod (NUnit.Framework.Internal.ITestExecutionContext)
NUnit.Framework.Internal.Commands.TestMethodCommand:RunTestMethod (NUnit.Framework.Internal.ITestExecutionContext)
NUnit.Framework.Internal.Commands.TestMethodCommand:Execute (NUnit.Framework.Internal.ITestExecutionContext)
UnityEditor.EditorApplication:Internal_CallUpdateFunctions () (at /Users/bokken/build/output/unity/unity/Editor/Mono/EditorApplication.cs:392)

]]></stack-trace>
              </failure>
              <output><![CDATA[[AreaTargetPlugin] Mesh file not found: optimized.glb
]]></output>
            </test-case>
            <test-case id="1044" name="Load_NonExistentDirectory_ReturnsFalse" fullname="AreaTargetPlugin.Tests.AssetBundleLoaderTests.Load_NonExistentDirectory_ReturnsFalse" methodname="Load_NonExistentDirectory_ReturnsFalse" classname="AreaTargetPlugin.Tests.AssetBundleLoaderTests" runstate="Runnable" seed="987546976" result="Failed" start-time="2026-03-19 09:24:08Z" end-time="2026-03-19 09:24:08Z" duration="0.000932" asserts="0">
              <properties>
                <property name="retryIteration" value="0" />
                <property name="repeatIteration" value="0" />
              </properties>
              <failure>
                <message><![CDATA[Unhandled log message: '[Error] [AreaTargetPlugin] Asset directory does not exist: /nonexistent/path/to/asset'. Use UnityEngine.TestTools.LogAssert.Expect]]></message>
                <stack-trace><![CDATA[AreaTargetPlugin.AssetBundleLoader:Load (string) (at /Users/geek/Project/point/unity_plugin/AreaTargetPlugin/Runtime/AssetBundleLoader.cs:67)
AreaTargetPlugin.Tests.AssetBundleLoaderTests:Load_NonExistentDirectory_ReturnsFalse () (at /Users/geek/Project/point/unity_plugin/AreaTargetPlugin/Tests/AssetBundleLoaderTests.cs:126)
System.Reflection.MethodBase:Invoke (object,object[])
NUnit.Framework.Internal.Reflect:InvokeMethod (System.Reflection.MethodInfo,object,object[])
NUnit.Framework.Internal.MethodWrapper:Invoke (object,object[])
NUnit.Framework.Internal.Commands.TestMethodCommand:RunNonAsyncTestMethod (NUnit.Framework.Internal.ITestExecutionContext)
NUnit.Framework.Internal.Commands.TestMethodCommand:RunTestMethod (NUnit.Framework.Internal.ITestExecutionContext)
NUnit.Framework.Internal.Commands.TestMethodCommand:Execute (NUnit.Framework.Internal.ITestExecutionContext)
UnityEditor.EditorApplication:Internal_CallUpdateFunctions () (at /Users/bokken/build/output/unity/unity/Editor/Mono/EditorApplication.cs:392)

]]></stack-trace>
              </failure>
              <output><![CDATA[[AreaTargetPlugin] Asset directory does not exist: /nonexistent/path/to/asset
]]></output>
            </test-case>
            <test-case id="1042" name="Load_NullPath_ReturnsFalse" fullname="AreaTargetPlugin.Tests.AssetBundleLoaderTests.Load_NullPath_ReturnsFalse" methodname="Load_NullPath_ReturnsFalse" classname="AreaTargetPlugin.Tests.AssetBundleLoaderTests" runstate="Runnable" seed="299235291" result="Failed" start-time="2026-03-19 09:24:08Z" end-time="2026-03-19 09:24:08Z" duration="0.000729" asserts="0">
              <properties>
[...]
                <properties>
                  <property name="retryIteration" value="0" />
                  <property name="repeatIteration" value="0" />
                </properties>
              </test-case>
              <test-case id="1292" name="P6_PoseSequence_Case14" fullname="AreaTargetPlugin.Tests.PoseSmoothingPropertyTests.P6_PoseSequence_Case14" methodname="P6_SmoothedPoseSequence_EachStepWithinBounds" classname="AreaTargetPlugin.Tests.PoseSmoothingPropertyTests" runstate="Runnable" seed="1479543423" result="Passed" start-time="2026-03-19 09:24:10Z" end-time="2026-03-19 09:24:10Z" duration="0.000204" asserts="0">
                <properties>
                  <property name="retryIteration" value="0" />
                  <property name="repeatIteration" value="0" />
                </properties>
              </test-case>
              <test-case id="1293" name="P6_PoseSequence_Case15" fullname="AreaTargetPlugin.Tests.PoseSmoothingPropertyTests.P6_PoseSequence_Case15" methodname="P6_SmoothedPoseSequence_EachStepWithinBounds" classname="AreaTargetPlugin.Tests.PoseSmoothingPropertyTests" runstate="Runnable" seed="1297220680" result="Passed" start-time="2026-03-19 09:24:10Z" end-time="2026-03-19 09:24:10Z" duration="0.000208" asserts="0">
                <properties>
                  <property name="retryIteration" value="0" />
                  <property name="repeatIteration" value="0" />
                </properties>
              </test-case>
              <test-case id="1294" name="P6_PoseSequence_Case16" fullname="AreaTargetPlugin.Tests.PoseSmoothingPropertyTests.P6_PoseSequence_Case16" methodname="P6_SmoothedPoseSequence_EachStepWithinBounds" classname="AreaTargetPlugin.Tests.PoseSmoothingPropertyTests" runstate="Runnable" seed="1476931688" result="Passed" start-time="2026-03-19 09:24:10Z" end-time="2026-03-19 09:24:10Z" duration="0.000209" asserts="0">
                <properties>
                  <property name="retryIteration" value="0" />
                  <property name="repeatIteration" value="0" />
                </properties>
              </test-case>
              <test-case id="1295" name="P6_PoseSequence_Case17" fullname="AreaTargetPlugin.Tests.PoseSmoothingPropertyTests.P6_PoseSequence_Case17" methodname="P6_SmoothedPoseSequence_EachStepWithinBounds" classname="AreaTargetPlugin.Tests.PoseSmoothingPropertyTests" runstate="Runnable" seed="745834938" result="Passed" start-time="2026-03-19 09:24:10Z" end-time="2026-03-19 09:24:10Z" duration="0.000206" asserts="0">
                <properties>
                  <property name="retryIteration" value="0" />
                  <property name="repeatIteration" value="0" />
                </properties>
              </test-case>
              <test-case id="1296" name="P6_PoseSequence_Case18" fullname="AreaTargetPlugin.Tests.PoseSmoothingPropertyTests.P6_PoseSequence_Case18" methodname="P6_SmoothedPoseSequence_EachStepWithinBounds" classname="AreaTargetPlugin.Tests.PoseSmoothingPropertyTests" runstate="Runnable" seed="1780625058" result="Passed" start-time="2026-03-19 09:24:10Z" end-time="2026-03-19 09:24:10Z" duration="0.000268" asserts="0">
                <properties>
                  <property name="retryIteration" value="0" />
                  <property name="repeatIteration" value="0" />
                </properties>
              </test-case>
              <test-case id="1297" name="P6_PoseSequence_Case19" fullname="AreaTargetPlugin.Tests.PoseSmoothingPropertyTests.P6_PoseSequence_Case19" methodname="P6_SmoothedPoseSequence_EachStepWithinBounds" classname="AreaTargetPlugin.Tests.PoseSmoothingPropertyTests" runstate="Runnable" seed="1216087307" result="Passed" start-time="2026-03-19 09:24:10Z" end-time="2026-03-19 09:24:10Z" duration="0.000256" asserts="0">
                <properties>
                  <property name="retryIteration" value="0" />
                  <property name="repeatIteration" value="0" />
                </properties>
              </test-case>
            </test-suite>
          </test-suite>
          <test-suite type="TestFixture" id="1299" name="TrackingStateTests" fullname="AreaTargetPlugin.Tests.TrackingStateTests" classname="AreaTargetPlugin.Tests.TrackingStateTests" runstate="Runnable" testcasecount="8" result="Failed" site="Child" start-time="2026-03-19 09:24:10Z" end-time="2026-03-19 09:24:10Z" duration="0.005887" total="8" passed="7" failed="1" inconclusive="0" skipped="0" asserts="0">
            <properties />
            <failure>
              <message><![CDATA[One or more child tests had errors]]></message>
            </failure>
            <test-case id="1307" name="Dispose_CalledMultipleTimes_DoesNotThrow" fullname="AreaTargetPlugin.Tests.TrackingStateTests.Dispose_CalledMultipleTimes_DoesNotThrow" methodname="Dispose_CalledMultipleTimes_DoesNotThrow" classname="AreaTargetPlugin.Tests.TrackingStateTests" runstate="Runnable" seed="721480499" result="Passed" start-time="2026-03-19 09:24:10Z" end-time="2026-03-19 09:24:10Z" duration="0.000741" asserts="0">
              <properties>
                <property name="retryIteration" value="0" />
                <property name="repeatIteration" value="0" />
              </properties>
              <output><![CDATA[[AreaTargetPlugin] Tracker disposed.
]]></output>
            </test-case>
            <test-case id="1305" name="Dispose_SetsStateToLost" fullname="AreaTargetPlugin.Tests.TrackingStateTests.Dispose_SetsStateToLost" methodname="Dispose_SetsStateToLost" classname="AreaTargetPlugin.Tests.TrackingStateTests" runstate="Runnable" seed="429593465" result="Passed" start-time="2026-03-19 09:24:10Z" end-time="2026-03-19 09:24:10Z" duration="0.000445" asserts="0">
              <properties>
                <property name="retryIteration" value="0" />
                <property name="repeatIteration" value="0" />
              </properties>
              <output><![CDATA[[AreaTargetPlugin] Tracker disposed.
]]></output>
            </test-case>
            <test-case id="1306" name="Initialize_AfterDispose_ReturnsFalse" fullname="AreaTargetPlugin.Tests.TrackingStateTests.Initialize_AfterDispose_ReturnsFalse" methodname="Initialize_AfterDispose_ReturnsFalse" classname="AreaTargetPlugin.Tests.TrackingStateTests" runstate="Runnable" seed="3019208" result="Failed" start-time="2026-03-19 09:24:10Z" end-time="2026-03-19 09:24:10Z" duration="0.000763" asserts="0">
              <properties>
                <property name="retryIteration" value="0" />
                <property name="repeatIteration" value="0" />
              </properties>
              <failure>
                <message><![CDATA[Unhandled log message: '[Error] [AreaTargetPlugin] Cannot initialize a disposed tracker.'. Use UnityEngine.TestTools.LogAssert.Expect]]></message>
                <stack-trace><![CDATA[AreaTargetPlugin.AreaTargetTracker:Initialize (string) (at /Users/geek/Project/point/unity_plugin/AreaTargetPlugin/Runtime/AreaTargetTracker.cs:37)
AreaTargetPlugin.Tests.TrackingStateTests:Initialize_AfterDispose_ReturnsFalse () (at /Users/geek/Project/point/unity_plugin/AreaTargetPlugin/Tests/TrackingStateTests.cs:101)
System.Reflection.MethodBase:Invoke (object,object[])
NUnit.Framework.Internal.Reflect:InvokeMethod (System.Reflection.MethodInfo,object,object[])
NUnit.Framework.Internal.MethodWrapper:Invoke (object,object[])
NUnit.Framework.Internal.Commands.TestMethodCommand:RunNonAsyncTestMethod (NUnit.Framework.Internal.ITestExecutionContext)
NUnit.Framework.Internal.Commands.TestMethodCommand:RunTestMethod (NUnit.Framework.Internal.ITestExecutionContext)
NUnit.Framework.Internal.Commands.TestMethodCommand:Execute (NUnit.Framework.Internal.ITestExecutionContext)
UnityEditor.EditorApplication:Internal_CallUpdateFunctions () (at /Users/bokken/build/output/unity/unity/Editor/Mono/EditorApplication.cs:392)

]]></stack-trace>
              </failure>
              <output><![CDATA[[AreaTargetPlugin] Tracker disposed.
[AreaTargetPlugin] Cannot initialize a disposed tracker.
]]></output>
            </test-case>
            <test-case id="1300" name="NewTracker_InitialState_IsInitializing" fullname="AreaTargetPlugin.Tests.TrackingStateTests.NewTracker_InitialState_IsInitializing" methodname="NewTracker_InitialState_IsInitializing" classname="AreaTargetPlugin.Tests.TrackingStateTests" runstate="Runnable" seed="2044464157" result="Passed" start-time="2026-03-19 09:24:10Z" end-time="2026-03-19 09:24:10Z" duration="0.000398" asserts="0">
              <properties>
                <property name="retryIteration" value="0" />
                <property name="repeatIteration" value="0" />
              </properties>
              <output><![CDATA[[AreaTargetPlugin] Tracker disposed.
]]></output>
            </test-case>
            <test-case id="1302" name="ProcessFrame_AfterDispose_ReturnsLost" fullname="AreaTargetPlugin.Tests.TrackingStateTests.ProcessFrame_AfterDispose_ReturnsLost" methodname="ProcessFrame_AfterDispose_ReturnsLost" classname="AreaTargetPlugin.Tests.TrackingStateTests" runstate="Runnable" seed="764876150" result="Passed" start-time="2026-03-19 09:24:10Z" end-time="2026-03-19 09:24:10Z" duration="0.000498" asserts="0">
              <properties>
                <property name="retryIteration" value="0" />
                <property name="repeatIteration" value="0" />
              </properties>
              <output><![CDATA[[AreaTargetPlugin] Tracker disposed.
]]></output>
            </test-case>
            <test-case id="1301" name="ProcessFrame_NotInitialized_ReturnsLost" fullname="AreaTargetPlugin.Tests.TrackingStateTests.ProcessFrame_NotInitialized_ReturnsLost" methodname="ProcessFrame_NotInitialized_ReturnsLost" classname="AreaTargetPlugin.Tests.TrackingStateTests" runstate="Runnable" seed="210831733" result="Passed" start-time="2026-03-19 09:24:10Z" end-time="2026-03-19 09:24:10Z" duration="0.000429" asserts="0">
              <properties>
                <property name="retryIteration" value="0" />
                <property name="repeatIteration" value="0" />
              </properties>
              <output><![CDATA[[AreaTargetPlugin] Tracker disposed.
]]></output>
            </test-case>
            <test-case id="1303" name="Reset_SetsStateToInitializing" fullname="AreaTargetPlugin.Tests.TrackingStateTests.Reset_SetsStateToInitializing" methodname="Reset_SetsStateToInitializing" classname="AreaTargetPlugin.Tests.TrackingStateTests" runstate="Runnable" seed="460131891" result="Passed" start-time="2026-03-19 09:24:10Z" end-time="2026-03-19 09:24:10Z" duration="0.000713" asserts="0">
              <properties>
                <property name="retryIteration" value="0" />
                <property name="repeatIteration" value="0" />
              </properties>
              <output><![CDATA[[AreaTargetPlugin] Tracker reset.
[AreaTargetPlugin] Tracker disposed.
]]></output>
            </test-case>
            <test-case id="1304" name="Reset_WhenNotInitialized_DoesNotThrow" fullname="AreaTargetPlugin.Tests.TrackingStateTests.Reset_WhenNotInitialized_DoesNotThrow" methodname="Reset_WhenNotInitialized_DoesNotThrow" classname="AreaTargetPlugin.Tests.TrackingStateTests" runstate="Runnable" seed="1156241504" result="Passed" start-time="2026-03-19 09:24:10Z" end-time="2026-03-19 09:24:10Z" duration="0.000799" asserts="0">
              <properties>
                <property name="retryIteration" value="0" />
                <property name="repeatIteration" value="0" />
              </properties>
              <output><![CDATA[[AreaTargetPlugin] Tracker reset.
[AreaTargetPlugin] Tracker disposed.
]]></output>
            </test-case>
          </test-suite>
          <test-suite type="TestFixture" id="1308" name="VisualLocalizationTests" fullname="AreaTargetPlugin.Tests.VisualLocalizationTests" classname="AreaTargetPlugin.Tests.VisualLocalizationTests" runstate="Runnable" testcasecount="11" result="Passed" start-time="2026-03-19 09:24:10Z" end-time="2026-03-19 09:24:10Z" duration="0.004509" total="11" passed="11" failed="0" inconclusive="0" skipped="0" asserts="0">
            <properties />
            <test-case id="1317" name="ComposePoseMatrix_IdentityRotation_ReturnsCorrectMatrix" fullname="AreaTargetPlugin.Tests.VisualLocalizationTests.ComposePoseMatrix_IdentityRotation_ReturnsCorrectMatrix" methodname="ComposePoseMatrix_IdentityRotation_ReturnsCorrectMatrix" classname="AreaTargetPlugin.Tests.VisualLocalizationTests" runstate="Runnable" seed="577342531" result="Passed" start-time="2026-03-19 09:24:10Z" end-time="2026-03-19 09:24:10Z" duration="0.000293" asserts="0">
              <properties>
                <property name="retryIteration" value="0" />
                <property name="repeatIteration" value="0" />
              </properties>
            </test-case>
            <test-case id="1318" name="ComposePoseMatrix_NonTrivialRotation_ProducesValidRigidTransform" fullname="AreaTargetPlugin.Tests.VisualLocalizationTests.ComposePoseMatrix_NonTrivialRotation_ProducesValidRigidTransform" methodname="ComposePoseMatrix_NonTrivialRotation_ProducesValidRigidTransform" classname="AreaTargetPlugin.Tests.VisualLocalizationTests" runstate="Runnable" seed="2065628071" result="Passed" start-time="2026-03-19 09:24:10Z" end-time="2026-03-19 09:24:10Z" duration="0.000113" asserts="0">
              <properties>
                <property name="retryIteration" value="0" />
                <property name="repeatIteration" value="0" />
              </properties>
            </test-case>
            <test-case id="1316" name="Confidence_With0Inliers_Returns0" fullname="AreaTargetPlugin.Tests.VisualLocalizationTests.Confidence_With0Inliers_Returns0" methodname="Confidence_With0Inliers_Returns0" classname="AreaTargetPlugin.Tests.VisualLocalizationTests" runstate="Runnable" seed="539820468" result="Passed" start-time="2026-03-19 09:24:10Z" end-time="2026-03-19 09:24:10Z" duration="0.000061" asserts="0">
              <properties>
                <property name="retryIteration" value="0" />
                <property name="repeatIteration" value="0" />
              </properties>
            </test-case>
            <test-case id="1314" name="Confidence_With100Inliers_Returns1Point0" fullname="AreaTargetPlugin.Tests.VisualLocalizationTests.Confidence_With100Inliers_Returns1Point0" methodname="Confidence_With100Inliers_Returns1Point0" classname="AreaTargetPlugin.Tests.VisualLocalizationTests" runstate="Runnable" seed="1126815541" result="Passed" start-time="2026-03-19 09:24:10Z" end-time="2026-03-19 09:24:10Z" duration="0.000053" asserts="0">
              <properties>
                <property name="retryIteration" value="0" />
                <property name="repeatIteration" value="0" />
              </properties>
            </test-case>
            <test-case id="1315" name="Confidence_With200Inliers_ClampedTo1Point0" fullname="AreaTargetPlugin.Tests.VisualLocalizationTests.Confidence_With200Inliers_ClampedTo1Point0" methodname="Confidence_With200Inliers_ClampedTo1Point0" classname="AreaTargetPlugin.Tests.VisualLocalizationTests" runstate="Runnable" seed="558458615" result="Passed" start-time="2026-03-19 09:24:10Z" end-time="2026-03-19 09:24:10Z" duration="0.000048" asserts="0">
              <properties>
                <property name="retryIteration" value="0" />
                <property name="repeatIteration" value="0" />
              </properties>
            </test-case>
            <test-case id="1312" name="Confidence_With20Inliers_Returns0Point2" fullname="AreaTargetPlugin.Tests.VisualLocalizationTests.Confidence_With20Inliers_Returns0Point2" methodname="Confidence_With20Inliers_Returns0Point2" classname="AreaTargetPlugin.Tests.VisualLocalizationTests" runstate="Runnable" seed="1299987006" result="Passed" start-time="2026-03-19 09:24:10Z" end-time="2026-03-19 09:24:10Z" duration="0.000046" asserts="0">
              <properties>
                <property name="retryIteration" value="0" />
                <property name="repeatIteration" value="0" />
              </properties>
            </test-case>
            <test-case id="1313" name="Confidence_With50Inliers_Returns0Point5" fullname="AreaTargetPlugin.Tests.VisualLocalizationTests.Confidence_With50Inliers_Returns0Point5" methodname="Confidence_With50Inliers_Returns0Point5" classname="AreaTargetPlugin.Tests.VisualLocalizationTests" runstate="Runnable" seed="234087751" result="Passed" start-time="2026-03-19 09:24:10Z" end-time="2026-03-19 09:24:10Z" duration="0.000048" asserts="0">
              <properties>
                <property name="retryIteration" value="0" />
                <property name="repeatIteration" value="0" />
              </properties>
            </test-case>
            <test-case id="1319" name="ExtractTranslation_ReturnsCorrectValues" fullname="AreaTargetPlugin.Tests.VisualLocalizationTests.ExtractTranslation_ReturnsCorrectValues" methodname="ExtractTranslation_ReturnsCorrectValues" classname="AreaTargetPlugin.Tests.VisualLocalizationTests" runstate="Runnable" seed="424694357" result="Passed" start-time="2026-03-19 09:24:10Z" end-time="2026-03-19 09:24:10Z" duration="0.000092" asserts="0">
              <properties>
                <property name="retryIteration" value="0" />
                <property name="repeatIteration" value="0" />
              </properties>
            </test-case>
            <test-case id="1311" name="ProcessFrame_EmptyImage_ReturnsLost" fullname="AreaTargetPlugin.Tests.VisualLocalizationTests.ProcessFrame_EmptyImage_ReturnsLost" methodname="ProcessFrame_EmptyImage_ReturnsLost" classname="AreaTargetPlugin.Tests.VisualLocalizationTests" runstate="Runnable" seed="1490082225" result="Passed" start-time="2026-03-19 09:24:10Z" end-time="2026-03-19 09:24:10Z" duration="0.001263" asserts="0">
              <properties>
                <property name="retryIteration" value="0" />
                <property name="repeatIteration" value="0" />
              </properties>
            </test-case>
            <test-case id="1310" name="ProcessFrame_InsufficientFeatures_ReturnsLost" fullname="AreaTargetPlugin.Tests.VisualLocalizationTests.ProcessFrame_InsufficientFeatures_ReturnsLost" methodname="ProcessFrame_InsufficientFeatures_ReturnsLost" classname="AreaTargetPlugin.Tests.VisualLocalizationTests" runstate="Runnable" seed="1231719490" result="Passed" start-time="2026-03-19 09:24:10Z" end-time="2026-03-19 09:24:10Z" duration="0.000540" asserts="0">
              <properties>
                <property name="retryIteration" value="0" />
                <property name="repeatIteration" value="0" />
              </properties>
            </test-case>
            <test-case id="1309" name="SolvePnP_WithSyntheticCorrespondences_RecoversPoseAccurately" fullname="AreaTargetPlugin.Tests.VisualLocalizationTests.SolvePnP_WithSyntheticCorrespondences_RecoversPoseAccurately" methodname="SolvePnP_WithSyntheticCorrespondences_RecoversPoseAccurately" classname="AreaTargetPlugin.Tests.VisualLocalizationTests" runstate="Runnable" seed="1237186762" result="Passed" start-time="2026-03-19 09:24:10Z" end-time="2026-03-19 09:24:10Z" duration="0.000627" asserts="0">
              <properties>
                <property name="retryIteration" value="0" />
                <property name="repeatIteration" value="0" />
              </properties>
              <output><![CDATA[Saving results to: ./unity_test_results.xml
]]></output>
            </test-case>
          </test-suite>
        </test-suite>
      </test-suite>
    </test-suite>
  </test-suite>
</test-run>