<?xml version="1.0" encoding="utf-8"?>
<test-run id="2" testcasecount="8" result="Passed" total="8" passed="8" failed="0" inconclusive="0" skipped="0" asserts="0" engine-version="3.5.0.0" clr-version="4.0.30319.42000" start-time="2026-03-24 10:05:16Z" end-time="2026-03-24 10:05:16Z" duration="0.5001982">
  <test-suite type="TestSuite" id="1000" name="AreaTargetTest" fullname="AreaTargetTest" runstate="Runnable" testcasecount="895" result="Passed" start-time="2026-03-24 10:05:16Z" end-time="2026-03-24 10:05:16Z" duration="0.500198" total="8" passed="8" failed="0" inconclusive="0" skipped="0" asserts="0">
    <properties>
      <property name="platform" value="EditMode" />
    </properties>
    <test-suite type="Assembly" id="1936" name="AreaTargetPlugin.Tests.dll" fullname="/Users/geek/Project/point/unity_project/Library/ScriptAssemblies/AreaTargetPlugin.Tests.dll" runstate="Runnable" testcasecount="895" result="Passed" start-time="2026-03-24 10:05:16Z" end-time="2026-03-24 10:05:16Z" duration="0.489151" total="8" passed="8" failed="0" inconclusive="0" skipped="0" asserts="0">
      <properties>
        <property name="_PID" value="50888" />
        <property name="_APPDOMAIN" value="Unity Child Domain" />
        <property name="platform" value="EditMode" />
        <property name="EditorOnly" value="True" />
      </properties>
      <test-suite type="TestSuite" id="1937" name="AreaTargetPlugin" fullname="AreaTargetPlugin" runstate="Runnable" testcasecount="895" result="Passed" start-time="2026-03-24 10:05:16Z" end-time="2026-03-24 10:05:16Z" duration="0.481636" total="8" passed="8" failed="0" inconclusive="0" skipped="0" asserts="0">
        <properties />
        <test-suite type="TestSuite" id="1938" name="Tests" fullname="AreaTargetPlugin.Tests" runstate="Runnable" testcasecount="895" result="Passed" start-time="2026-03-24 10:05:16Z" end-time="2026-03-24 10:05:16Z" duration="0.474675" total="8" passed="8" failed="0" inconclusive="0" skipped="0" asserts="0">
          <properties />
          <test-suite type="TestFixture" id="1828" name="SLAMSequenceLocalizationTests" fullname="AreaTargetPlugin.Tests.SLAMSequenceLocalizationTests" classname="AreaTargetPlugin.Tests.SLAMSequenceLocalizationTests" runstate="Runnable" testcasecount="8" result="Passed" start-time="2026-03-24 10:05:16Z" end-time="2026-03-24 10:05:16Z" duration="0.468924" total="8" passed="8" failed="0" inconclusive="0" skipped="0" asserts="0">
            <properties />
            <output><![CDATA[
IgnoreFailingMessages:true
]]></output>
            <test-case id="1833" name="DataIntegrity_AllKeyframePosesAreValid" fullname="AreaTargetPlugin.Tests.SLAMSequenceLocalizationTests.DataIntegrity_AllKeyframePosesAreValid" methodname="DataIntegrity_AllKeyframePosesAreValid" classname="AreaTargetPlugin.Tests.SLAMSequenceLocalizationTests" runstate="Runnable" seed="254194387" result="Passed" start-time="2026-03-24 10:05:16Z" end-time="2026-03-24 10:05:16Z" duration="0.008342" asserts="0">
              <properties>
                <property name="retryIteration" value="0" />
                <property name="repeatIteration" value="0" />
              </properties>
              <output><![CDATA[
IgnoreFailingMessages:true
]]></output>
            </test-case>
            <test-case id="1831" name="DataIntegrity_AllKeyframesHaveFeatures" fullname="AreaTargetPlugin.Tests.SLAMSequenceLocalizationTests.DataIntegrity_AllKeyframesHaveFeatures" methodname="DataIntegrity_AllKeyframesHaveFeatures" classname="AreaTargetPlugin.Tests.SLAMSequenceLocalizationTests" runstate="Runnable" seed="1216542264" result="Passed" start-time="2026-03-24 10:05:16Z" end-time="2026-03-24 10:05:16Z" duration="0.001970" asserts="0">
              <properties>
                <property name="retryIteration" value="0" />
                <property name="repeatIteration" value="0" />
              </properties>
              <output><![CDATA[
IgnoreFailingMessages:true
]]></output>
            </test-case>
            <test-case id="1832" name="DataIntegrity_AllScanPosesAreValid" fullname="AreaTargetPlugin.Tests.SLAMSequenceLocalizationTests.DataIntegrity_AllScanPosesAreValid" methodname="DataIntegrity_AllScanPosesAreValid" classname="AreaTargetPlugin.Tests.SLAMSequenceLocalizationTests" runstate="Runnable" seed="864232552" result="Passed" start-time="2026-03-24 10:05:16Z" end-time="2026-03-24 10:05:16Z" duration="0.000895" asserts="0">
              <properties>
                <property name="retryIteration" value="0" />
                <property name="repeatIteration" value="0" />
              </properties>
              <output><![CDATA[
IgnoreFailingMessages:true
]]></output>
            </test-case>
            <test-case id="1830" name="DataIntegrity_FeatureDbLoaded" fullname="AreaTargetPlugin.Tests.SLAMSequenceLocalizationTests.DataIntegrity_FeatureDbLoaded" methodname="DataIntegrity_FeatureDbLoaded" classname="AreaTargetPlugin.Tests.SLAMSequenceLocalizationTests" runstate="Runnable" seed="1402725666" result="Passed" start-time="2026-03-24 10:05:16Z" end-time="2026-03-24 10:05:16Z" duration="0.000518" asserts="0">
              <properties>
                <property name="retryIteration" value="0" />
                <property name="repeatIteration" value="0" />
              </properties>
              <output><![CDATA[
IgnoreFailingMessages:true
[SLAMSequenceTest] features.db: 92 keyframes
]]></output>
            </test-case>
            <test-case id="1829" name="DataIntegrity_ScanDataLoaded" fullname="AreaTargetPlugin.Tests.SLAMSequenceLocalizationTests.DataIntegrity_ScanDataLoaded" methodname="DataIntegrity_ScanDataLoaded" classname="AreaTargetPlugin.Tests.SLAMSequenceLocalizationTests" runstate="Runnable" seed="664133352" result="Passed" start-time="2026-03-24 10:05:16Z" end-time="2026-03-24 10:05:16Z" duration="0.000387" asserts="0">
              <properties>
                <property name="retryIteration" value="0" />
                <property name="repeatIteration" value="0" />
              </properties>
              <output><![CDATA[
IgnoreFailingMessages:true
[SLAMSequenceTest] ScanData: 94 帧
]]></output>
            </test-case>
            <test-case id="1835" name="LocalizationChain_ScanToAR_IsNearIdentity" fullname="AreaTargetPlugin.Tests.SLAMSequenceLocalizationTests.LocalizationChain_ScanToAR_IsNearIdentity" methodname="LocalizationChain_ScanToAR_IsNearIdentity" classname="AreaTargetPlugin.Tests.SLAMSequenceLocalizationTests" runstate="Runnable" seed="776082837" result="Passed" start-time="2026-03-24 10:05:16Z" end-time="2026-03-24 10:05:16Z" duration="0.043549" asserts="0">
              <properties>
                <property name="retryIteration" value="0" />
                <property name="repeatIteration" value="0" />
              </properties>
              <output><![CDATA[
IgnoreFailingMessages:true
[SLAMSequenceTest] 定位链路验证:
  测试帧: 94/94
  成功: 90/94 (95.7 %)
  scanToAR 误差: mean=0.0065 max=0.0742
  平移误差: mean=0.0056m
  旋转误差: mean=0.09°
]]></output>
            </test-case>
            <test-case id="1836" name="ScanToWorld_TranslationIsReasonable" fullname="AreaTargetPlugin.Tests.SLAMSequenceLocalizationTests.ScanToWorld_TranslationIsReasonable" methodname="ScanToWorld_TranslationIsReasonable" classname="AreaTargetPlugin.Tests.SLAMSequenceLocalizationTests" runstate="Runnable" seed="1208823406" result="Passed" start-time="2026-03-24 10:05:16Z" end-time="2026-03-24 10:05:16Z" duration="0.040053" asserts="0">
              <properties>
                <property name="retryIteration" value="0" />
                <property name="repeatIteration" value="0" />
              </properties>
              <output><![CDATA[
IgnoreFailingMessages:true
]]></output>
            </test-case>
            <test-case id="1834" name="SpatialMatch_EachScanFrameHasNearbyKeyframe" fullname="AreaTargetPlugin.Tests.SLAMSequenceLocalizationTests.SpatialMatch_EachScanFrameHasNearbyKeyframe" methodname="SpatialMatch_EachScanFrameHasNearbyKeyframe" classname="AreaTargetPlugin.Tests.SLAMSequenceLocalizationTests" runstate="Runnable" seed="701424430" result="Passed" start-time="2026-03-24 10:05:16Z" end-time="2026-03-24 10:05:16Z" duration="0.003336" asserts="0">
              <properties>
                <property name="retryIteration" value="0" />
                <property name="repeatIteration" value="0" />
              </properties>
              <output><![CDATA[
IgnoreFailingMessages:true
[SLAMSequenceTest] 空间匹配: 94/94 (100.0 %), maxDist=0.0721m
Saving results to: /Users/geek/Library/Application Support/AreaTargetScanner/AreaTargetTest/TestResults.xml
]]></output>
            </test-case>
          </test-suite>
        </test-suite>
      </test-suite>
    </test-suite>
  </test-suite>
</test-run>